#
# There is insufficient memory for the Java Runtime Environment to continue.
# Native memory allocation (malloc) failed to allocate 2062576 bytes for Chunk::new
# Possible reasons:
#   The system is out of physical RAM or swap space
#   The process is running with CompressedOops enabled, and the Java Heap may be blocking the growth of the native heap
# Possible solutions:
#   Reduce memory load on the system
#   Increase physical memory or swap space
#   Check if swap backing store is full
#   Decrease Java heap size (-Xmx/-Xms)
#   Decrease number of Java threads
#   Decrease Java thread stack sizes (-Xss)
#   Set larger code cache with -XX:ReservedCodeCacheSize=
#   JVM is running with Unscaled Compressed Oops mode in which the Java heap is
#     placed in the first 4GB address space. The Java Heap base address is the
#     maximum limit for the native heap growth. Please use -XX:HeapBaseMinAddress
#     to set the Java Heap base and to place the Java Heap above 4GB virtual address.
# This output file may be truncated or incomplete.
#
#  Out of Memory Error (arena.cpp:189), pid=14176, tid=9344
#
# JRE version: OpenJDK Runtime Environment (17.0.6) (build 17.0.6+0-b2043.56-10027231)
# Java VM: OpenJDK 64-Bit Server VM (17.0.6+0-b2043.56-10027231, mixed mode, tiered, compressed oops, compressed class ptrs, g1 gc, windows-amd64)
# No core dump will be written. Minidumps are not enabled by default on client versions of Windows
#

---------------  S U M M A R Y ------------

Command Line: --add-opens=java.base/java.util=ALL-UNNAMED --add-opens=java.base/java.lang=ALL-UNNAMED --add-opens=java.base/java.lang.invoke=ALL-UNNAMED --add-opens=java.base/java.util=ALL-UNNAMED --add-opens=java.prefs/java.util.prefs=ALL-UNNAMED --add-opens=java.prefs/java.util.prefs=ALL-UNNAMED --add-opens=java.base/java.nio.charset=ALL-UNNAMED --add-opens=java.base/java.net=ALL-UNNAMED --add-opens=java.base/java.util.concurrent.atomic=ALL-UNNAMED -Xmx2048m -Dfile.encoding=UTF-8 -Duser.country=ID -Duser.language=en -Duser.variant org.gradle.launcher.daemon.bootstrap.GradleDaemon 7.2

Host: Intel(R) Core(TM) i5-10300H CPU @ 2.50GHz, 8 cores, 7G,  Windows 11 , 64 bit Build 22621 (10.0.22621.2070)
Time: Wed Aug 23 09:50:10 2023 SE Asia Standard Time elapsed time: 11.460199 seconds (0d 0h 0m 11s)

---------------  T H R E A D  ---------------

Current thread (0x000002361e448f10):  JavaThread "C2 CompilerThread0" daemon [_thread_in_native, id=9344, stack(0x000000477e300000,0x000000477e400000)]


Current CompileTask:
C2:  11460 8092       4       com.sun.beans.TypeResolver::resolve (37 bytes)

Stack: [0x000000477e300000,0x000000477e400000]
Native frames: (J=compiled Java code, j=interpreted, Vv=VM code, C=native code)
V  [jvm.dll+0x683c9a]
V  [jvm.dll+0x8427a4]
V  [jvm.dll+0x843f9e]
V  [jvm.dll+0x844603]
V  [jvm.dll+0x249b75]
V  [jvm.dll+0xabcac]
V  [jvm.dll+0xac27c]
V  [jvm.dll+0x368802]
V  [jvm.dll+0x332f31]
V  [jvm.dll+0x3323da]
V  [jvm.dll+0x21c201]
V  [jvm.dll+0x21b621]
V  [jvm.dll+0x1a4fdd]
V  [jvm.dll+0x22b098]
V  [jvm.dll+0x229159]
V  [jvm.dll+0x7f81ec]
V  [jvm.dll+0x7f274a]
V  [jvm.dll+0x682ad5]
C  [ucrtbase.dll+0x29363]
C  [KERNEL32.DLL+0x126ad]
C  [ntdll.dll+0x5aa68]


---------------  P R O C E S S  ---------------

Threads class SMR info:
_java_thread_list=0x00000236276a9800, length=135, elements={
0x0000023603adf000, 0x000002361e413020, 0x000002361e413bd0, 0x000002361d942610,
0x000002361d9431c0, 0x000002361d945c80, 0x000002361d946630, 0x000002361e448f10,
0x000002361e451820, 0x000002361e453750, 0x000002361e5c9260, 0x000002361e5c9d40,
0x00000236213c6ff0, 0x000002361f604490, 0x000002361f6057d0, 0x000002361f604e30,
0x000002361f602c80, 0x000002361f603620, 0x000002361f604960, 0x000002361f6022e0,
0x000002361f6027b0, 0x000002361f605300, 0x000002361f603af0, 0x000002361f603fc0,
0x00000236210fae30, 0x00000236210fa490, 0x00000236210fe7f0, 0x00000236210fb7d0,
0x00000236210fbca0, 0x00000236210fd4b0, 0x00000236210ff190, 0x00000236211009a0,
0x00000236210fcb10, 0x00000236210f9150, 0x00000236210fc170, 0x00000236210f9af0,
0x00000236210fe320, 0x0000023621100000, 0x00000236210fb300, 0x00000236210ff660,
0x00000236210fc640, 0x00000236210fd980, 0x00000236210fecc0, 0x00000236210ffb30,
0x00000236210fcfe0, 0x0000023620ee8960, 0x0000023620ee4600, 0x0000023620ee7af0,
0x0000023620ee7fc0, 0x0000023620ee3790, 0x0000023620ee67b0, 0x0000023620ee1f80,
0x0000023620ee6c80, 0x0000023620ee2df0, 0x0000023620ee2920, 0x0000023620ee4130,
0x0000023620ee8490, 0x0000023620ee2450, 0x0000023620ee4ad0, 0x0000023620ee32c0,
0x0000023620ee3c60, 0x0000023620ee4fa0, 0x0000023620ee5470, 0x0000023620ee5940,
0x0000023620ee5e10, 0x0000023620ee62e0, 0x0000023620ee7150, 0x0000023620ee7620,
0x0000023620ee8e30, 0x0000023620ee15e0, 0x0000023620ee1ab0, 0x00000236213e6960,
0x00000236213e1c60, 0x00000236213e8fe0, 0x00000236213e2fa0, 0x00000236213e2130,
0x00000236213e2600, 0x00000236213e3470, 0x00000236213e2ad0, 0x00000236213e3940,
0x00000236213e6490, 0x00000236213e5af0, 0x00000236213e3e10, 0x00000236213e5fc0,
0x00000236213e5620, 0x00000236213e77d0, 0x00000236213e42e0, 0x00000236213e47b0,
0x00000236213e5150, 0x00000236213e8b10, 0x00000236213e4c80, 0x00000236213e6e30,
0x00000236213e8640, 0x00000236213e7300, 0x00000236213e7ca0, 0x00000236213e8170,
0x00000236213e1790, 0x00000236214b10c0, 0x00000236214b0bf0, 0x00000236214afd80,
0x00000236214b1590, 0x00000236214b3c10, 0x00000236214b1a60, 0x00000236214b6c30,
0x00000236214b28d0, 0x00000236214b1f30, 0x00000236214b0250, 0x00000236214b0720,
0x00000236214b7100, 0x00000236214b2400, 0x00000236214b2da0, 0x00000236214b3270,
0x00000236214b3740, 0x00000236214b40e0, 0x00000236214b5dc0, 0x00000236214b6290,
0x00000236214af8b0, 0x00000236214b45b0, 0x00000236214b4a80, 0x00000236214b4f50,
0x00000236214b6760, 0x000002362099ac10, 0x0000023620997bf0, 0x000002362340fe10,
0x000002362099b0e0, 0x000002362340daa0, 0x0000023620998590, 0x0000023620998a60,
0x0000023620998f30, 0x000002362099a270, 0x00000236209998d0, 0x000002362099a740,
0x000002361f603150, 0x000002361f601e10, 0x0000023627b55aa0
}

Java Threads: ( => current thread )
  0x0000023603adf000 JavaThread "main" [_thread_blocked, id=16268, stack(0x000000477d600000,0x000000477d700000)]
  0x000002361e413020 JavaThread "Reference Handler" daemon [_thread_blocked, id=9920, stack(0x000000477dd00000,0x000000477de00000)]
  0x000002361e413bd0 JavaThread "Finalizer" daemon [_thread_blocked, id=9620, stack(0x000000477de00000,0x000000477df00000)]
  0x000002361d942610 JavaThread "Signal Dispatcher" daemon [_thread_blocked, id=3276, stack(0x000000477df00000,0x000000477e000000)]
  0x000002361d9431c0 JavaThread "Attach Listener" daemon [_thread_blocked, id=13456, stack(0x000000477e000000,0x000000477e100000)]
  0x000002361d945c80 JavaThread "Service Thread" daemon [_thread_blocked, id=14928, stack(0x000000477e100000,0x000000477e200000)]
  0x000002361d946630 JavaThread "Monitor Deflation Thread" daemon [_thread_blocked, id=9108, stack(0x000000477e200000,0x000000477e300000)]
=>0x000002361e448f10 JavaThread "C2 CompilerThread0" daemon [_thread_in_native, id=9344, stack(0x000000477e300000,0x000000477e400000)]
  0x000002361e451820 JavaThread "C1 CompilerThread0" daemon [_thread_blocked, id=14464, stack(0x000000477e400000,0x000000477e500000)]
  0x000002361e453750 JavaThread "Sweeper thread" daemon [_thread_blocked, id=6800, stack(0x000000477e500000,0x000000477e600000)]
  0x000002361e5c9260 JavaThread "Common-Cleaner" daemon [_thread_blocked, id=10180, stack(0x000000477e600000,0x000000477e700000)]
  0x000002361e5c9d40 JavaThread "Notification Thread" daemon [_thread_blocked, id=7808, stack(0x000000477e700000,0x000000477e800000)]
  0x00000236213c6ff0 JavaThread "Daemon health stats" [_thread_blocked, id=5744, stack(0x000000477ef00000,0x000000477f000000)]
  0x000002361f604490 JavaThread "Incoming local TCP Connector on port 52351" [_thread_in_native, id=21324, stack(0x000000477ea00000,0x000000477eb00000)]
  0x000002361f6057d0 JavaThread "Daemon periodic checks" [_thread_blocked, id=21396, stack(0x000000477e900000,0x000000477ea00000)]
  0x000002361f604e30 JavaThread "Daemon" [_thread_blocked, id=18480, stack(0x000000477f000000,0x000000477f100000)]
  0x000002361f602c80 JavaThread "Handler for socket connection from /127.0.0.1:52351 to /127.0.0.1:52352" [_thread_in_native, id=13200, stack(0x000000477f100000,0x000000477f200000)]
  0x000002361f603620 JavaThread "Cancel handler" [_thread_blocked, id=6568, stack(0x000000477f200000,0x000000477f300000)]
  0x000002361f604960 JavaThread "Daemon worker" [_thread_blocked, id=18628, stack(0x000000477f300000,0x000000477f400000)]
  0x000002361f6022e0 JavaThread "Asynchronous log dispatcher for DefaultDaemonConnection: socket connection from /127.0.0.1:52351 to /127.0.0.1:52352" [_thread_blocked, id=21172, stack(0x000000477f400000,0x000000477f500000)]
  0x000002361f6027b0 JavaThread "Stdin handler" [_thread_blocked, id=164, stack(0x000000477f500000,0x000000477f600000)]
  0x000002361f605300 JavaThread "Daemon client event forwarder" [_thread_blocked, id=6056, stack(0x000000477f600000,0x000000477f700000)]
  0x000002361f603af0 JavaThread "Cache worker for journal cache (F:\AndroidStudio\ToDoListAndroidMVP-master\ToDoListAndroidMVP-master\app\caches\journal-1)" [_thread_blocked, id=12172, stack(0x000000477f700000,0x000000477f800000)]
  0x000002361f603fc0 JavaThread "File lock request listener" [_thread_in_native, id=17240, stack(0x000000477fc00000,0x000000477fd00000)]
  0x00000236210fae30 JavaThread "Cache worker for file hash cache (F:\AndroidStudio\ToDoListAndroidMVP-master\ToDoListAndroidMVP-master\app\caches\7.2\fileHashes)" [_thread_blocked, id=16040, stack(0x000000477fd00000,0x000000477fe00000)]
  0x00000236210fa490 JavaThread "Cache worker for file hash cache (F:\AndroidStudio\MyList\.gradle\7.2\fileHashes)" [_thread_blocked, id=17544, stack(0x000000477ff00000,0x0000004780000000)]
  0x00000236210fe7f0 JavaThread "File watcher server" daemon [_thread_in_native, id=18200, stack(0x0000004700000000,0x0000004700100000)]
  0x00000236210fb7d0 JavaThread "File watcher consumer" daemon [_thread_blocked, id=10768, stack(0x0000004700100000,0x0000004700200000)]
  0x00000236210fbca0 JavaThread "Cache worker for checksums cache (F:\AndroidStudio\MyList\.gradle\checksums)" [_thread_blocked, id=2892, stack(0x0000004700200000,0x0000004700300000)]
  0x00000236210fd4b0 JavaThread "Cache worker for cache directory md-supplier (F:\AndroidStudio\ToDoListAndroidMVP-master\ToDoListAndroidMVP-master\app\caches\7.2\md-supplier)" [_thread_blocked, id=5200, stack(0x0000004700300000,0x0000004700400000)]
  0x00000236210ff190 JavaThread "Cache worker for cache directory md-rule (F:\AndroidStudio\ToDoListAndroidMVP-master\ToDoListAndroidMVP-master\app\caches\7.2\md-rule)" [_thread_blocked, id=9664, stack(0x0000004700400000,0x0000004700500000)]
  0x00000236211009a0 JavaThread "Cache worker for execution history cache (F:\AndroidStudio\ToDoListAndroidMVP-master\ToDoListAndroidMVP-master\app\caches\7.2\executionHistory)" [_thread_blocked, id=4940, stack(0x0000004700500000,0x0000004700600000)]
  0x00000236210fcb10 JavaThread "jar transforms" [_thread_blocked, id=21216, stack(0x0000004700600000,0x0000004700700000)]
  0x00000236210f9150 JavaThread "jar transforms Thread 2" [_thread_blocked, id=3104, stack(0x0000004700700000,0x0000004700800000)]
  0x00000236210fc170 JavaThread "Cache worker for file content cache (F:\AndroidStudio\ToDoListAndroidMVP-master\ToDoListAndroidMVP-master\app\caches\7.2\fileContent)" [_thread_blocked, id=6104, stack(0x0000004700800000,0x0000004700900000)]
  0x00000236210f9af0 JavaThread "jar transforms Thread 3" [_thread_blocked, id=11488, stack(0x0000004700900000,0x0000004700a00000)]
  0x00000236210fe320 JavaThread "jar transforms Thread 4" [_thread_blocked, id=8056, stack(0x0000004700a00000,0x0000004700b00000)]
  0x0000023621100000 JavaThread "Cache worker for dependencies-accessors (F:\AndroidStudio\MyList\.gradle\7.2\dependencies-accessors)" [_thread_blocked, id=8524, stack(0x0000004700b00000,0x0000004700c00000)]
  0x00000236210fb300 JavaThread "jar transforms Thread 5" [_thread_blocked, id=2780, stack(0x0000004700c00000,0x0000004700d00000)]
  0x00000236210ff660 JavaThread "Cache worker for Build Output Cleanup Cache (F:\AndroidStudio\MyList\.gradle\buildOutputCleanup)" [_thread_blocked, id=2200, stack(0x0000004700d00000,0x0000004700e00000)]
  0x00000236210fc640 JavaThread "Unconstrained build operations" [_thread_blocked, id=6416, stack(0x0000004700e00000,0x0000004700f00000)]
  0x00000236210fd980 JavaThread "Unconstrained build operations Thread 2" [_thread_blocked, id=17564, stack(0x0000004700f00000,0x0000004701000000)]
  0x00000236210fecc0 JavaThread "Unconstrained build operations Thread 3" [_thread_blocked, id=13444, stack(0x0000004701000000,0x0000004701100000)]
  0x00000236210ffb30 JavaThread "Unconstrained build operations Thread 4" [_thread_blocked, id=9372, stack(0x0000004701100000,0x0000004701200000)]
  0x00000236210fcfe0 JavaThread "Unconstrained build operations Thread 5" [_thread_blocked, id=20244, stack(0x0000004701200000,0x0000004701300000)]
  0x0000023620ee8960 JavaThread "Unconstrained build operations Thread 6" [_thread_blocked, id=19172, stack(0x0000004701300000,0x0000004701400000)]
  0x0000023620ee4600 JavaThread "Unconstrained build operations Thread 7" [_thread_blocked, id=712, stack(0x0000004701400000,0x0000004701500000)]
  0x0000023620ee7af0 JavaThread "Unconstrained build operations Thread 8" [_thread_blocked, id=2452, stack(0x0000004701500000,0x0000004701600000)]
  0x0000023620ee7fc0 JavaThread "Unconstrained build operations Thread 9" [_thread_blocked, id=8964, stack(0x0000004701600000,0x0000004701700000)]
  0x0000023620ee3790 JavaThread "Unconstrained build operations Thread 10" [_thread_blocked, id=17312, stack(0x0000004701700000,0x0000004701800000)]
  0x0000023620ee67b0 JavaThread "Unconstrained build operations Thread 11" [_thread_blocked, id=19408, stack(0x0000004701800000,0x0000004701900000)]
  0x0000023620ee1f80 JavaThread "Unconstrained build operations Thread 12" [_thread_blocked, id=732, stack(0x0000004701900000,0x0000004701a00000)]
  0x0000023620ee6c80 JavaThread "Unconstrained build operations Thread 13" [_thread_blocked, id=16964, stack(0x0000004701a00000,0x0000004701b00000)]
  0x0000023620ee2df0 JavaThread "Unconstrained build operations Thread 14" [_thread_blocked, id=7268, stack(0x0000004701b00000,0x0000004701c00000)]
  0x0000023620ee2920 JavaThread "Unconstrained build operations Thread 15" [_thread_blocked, id=17744, stack(0x0000004701c00000,0x0000004701d00000)]
  0x0000023620ee4130 JavaThread "Unconstrained build operations Thread 16" [_thread_blocked, id=10812, stack(0x0000004701d00000,0x0000004701e00000)]
  0x0000023620ee8490 JavaThread "Unconstrained build operations Thread 17" [_thread_blocked, id=21064, stack(0x0000004701e00000,0x0000004701f00000)]
  0x0000023620ee2450 JavaThread "Unconstrained build operations Thread 18" [_thread_blocked, id=17548, stack(0x0000004701f00000,0x0000004702000000)]
  0x0000023620ee4ad0 JavaThread "Unconstrained build operations Thread 19" [_thread_blocked, id=16748, stack(0x0000004702000000,0x0000004702100000)]
  0x0000023620ee32c0 JavaThread "Unconstrained build operations Thread 20" [_thread_blocked, id=11140, stack(0x0000004702100000,0x0000004702200000)]
  0x0000023620ee3c60 JavaThread "Unconstrained build operations Thread 21" [_thread_blocked, id=8692, stack(0x0000004702200000,0x0000004702300000)]
  0x0000023620ee4fa0 JavaThread "Unconstrained build operations Thread 22" [_thread_blocked, id=13332, stack(0x0000004702300000,0x0000004702400000)]
  0x0000023620ee5470 JavaThread "Unconstrained build operations Thread 23" [_thread_blocked, id=5892, stack(0x0000004702400000,0x0000004702500000)]
  0x0000023620ee5940 JavaThread "Unconstrained build operations Thread 24" [_thread_blocked, id=15028, stack(0x0000004702500000,0x0000004702600000)]
  0x0000023620ee5e10 JavaThread "Unconstrained build operations Thread 25" [_thread_blocked, id=9336, stack(0x0000004702600000,0x0000004702700000)]
  0x0000023620ee62e0 JavaThread "Unconstrained build operations Thread 26" [_thread_blocked, id=10872, stack(0x0000004702700000,0x0000004702800000)]
  0x0000023620ee7150 JavaThread "Unconstrained build operations Thread 27" [_thread_blocked, id=10960, stack(0x0000004702800000,0x0000004702900000)]
  0x0000023620ee7620 JavaThread "Unconstrained build operations Thread 28" [_thread_blocked, id=19820, stack(0x0000004702900000,0x0000004702a00000)]
  0x0000023620ee8e30 JavaThread "Unconstrained build operations Thread 29" [_thread_blocked, id=8260, stack(0x0000004702a00000,0x0000004702b00000)]
  0x0000023620ee15e0 JavaThread "Unconstrained build operations Thread 30" [_thread_blocked, id=18588, stack(0x0000004702b00000,0x0000004702c00000)]
  0x0000023620ee1ab0 JavaThread "Unconstrained build operations Thread 31" [_thread_blocked, id=17372, stack(0x0000004702c00000,0x0000004702d00000)]
  0x00000236213e6960 JavaThread "Unconstrained build operations Thread 32" [_thread_blocked, id=12740, stack(0x0000004702d00000,0x0000004702e00000)]
  0x00000236213e1c60 JavaThread "Unconstrained build operations Thread 33" [_thread_blocked, id=18624, stack(0x0000004702e00000,0x0000004702f00000)]
  0x00000236213e8fe0 JavaThread "Unconstrained build operations Thread 34" [_thread_blocked, id=18488, stack(0x0000004702f00000,0x0000004703000000)]
  0x00000236213e2fa0 JavaThread "Unconstrained build operations Thread 35" [_thread_blocked, id=10848, stack(0x0000004703000000,0x0000004703100000)]
  0x00000236213e2130 JavaThread "Unconstrained build operations Thread 36" [_thread_blocked, id=6440, stack(0x0000004703100000,0x0000004703200000)]
  0x00000236213e2600 JavaThread "Unconstrained build operations Thread 37" [_thread_blocked, id=16452, stack(0x0000004703200000,0x0000004703300000)]
  0x00000236213e3470 JavaThread "Unconstrained build operations Thread 38" [_thread_blocked, id=5604, stack(0x0000004703300000,0x0000004703400000)]
  0x00000236213e2ad0 JavaThread "Unconstrained build operations Thread 39" [_thread_blocked, id=7996, stack(0x0000004703400000,0x0000004703500000)]
  0x00000236213e3940 JavaThread "Unconstrained build operations Thread 40" [_thread_blocked, id=19420, stack(0x0000004703500000,0x0000004703600000)]
  0x00000236213e6490 JavaThread "Unconstrained build operations Thread 41" [_thread_blocked, id=17388, stack(0x0000004703600000,0x0000004703700000)]
  0x00000236213e5af0 JavaThread "Unconstrained build operations Thread 42" [_thread_blocked, id=4648, stack(0x0000004703700000,0x0000004703800000)]
  0x00000236213e3e10 JavaThread "Unconstrained build operations Thread 43" [_thread_blocked, id=12124, stack(0x0000004703800000,0x0000004703900000)]
  0x00000236213e5fc0 JavaThread "Unconstrained build operations Thread 44" [_thread_blocked, id=5144, stack(0x0000004703900000,0x0000004703a00000)]
  0x00000236213e5620 JavaThread "Unconstrained build operations Thread 45" [_thread_blocked, id=7072, stack(0x0000004703a00000,0x0000004703b00000)]
  0x00000236213e77d0 JavaThread "Unconstrained build operations Thread 46" [_thread_blocked, id=17132, stack(0x0000004703b00000,0x0000004703c00000)]
  0x00000236213e42e0 JavaThread "Unconstrained build operations Thread 47" [_thread_blocked, id=19296, stack(0x0000004703c00000,0x0000004703d00000)]
  0x00000236213e47b0 JavaThread "Unconstrained build operations Thread 48" [_thread_blocked, id=4472, stack(0x0000004703d00000,0x0000004703e00000)]
  0x00000236213e5150 JavaThread "Unconstrained build operations Thread 49" [_thread_blocked, id=10840, stack(0x0000004703e00000,0x0000004703f00000)]
  0x00000236213e8b10 JavaThread "Unconstrained build operations Thread 50" [_thread_blocked, id=3872, stack(0x0000004703f00000,0x0000004704000000)]
  0x00000236213e4c80 JavaThread "Unconstrained build operations Thread 51" [_thread_blocked, id=19440, stack(0x0000004704000000,0x0000004704100000)]
  0x00000236213e6e30 JavaThread "Unconstrained build operations Thread 52" [_thread_blocked, id=1824, stack(0x0000004704100000,0x0000004704200000)]
  0x00000236213e8640 JavaThread "Unconstrained build operations Thread 53" [_thread_blocked, id=16416, stack(0x0000004704200000,0x0000004704300000)]
  0x00000236213e7300 JavaThread "Unconstrained build operations Thread 54" [_thread_blocked, id=10308, stack(0x0000004704300000,0x0000004704400000)]
  0x00000236213e7ca0 JavaThread "Unconstrained build operations Thread 55" [_thread_blocked, id=18952, stack(0x0000004704400000,0x0000004704500000)]
  0x00000236213e8170 JavaThread "Unconstrained build operations Thread 56" [_thread_blocked, id=432, stack(0x0000004704500000,0x0000004704600000)]
  0x00000236213e1790 JavaThread "Unconstrained build operations Thread 57" [_thread_blocked, id=3096, stack(0x0000004704600000,0x0000004704700000)]
  0x00000236214b10c0 JavaThread "Unconstrained build operations Thread 58" [_thread_blocked, id=2396, stack(0x0000004704700000,0x0000004704800000)]
  0x00000236214b0bf0 JavaThread "Unconstrained build operations Thread 59" [_thread_blocked, id=4052, stack(0x0000004704800000,0x0000004704900000)]
  0x00000236214afd80 JavaThread "Unconstrained build operations Thread 60" [_thread_blocked, id=11328, stack(0x0000004704900000,0x0000004704a00000)]
  0x00000236214b1590 JavaThread "Unconstrained build operations Thread 61" [_thread_blocked, id=2312, stack(0x0000004704a00000,0x0000004704b00000)]
  0x00000236214b3c10 JavaThread "Unconstrained build operations Thread 62" [_thread_blocked, id=21208, stack(0x0000004704b00000,0x0000004704c00000)]
  0x00000236214b1a60 JavaThread "Unconstrained build operations Thread 63" [_thread_blocked, id=5524, stack(0x0000004704c00000,0x0000004704d00000)]
  0x00000236214b6c30 JavaThread "Unconstrained build operations Thread 64" [_thread_blocked, id=16804, stack(0x0000004704d00000,0x0000004704e00000)]
  0x00000236214b28d0 JavaThread "Unconstrained build operations Thread 65" [_thread_blocked, id=18216, stack(0x0000004704e00000,0x0000004704f00000)]
  0x00000236214b1f30 JavaThread "Unconstrained build operations Thread 66" [_thread_blocked, id=572, stack(0x0000004704f00000,0x0000004705000000)]
  0x00000236214b0250 JavaThread "Unconstrained build operations Thread 67" [_thread_blocked, id=2504, stack(0x0000004705000000,0x0000004705100000)]
  0x00000236214b0720 JavaThread "Unconstrained build operations Thread 68" [_thread_blocked, id=8216, stack(0x0000004705100000,0x0000004705200000)]
  0x00000236214b7100 JavaThread "Unconstrained build operations Thread 69" [_thread_blocked, id=3504, stack(0x0000004705200000,0x0000004705300000)]
  0x00000236214b2400 JavaThread "Unconstrained build operations Thread 70" [_thread_blocked, id=18504, stack(0x0000004705300000,0x0000004705400000)]
  0x00000236214b2da0 JavaThread "Unconstrained build operations Thread 71" [_thread_blocked, id=2640, stack(0x0000004705400000,0x0000004705500000)]
  0x00000236214b3270 JavaThread "Unconstrained build operations Thread 72" [_thread_blocked, id=18452, stack(0x0000004705500000,0x0000004705600000)]
  0x00000236214b3740 JavaThread "Unconstrained build operations Thread 73" [_thread_blocked, id=9632, stack(0x0000004705600000,0x0000004705700000)]
  0x00000236214b40e0 JavaThread "Unconstrained build operations Thread 74" [_thread_blocked, id=17384, stack(0x0000004705700000,0x0000004705800000)]
  0x00000236214b5dc0 JavaThread "Unconstrained build operations Thread 75" [_thread_blocked, id=14952, stack(0x0000004705800000,0x0000004705900000)]
  0x00000236214b6290 JavaThread "Unconstrained build operations Thread 76" [_thread_blocked, id=14228, stack(0x0000004705900000,0x0000004705a00000)]
  0x00000236214af8b0 JavaThread "Unconstrained build operations Thread 77" [_thread_blocked, id=3840, stack(0x0000004705a00000,0x0000004705b00000)]
  0x00000236214b45b0 JavaThread "Unconstrained build operations Thread 78" [_thread_blocked, id=11396, stack(0x0000004705b00000,0x0000004705c00000)]
  0x00000236214b4a80 JavaThread "Unconstrained build operations Thread 79" [_thread_blocked, id=6116, stack(0x0000004705c00000,0x0000004705d00000)]
  0x00000236214b4f50 JavaThread "Unconstrained build operations Thread 80" [_thread_blocked, id=9292, stack(0x0000004705d00000,0x0000004705e00000)]
  0x00000236214b6760 JavaThread "jar transforms Thread 6" [_thread_blocked, id=8564, stack(0x0000004705e00000,0x0000004705f00000)]
  0x000002362099ac10 JavaThread "jar transforms Thread 7" [_thread_blocked, id=7272, stack(0x0000004705f00000,0x0000004706000000)]
  0x0000023620997bf0 JavaThread "jar transforms Thread 8" [_thread_blocked, id=4012, stack(0x0000004706000000,0x0000004706100000)]
  0x000002362340fe10 JavaThread "C2 CompilerThread1" daemon [_thread_in_native, id=20864, stack(0x0000004706100000,0x0000004706200000)]
  0x000002362099b0e0 JavaThread "Memory manager" [_thread_blocked, id=4512, stack(0x0000004706200000,0x0000004706300000)]
  0x000002362340daa0 JavaThread "C2 CompilerThread2" daemon [_thread_in_native, id=8952, stack(0x0000004706300000,0x0000004706400000)]
  0x0000023620998590 JavaThread "build event listener" [_thread_blocked, id=2000, stack(0x0000004706400000,0x0000004706500000)]
  0x0000023620998a60 JavaThread "Execution worker for ':'" [_thread_blocked, id=21112, stack(0x0000004706500000,0x0000004706600000)]
  0x0000023620998f30 JavaThread "Execution worker for ':' Thread 2" [_thread_blocked, id=18072, stack(0x0000004706600000,0x0000004706700000)]
  0x000002362099a270 JavaThread "Execution worker for ':' Thread 3" [_thread_blocked, id=14532, stack(0x0000004706700000,0x0000004706800000)]
  0x00000236209998d0 JavaThread "Execution worker for ':' Thread 4" [_thread_in_native, id=3468, stack(0x0000004706800000,0x0000004706900000)]
  0x000002362099a740 JavaThread "Execution worker for ':' Thread 5" [_thread_blocked, id=8100, stack(0x0000004706900000,0x0000004706a00000)]
  0x000002361f603150 JavaThread "Execution worker for ':' Thread 6" [_thread_blocked, id=7760, stack(0x0000004706a00000,0x0000004706b00000)]
  0x000002361f601e10 JavaThread "Execution worker for ':' Thread 7" [_thread_blocked, id=17436, stack(0x0000004706b00000,0x0000004706c00000)]
  0x0000023627b55aa0 JavaThread "Cache worker for execution history cache (F:\AndroidStudio\MyList\.gradle\7.2\executionHistory)" [_thread_blocked, id=8600, stack(0x0000004706c00000,0x0000004706d00000)]

Other Threads:
  0x000002361d932050 VMThread "VM Thread" [stack: 0x000000477dc00000,0x000000477dd00000] [id=10728]
  0x000002361e5caa30 WatcherThread [stack: 0x000000477e800000,0x000000477e900000] [id=1248]
  0x0000023603b39730 GCTaskThread "GC Thread#0" [stack: 0x000000477d700000,0x000000477d800000] [id=14600]
  0x000002361f2f16b0 GCTaskThread "GC Thread#1" [stack: 0x000000477eb00000,0x000000477ec00000] [id=18020]
  0x000002361eabffc0 GCTaskThread "GC Thread#2" [stack: 0x000000477ec00000,0x000000477ed00000] [id=6040]
  0x000002361f784650 GCTaskThread "GC Thread#3" [stack: 0x000000477ed00000,0x000000477ee00000] [id=13388]
  0x000002361f6441a0 GCTaskThread "GC Thread#4" [stack: 0x000000477ee00000,0x000000477ef00000] [id=15036]
  0x000002361f21b830 GCTaskThread "GC Thread#5" [stack: 0x000000477f800000,0x000000477f900000] [id=9212]
  0x00000236211ac8b0 GCTaskThread "GC Thread#6" [stack: 0x000000477f900000,0x000000477fa00000] [id=2872]
  0x00000236211acb60 GCTaskThread "GC Thread#7" [stack: 0x000000477fa00000,0x000000477fb00000] [id=2232]
  0x0000023603b4a510 ConcurrentGCThread "G1 Main Marker" [stack: 0x000000477d800000,0x000000477d900000] [id=10108]
  0x0000023603b4b560 ConcurrentGCThread "G1 Conc#0" [stack: 0x000000477d900000,0x000000477da00000] [id=8088]
  0x0000023621355c60 ConcurrentGCThread "G1 Conc#1" [stack: 0x000000477fb00000,0x000000477fc00000] [id=2984]
  0x0000023603b9e7b0 ConcurrentGCThread "G1 Refine#0" [stack: 0x000000477da00000,0x000000477db00000] [id=16068]
  0x000002361d7881f0 ConcurrentGCThread "G1 Service" [stack: 0x000000477db00000,0x000000477dc00000] [id=16696]

Threads with active compile tasks:
C2 CompilerThread0    11492 8092       4       com.sun.beans.TypeResolver::resolve (37 bytes)
C1 CompilerThread0    11492 8256       3       org.gradle.api.internal.artifacts.ivyservice.resolutionstrategy.DefaultCachePolicy::mustRefreshModule (93 bytes)
C2 CompilerThread2    11492 8251       4       java.io.WinNTFileSystem::normalize (143 bytes)

VM state: not at safepoint (normal execution)

VM Mutex/Monitor currently owned by a thread: None

Heap address: 0x0000000080000000, size: 2048 MB, Compressed Oops mode: 32-bit

CDS archive(s) not mapped
Compressed class space mapped at: 0x0000000100000000-0x0000000140000000, reserved size: 1073741824
Narrow klass base: 0x0000000000000000, Narrow klass shift: 3, Narrow klass range: 0x140000000

GC Precious Log:
 CPUs: 8 total, 8 available
 Memory: 8060M
 Large Page Support: Disabled
 NUMA Support: Disabled
 Compressed Oops: Enabled (32-bit)
 Heap Region Size: 1M
 Heap Min Capacity: 8M
 Heap Initial Capacity: 126M
 Heap Max Capacity: 2G
 Pre-touch: Disabled
 Parallel Workers: 8
 Concurrent Workers: 2
 Concurrent Refinement Workers: 8
 Periodic GC: Disabled

Heap:
 garbage-first heap   total 128000K, used 83451K [0x0000000080000000, 0x0000000100000000)
  region size 1024K, 21 young (21504K), 6 survivors (6144K)
 Metaspace       used 80563K, committed 81152K, reserved 1122304K
  class space    used 10948K, committed 11200K, reserved 1048576K

Heap Regions: E=young(eden), S=young(survivor), O=old, HS=humongous(starts), HC=humongous(continues), CS=collection set, F=free, OA=open archive, CA=closed archive, TAMS=top-at-mark-start (previous, next)
|   0|0x0000000080000000, 0x0000000080100000, 0x0000000080100000|100%| O|  |TAMS 0x0000000080100000, 0x0000000080000000| Untracked 
|   1|0x0000000080100000, 0x0000000080200000, 0x0000000080200000|100%| O|  |TAMS 0x0000000080200000, 0x0000000080100000| Untracked 
|   2|0x0000000080200000, 0x00000000802fd000, 0x0000000080300000| 98%| O|  |TAMS 0x00000000802fd000, 0x0000000080200000| Untracked 
|   3|0x0000000080300000, 0x0000000080400000, 0x0000000080400000|100%|HS|  |TAMS 0x0000000080400000, 0x0000000080300000| Complete 
|   4|0x0000000080400000, 0x0000000080500000, 0x0000000080500000|100%|HC|  |TAMS 0x0000000080500000, 0x0000000080400000| Complete 
|   5|0x0000000080500000, 0x0000000080600000, 0x0000000080600000|100%|HC|  |TAMS 0x0000000080600000, 0x0000000080500000| Complete 
|   6|0x0000000080600000, 0x0000000080700000, 0x0000000080700000|100%| O|  |TAMS 0x0000000080700000, 0x0000000080600000| Untracked 
|   7|0x0000000080700000, 0x0000000080800000, 0x0000000080800000|100%| O|  |TAMS 0x0000000080800000, 0x0000000080700000| Untracked 
|   8|0x0000000080800000, 0x0000000080900000, 0x0000000080900000|100%| O|  |TAMS 0x0000000080900000, 0x0000000080800000| Untracked 
|   9|0x0000000080900000, 0x0000000080a00000, 0x0000000080a00000|100%| O|  |TAMS 0x0000000080a00000, 0x0000000080900000| Untracked 
|  10|0x0000000080a00000, 0x0000000080b00000, 0x0000000080b00000|100%| O|  |TAMS 0x0000000080b00000, 0x0000000080a00000| Untracked 
|  11|0x0000000080b00000, 0x0000000080c00000, 0x0000000080c00000|100%| O|  |TAMS 0x0000000080c00000, 0x0000000080b00000| Untracked 
|  12|0x0000000080c00000, 0x0000000080d00000, 0x0000000080d00000|100%| O|  |TAMS 0x0000000080d00000, 0x0000000080c00000| Untracked 
|  13|0x0000000080d00000, 0x0000000080e00000, 0x0000000080e00000|100%| O|  |TAMS 0x0000000080e00000, 0x0000000080d00000| Untracked 
|  14|0x0000000080e00000, 0x0000000080f00000, 0x0000000080f00000|100%| O|  |TAMS 0x0000000080f00000, 0x0000000080e00000| Untracked 
|  15|0x0000000080f00000, 0x0000000081000000, 0x0000000081000000|100%| O|  |TAMS 0x0000000081000000, 0x0000000080f00000| Untracked 
|  16|0x0000000081000000, 0x0000000081100000, 0x0000000081100000|100%| O|  |TAMS 0x0000000081100000, 0x0000000081000000| Untracked 
|  17|0x0000000081100000, 0x0000000081200000, 0x0000000081200000|100%| O|  |TAMS 0x0000000081200000, 0x0000000081100000| Untracked 
|  18|0x0000000081200000, 0x0000000081300000, 0x0000000081300000|100%|HS|  |TAMS 0x0000000081300000, 0x0000000081200000| Complete 
|  19|0x0000000081300000, 0x0000000081400000, 0x0000000081400000|100%| O|  |TAMS 0x0000000081400000, 0x0000000081300000| Untracked 
|  20|0x0000000081400000, 0x0000000081500000, 0x0000000081500000|100%| O|  |TAMS 0x0000000081500000, 0x0000000081400000| Untracked 
|  21|0x0000000081500000, 0x0000000081600000, 0x0000000081600000|100%| O|  |TAMS 0x0000000081600000, 0x0000000081500000| Untracked 
|  22|0x0000000081600000, 0x0000000081700000, 0x0000000081700000|100%| O|  |TAMS 0x0000000081700000, 0x0000000081600000| Untracked 
|  23|0x0000000081700000, 0x0000000081800000, 0x0000000081800000|100%| O|  |TAMS 0x0000000081800000, 0x0000000081700000| Untracked 
|  24|0x0000000081800000, 0x0000000081900000, 0x0000000081900000|100%| O|  |TAMS 0x0000000081900000, 0x0000000081800000| Untracked 
|  25|0x0000000081900000, 0x0000000081a00000, 0x0000000081a00000|100%| O|  |TAMS 0x0000000081a00000, 0x0000000081900000| Untracked 
|  26|0x0000000081a00000, 0x0000000081b00000, 0x0000000081b00000|100%| O|  |TAMS 0x0000000081b00000, 0x0000000081a00000| Untracked 
|  27|0x0000000081b00000, 0x0000000081c00000, 0x0000000081c00000|100%| O|  |TAMS 0x0000000081c00000, 0x0000000081b00000| Untracked 
|  28|0x0000000081c00000, 0x0000000081d00000, 0x0000000081d00000|100%| O|  |TAMS 0x0000000081d00000, 0x0000000081c00000| Untracked 
|  29|0x0000000081d00000, 0x0000000081e00000, 0x0000000081e00000|100%| O|  |TAMS 0x0000000081e00000, 0x0000000081d00000| Untracked 
|  30|0x0000000081e00000, 0x0000000081f00000, 0x0000000081f00000|100%|HS|  |TAMS 0x0000000081f00000, 0x0000000081e00000| Complete 
|  31|0x0000000081f00000, 0x0000000082000000, 0x0000000082000000|100%|HS|  |TAMS 0x0000000082000000, 0x0000000081f00000| Complete 
|  32|0x0000000082000000, 0x0000000082100000, 0x0000000082100000|100%|HS|  |TAMS 0x0000000082100000, 0x0000000082000000| Complete 
|  33|0x0000000082100000, 0x0000000082200000, 0x0000000082200000|100%|HC|  |TAMS 0x0000000082200000, 0x0000000082100000| Complete 
|  34|0x0000000082200000, 0x0000000082300000, 0x0000000082300000|100%| O|  |TAMS 0x0000000082300000, 0x0000000082200000| Untracked 
|  35|0x0000000082300000, 0x0000000082400000, 0x0000000082400000|100%| O|  |TAMS 0x0000000082400000, 0x0000000082300000| Untracked 
|  36|0x0000000082400000, 0x0000000082500000, 0x0000000082500000|100%| O|  |TAMS 0x0000000082500000, 0x0000000082400000| Untracked 
|  37|0x0000000082500000, 0x0000000082600000, 0x0000000082600000|100%| O|  |TAMS 0x0000000082600000, 0x0000000082500000| Untracked 
|  38|0x0000000082600000, 0x0000000082700000, 0x0000000082700000|100%| O|  |TAMS 0x0000000082700000, 0x0000000082600000| Untracked 
|  39|0x0000000082700000, 0x0000000082800000, 0x0000000082800000|100%| O|  |TAMS 0x0000000082800000, 0x0000000082700000| Untracked 
|  40|0x0000000082800000, 0x0000000082900000, 0x0000000082900000|100%| O|  |TAMS 0x0000000082900000, 0x0000000082800000| Untracked 
|  41|0x0000000082900000, 0x0000000082a00000, 0x0000000082a00000|100%| O|  |TAMS 0x0000000082a00000, 0x0000000082900000| Untracked 
|  42|0x0000000082a00000, 0x0000000082b00000, 0x0000000082b00000|100%| O|  |TAMS 0x0000000082b00000, 0x0000000082a00000| Untracked 
|  43|0x0000000082b00000, 0x0000000082c00000, 0x0000000082c00000|100%| O|  |TAMS 0x0000000082c00000, 0x0000000082b00000| Untracked 
|  44|0x0000000082c00000, 0x0000000082d00000, 0x0000000082d00000|100%| O|  |TAMS 0x0000000082d00000, 0x0000000082c00000| Untracked 
|  45|0x0000000082d00000, 0x0000000082e00000, 0x0000000082e00000|100%| O|  |TAMS 0x0000000082e00000, 0x0000000082d00000| Untracked 
|  46|0x0000000082e00000, 0x0000000082f00000, 0x0000000082f00000|100%| O|  |TAMS 0x0000000082f00000, 0x0000000082e00000| Untracked 
|  47|0x0000000082f00000, 0x0000000083000000, 0x0000000083000000|100%| O|  |TAMS 0x0000000083000000, 0x0000000082f00000| Untracked 
|  48|0x0000000083000000, 0x0000000083100000, 0x0000000083100000|100%| O|  |TAMS 0x0000000083100000, 0x0000000083000000| Untracked 
|  49|0x0000000083100000, 0x0000000083200000, 0x0000000083200000|100%| O|  |TAMS 0x0000000083200000, 0x0000000083100000| Untracked 
|  50|0x0000000083200000, 0x0000000083300000, 0x0000000083300000|100%| O|  |TAMS 0x0000000083300000, 0x0000000083200000| Untracked 
|  51|0x0000000083300000, 0x0000000083400000, 0x0000000083400000|100%| O|  |TAMS 0x0000000083400000, 0x0000000083300000| Untracked 
|  52|0x0000000083400000, 0x0000000083500000, 0x0000000083500000|100%| O|  |TAMS 0x0000000083500000, 0x0000000083400000| Untracked 
|  53|0x0000000083500000, 0x0000000083600000, 0x0000000083600000|100%| O|  |TAMS 0x0000000083600000, 0x0000000083500000| Untracked 
|  54|0x0000000083600000, 0x0000000083700000, 0x0000000083700000|100%| O|  |TAMS 0x0000000083700000, 0x0000000083600000| Untracked 
|  55|0x0000000083700000, 0x0000000083800000, 0x0000000083800000|100%| O|  |TAMS 0x0000000083800000, 0x0000000083700000| Untracked 
|  56|0x0000000083800000, 0x0000000083900000, 0x0000000083900000|100%| O|  |TAMS 0x0000000083900000, 0x0000000083800000| Untracked 
|  57|0x0000000083900000, 0x0000000083a00000, 0x0000000083a00000|100%| O|  |TAMS 0x0000000083985000, 0x0000000083900000| Untracked 
|  58|0x0000000083a00000, 0x0000000083b00000, 0x0000000083b00000|100%| O|  |TAMS 0x0000000083a00000, 0x0000000083a00000| Untracked 
|  59|0x0000000083b00000, 0x0000000083c00000, 0x0000000083c00000|100%| O|  |TAMS 0x0000000083b00000, 0x0000000083b00000| Untracked 
|  60|0x0000000083c00000, 0x0000000083d00000, 0x0000000083d00000|100%| O|  |TAMS 0x0000000083c00000, 0x0000000083c00000| Untracked 
|  61|0x0000000083d00000, 0x0000000083d81e00, 0x0000000083e00000| 50%| O|  |TAMS 0x0000000083d00000, 0x0000000083d00000| Untracked 
|  62|0x0000000083e00000, 0x0000000083e00000, 0x0000000083f00000|  0%| F|  |TAMS 0x0000000083e00000, 0x0000000083e00000| Untracked 
|  63|0x0000000083f00000, 0x0000000083f00000, 0x0000000084000000|  0%| F|  |TAMS 0x0000000083f00000, 0x0000000083f00000| Untracked 
|  64|0x0000000084000000, 0x0000000084000000, 0x0000000084100000|  0%| F|  |TAMS 0x0000000084000000, 0x0000000084000000| Untracked 
|  65|0x0000000084100000, 0x0000000084100000, 0x0000000084200000|  0%| F|  |TAMS 0x0000000084100000, 0x0000000084100000| Untracked 
|  66|0x0000000084200000, 0x0000000084200000, 0x0000000084300000|  0%| F|  |TAMS 0x0000000084200000, 0x0000000084200000| Untracked 
|  67|0x0000000084300000, 0x0000000084300000, 0x0000000084400000|  0%| F|  |TAMS 0x0000000084300000, 0x0000000084300000| Untracked 
|  68|0x0000000084400000, 0x0000000084400000, 0x0000000084500000|  0%| F|  |TAMS 0x0000000084400000, 0x0000000084400000| Untracked 
|  69|0x0000000084500000, 0x0000000084500000, 0x0000000084600000|  0%| F|  |TAMS 0x0000000084500000, 0x0000000084500000| Untracked 
|  70|0x0000000084600000, 0x0000000084600000, 0x0000000084700000|  0%| F|  |TAMS 0x0000000084600000, 0x0000000084600000| Untracked 
|  71|0x0000000084700000, 0x0000000084700000, 0x0000000084800000|  0%| F|  |TAMS 0x0000000084700000, 0x0000000084700000| Untracked 
|  72|0x0000000084800000, 0x0000000084800000, 0x0000000084900000|  0%| F|  |TAMS 0x0000000084800000, 0x0000000084800000| Untracked 
|  73|0x0000000084900000, 0x0000000084900000, 0x0000000084a00000|  0%| F|  |TAMS 0x0000000084900000, 0x0000000084900000| Untracked 
|  74|0x0000000084a00000, 0x0000000084a00000, 0x0000000084b00000|  0%| F|  |TAMS 0x0000000084a00000, 0x0000000084a00000| Untracked 
|  75|0x0000000084b00000, 0x0000000084b00000, 0x0000000084c00000|  0%| F|  |TAMS 0x0000000084b00000, 0x0000000084b00000| Untracked 
|  76|0x0000000084c00000, 0x0000000084c00000, 0x0000000084d00000|  0%| F|  |TAMS 0x0000000084c00000, 0x0000000084c00000| Untracked 
|  77|0x0000000084d00000, 0x0000000084d00000, 0x0000000084e00000|  0%| F|  |TAMS 0x0000000084d00000, 0x0000000084d00000| Untracked 
|  78|0x0000000084e00000, 0x0000000084e00000, 0x0000000084f00000|  0%| F|  |TAMS 0x0000000084e00000, 0x0000000084e00000| Untracked 
|  79|0x0000000084f00000, 0x0000000085000000, 0x0000000085000000|100%| S|CS|TAMS 0x0000000084f00000, 0x0000000084f00000| Complete 
|  80|0x0000000085000000, 0x0000000085100000, 0x0000000085100000|100%| S|CS|TAMS 0x0000000085000000, 0x0000000085000000| Complete 
|  81|0x0000000085100000, 0x0000000085200000, 0x0000000085200000|100%| S|CS|TAMS 0x0000000085100000, 0x0000000085100000| Complete 
|  82|0x0000000085200000, 0x0000000085300000, 0x0000000085300000|100%| S|CS|TAMS 0x0000000085200000, 0x0000000085200000| Complete 
|  83|0x0000000085300000, 0x0000000085400000, 0x0000000085400000|100%| S|CS|TAMS 0x0000000085300000, 0x0000000085300000| Complete 
|  84|0x0000000085400000, 0x0000000085500000, 0x0000000085500000|100%| S|CS|TAMS 0x0000000085400000, 0x0000000085400000| Complete 
|  85|0x0000000085500000, 0x0000000085500000, 0x0000000085600000|  0%| F|  |TAMS 0x0000000085500000, 0x0000000085500000| Untracked 
|  86|0x0000000085600000, 0x0000000085600000, 0x0000000085700000|  0%| F|  |TAMS 0x0000000085600000, 0x0000000085600000| Untracked 
|  87|0x0000000085700000, 0x0000000085700000, 0x0000000085800000|  0%| F|  |TAMS 0x0000000085700000, 0x0000000085700000| Untracked 
|  88|0x0000000085800000, 0x0000000085800000, 0x0000000085900000|  0%| F|  |TAMS 0x0000000085800000, 0x0000000085800000| Untracked 
|  89|0x0000000085900000, 0x0000000085900000, 0x0000000085a00000|  0%| F|  |TAMS 0x0000000085900000, 0x0000000085900000| Untracked 
|  90|0x0000000085a00000, 0x0000000085a00000, 0x0000000085b00000|  0%| F|  |TAMS 0x0000000085a00000, 0x0000000085a00000| Untracked 
|  91|0x0000000085b00000, 0x0000000085b00000, 0x0000000085c00000|  0%| F|  |TAMS 0x0000000085b00000, 0x0000000085b00000| Untracked 
|  92|0x0000000085c00000, 0x0000000085c00000, 0x0000000085d00000|  0%| F|  |TAMS 0x0000000085c00000, 0x0000000085c00000| Untracked 
|  93|0x0000000085d00000, 0x0000000085d00000, 0x0000000085e00000|  0%| F|  |TAMS 0x0000000085d00000, 0x0000000085d00000| Untracked 
|  94|0x0000000085e00000, 0x0000000085e00000, 0x0000000085f00000|  0%| F|  |TAMS 0x0000000085e00000, 0x0000000085e00000| Untracked 
|  95|0x0000000085f00000, 0x0000000085f00000, 0x0000000086000000|  0%| F|  |TAMS 0x0000000085f00000, 0x0000000085f00000| Untracked 
|  96|0x0000000086000000, 0x0000000086000000, 0x0000000086100000|  0%| F|  |TAMS 0x0000000086000000, 0x0000000086000000| Untracked 
|  97|0x0000000086100000, 0x0000000086100000, 0x0000000086200000|  0%| F|  |TAMS 0x0000000086100000, 0x0000000086100000| Untracked 
|  98|0x0000000086200000, 0x0000000086200000, 0x0000000086300000|  0%| F|  |TAMS 0x0000000086200000, 0x0000000086200000| Untracked 
|  99|0x0000000086300000, 0x0000000086300000, 0x0000000086400000|  0%| F|  |TAMS 0x0000000086300000, 0x0000000086300000| Untracked 
| 100|0x0000000086400000, 0x0000000086400000, 0x0000000086500000|  0%| F|  |TAMS 0x0000000086400000, 0x0000000086400000| Untracked 
| 101|0x0000000086500000, 0x0000000086500000, 0x0000000086600000|  0%| F|  |TAMS 0x0000000086500000, 0x0000000086500000| Untracked 
| 102|0x0000000086600000, 0x0000000086600000, 0x0000000086700000|  0%| F|  |TAMS 0x0000000086600000, 0x0000000086600000| Untracked 
| 103|0x0000000086700000, 0x0000000086700000, 0x0000000086800000|  0%| F|  |TAMS 0x0000000086700000, 0x0000000086700000| Untracked 
| 104|0x0000000086800000, 0x0000000086800000, 0x0000000086900000|  0%| F|  |TAMS 0x0000000086800000, 0x0000000086800000| Untracked 
| 105|0x0000000086900000, 0x0000000086900000, 0x0000000086a00000|  0%| F|  |TAMS 0x0000000086900000, 0x0000000086900000| Untracked 
| 106|0x0000000086a00000, 0x0000000086a00000, 0x0000000086b00000|  0%| F|  |TAMS 0x0000000086a00000, 0x0000000086a00000| Untracked 
| 107|0x0000000086b00000, 0x0000000086b00000, 0x0000000086c00000|  0%| F|  |TAMS 0x0000000086b00000, 0x0000000086b00000| Untracked 
| 108|0x0000000086c00000, 0x0000000086c00000, 0x0000000086d00000|  0%| F|  |TAMS 0x0000000086c00000, 0x0000000086c00000| Untracked 
| 109|0x0000000086d00000, 0x0000000086d00000, 0x0000000086e00000|  0%| F|  |TAMS 0x0000000086d00000, 0x0000000086d00000| Untracked 
| 110|0x0000000086e00000, 0x0000000086e66eb0, 0x0000000086f00000| 40%| E|  |TAMS 0x0000000086e00000, 0x0000000086e00000| Complete 
| 111|0x0000000086f00000, 0x0000000087000000, 0x0000000087000000|100%| E|CS|TAMS 0x0000000086f00000, 0x0000000086f00000| Complete 
| 112|0x0000000087000000, 0x0000000087100000, 0x0000000087100000|100%| E|CS|TAMS 0x0000000087000000, 0x0000000087000000| Complete 
| 113|0x0000000087100000, 0x0000000087200000, 0x0000000087200000|100%| E|CS|TAMS 0x0000000087100000, 0x0000000087100000| Complete 
| 114|0x0000000087200000, 0x0000000087300000, 0x0000000087300000|100%| E|CS|TAMS 0x0000000087200000, 0x0000000087200000| Complete 
| 115|0x0000000087300000, 0x0000000087400000, 0x0000000087400000|100%| E|CS|TAMS 0x0000000087300000, 0x0000000087300000| Complete 
| 116|0x0000000087400000, 0x0000000087500000, 0x0000000087500000|100%| E|CS|TAMS 0x0000000087400000, 0x0000000087400000| Complete 
| 117|0x0000000087500000, 0x0000000087600000, 0x0000000087600000|100%| E|CS|TAMS 0x0000000087500000, 0x0000000087500000| Complete 
| 118|0x0000000087600000, 0x0000000087700000, 0x0000000087700000|100%| E|CS|TAMS 0x0000000087600000, 0x0000000087600000| Complete 
| 119|0x0000000087700000, 0x0000000087800000, 0x0000000087800000|100%| E|CS|TAMS 0x0000000087700000, 0x0000000087700000| Complete 
| 120|0x0000000087800000, 0x0000000087900000, 0x0000000087900000|100%| E|CS|TAMS 0x0000000087800000, 0x0000000087800000| Complete 
| 121|0x0000000087900000, 0x0000000087a00000, 0x0000000087a00000|100%| E|CS|TAMS 0x0000000087900000, 0x0000000087900000| Complete 
| 122|0x0000000087a00000, 0x0000000087b00000, 0x0000000087b00000|100%| E|CS|TAMS 0x0000000087a00000, 0x0000000087a00000| Complete 
| 123|0x0000000087b00000, 0x0000000087c00000, 0x0000000087c00000|100%| E|CS|TAMS 0x0000000087b00000, 0x0000000087b00000| Complete 
| 125|0x0000000087d00000, 0x0000000087e00000, 0x0000000087e00000|100%| E|CS|TAMS 0x0000000087d00000, 0x0000000087d00000| Complete 

Card table byte_map: [0x00000236166d0000,0x0000023616ad0000] _byte_map_base: 0x00000236162d0000

Marking Bits (Prev, Next): (CMBitMap*) 0x0000023603b39be0, (CMBitMap*) 0x0000023603b39c20
 Prev Bits: [0x0000023616ed0000, 0x0000023618ed0000)
 Next Bits: [0x0000023618ed0000, 0x000002361aed0000)

Polling page: 0x00000236032a0000

Metaspace:

Usage:
  Non-class:     67.99 MB used.
      Class:     10.69 MB used.
       Both:     78.68 MB used.

Virtual space:
  Non-class space:       72.00 MB reserved,      68.31 MB ( 95%) committed,  9 nodes.
      Class space:        1.00 GB reserved,      10.94 MB (  1%) committed,  1 nodes.
             Both:        1.07 GB reserved,      79.25 MB (  7%) committed. 

Chunk freelists:
   Non-Class:  2.97 MB
       Class:  1.01 MB
        Both:  3.98 MB

MaxMetaspaceSize: unlimited
CompressedClassSpaceSize: 1.00 GB
Initial GC threshold: 21.00 MB
Current GC threshold: 128.56 MB
CDS: off
MetaspaceReclaimPolicy: balanced
 - commit_granule_bytes: 65536.
 - commit_granule_words: 8192.
 - virtual_space_node_default_size: 1048576.
 - enlarge_chunks_in_place: 1.
 - new_chunks_are_fully_committed: 0.
 - uncommit_free_chunks: 1.
 - use_allocation_guard: 0.
 - handle_deallocations: 1.


Internal statistics:

num_allocs_failed_limit: 9.
num_arena_births: 712.
num_arena_deaths: 0.
num_vsnodes_births: 10.
num_vsnodes_deaths: 0.
num_space_committed: 1268.
num_space_uncommitted: 0.
num_chunks_returned_to_freelist: 9.
num_chunks_taken_from_freelist: 3533.
num_chunk_merges: 0.
num_chunk_splits: 2322.
num_chunks_enlarged: 1564.
num_purges: 0.
num_inconsistent_stats: 0.

CodeHeap 'non-profiled nmethods': size=120000Kb used=4773Kb max_used=4773Kb free=115227Kb
 bounds [0x000002360ea70000, 0x000002360ef20000, 0x0000023615fa0000]
CodeHeap 'profiled nmethods': size=120000Kb used=14663Kb max_used=14663Kb free=105336Kb
 bounds [0x0000023606fa0000, 0x0000023607e00000, 0x000002360e4d0000]
CodeHeap 'non-nmethods': size=5760Kb used=2362Kb max_used=2452Kb free=3398Kb
 bounds [0x000002360e4d0000, 0x000002360e740000, 0x000002360ea70000]
 total_blobs=8292 nmethods=7404 adapters=800
 compilation: enabled
              stopped_count=0, restarted_count=0
 full_count=0

Compilation events (20 events):
Event: 11.442 Thread 0x000002361e451820 8196       3       com.sun.org.apache.xerces.internal.util.SymbolTable::hash (53 bytes)
Event: 11.442 Thread 0x000002361e451820 nmethod 8196 0x0000023607dd6d90 code [0x0000023607dd6f40, 0x0000023607dd71c8]
Event: 11.442 Thread 0x000002361e451820 8197       3       com.sun.org.apache.xerces.internal.impl.XMLEntityScanner::skipChar (142 bytes)
Event: 11.442 Thread 0x000002361e451820 nmethod 8197 0x0000023607dd7310 code [0x0000023607dd74e0, 0x0000023607dd77f8]
Event: 11.442 Thread 0x000002361e451820 8198       3       com.sun.org.apache.xerces.internal.impl.XMLEntityScanner::skipSpaces (362 bytes)
Event: 11.443 Thread 0x000002361e451820 nmethod 8198 0x0000023607dd7990 code [0x0000023607dd7c00, 0x0000023607dd87e8]
Event: 11.443 Thread 0x000002361e451820 8199       3       com.sun.org.apache.xerces.internal.utils.XMLLimitAnalyzer::addValue (11 bytes)
Event: 11.443 Thread 0x000002361e451820 nmethod 8199 0x0000023607dd8c90 code [0x0000023607dd8e40, 0x0000023607dd8fa8]
Event: 11.445 Thread 0x000002362340fe10 8200       4       java.lang.Class::getPackageName (81 bytes)
Event: 11.446 Thread 0x000002362340daa0 8201       4       jdk.internal.org.objectweb.asm.AnnotationWriter::putAnnotations (67 bytes)
Event: 11.447 Thread 0x000002362340daa0 nmethod 8201 0x000002360ef11310 code [0x000002360ef114a0, 0x000002360ef115f8]
Event: 11.448 Thread 0x000002362340daa0 8202       4       java.lang.invoke.MemberName::initResolved (53 bytes)
Event: 11.449 Thread 0x000002362340daa0 nmethod 8202 0x000002360ef11790 code [0x000002360ef11900, 0x000002360ef119d8]
Event: 11.449 Thread 0x000002362340daa0 8203       4       java.lang.invoke.MethodType::checkPtypes (76 bytes)
Event: 11.450 Thread 0x000002362340daa0 nmethod 8203 0x000002360ef11a90 code [0x000002360ef11c20, 0x000002360ef11db8]
Event: 11.450 Thread 0x000002362340daa0 8204       4       jdk.internal.org.objectweb.asm.MethodWriter::visitFieldInsn (258 bytes)
Event: 11.455 Thread 0x000002362340daa0 nmethod 8204 0x000002360ef11f90 code [0x000002360ef12160, 0x000002360ef12628]
Event: 11.455 Thread 0x000002362340fe10 nmethod 8200 0x000002360ef12b90 code [0x000002360ef12d40, 0x000002360ef13598]
Event: 11.455 Thread 0x000002362340fe10 8205       4       java.util.AbstractMap$SimpleImmutableEntry::<init> (15 bytes)
Event: 11.457 Thread 0x000002362340fe10 nmethod 8205 0x000002360ef13990 code [0x000002360ef13b00, 0x000002360ef13d58]

GC Heap History (20 events):
Event: 6.981 GC heap before
{Heap before GC invocations=14 (full 0):
 garbage-first heap   total 104448K, used 81384K [0x0000000080000000, 0x0000000100000000)
  region size 1024K, 47 young (48128K), 3 survivors (3072K)
 Metaspace       used 51310K, committed 51776K, reserved 1097728K
  class space    used 6740K, committed 6976K, reserved 1048576K
}
Event: 6.992 GC heap after
{Heap after GC invocations=15 (full 0):
 garbage-first heap   total 104448K, used 45123K [0x0000000080000000, 0x0000000100000000)
  region size 1024K, 6 young (6144K), 6 survivors (6144K)
 Metaspace       used 51310K, committed 51776K, reserved 1097728K
  class space    used 6740K, committed 6976K, reserved 1048576K
}
Event: 8.007 GC heap before
{Heap before GC invocations=15 (full 0):
 garbage-first heap   total 104448K, used 77891K [0x0000000080000000, 0x0000000100000000)
  region size 1024K, 38 young (38912K), 6 survivors (6144K)
 Metaspace       used 57342K, committed 57856K, reserved 1105920K
  class space    used 7474K, committed 7680K, reserved 1048576K
}
Event: 8.011 GC heap after
{Heap after GC invocations=16 (full 0):
 garbage-first heap   total 104448K, used 46938K [0x0000000080000000, 0x0000000100000000)
  region size 1024K, 2 young (2048K), 2 survivors (2048K)
 Metaspace       used 57342K, committed 57856K, reserved 1105920K
  class space    used 7474K, committed 7680K, reserved 1048576K
}
Event: 8.635 GC heap before
{Heap before GC invocations=16 (full 0):
 garbage-first heap   total 104448K, used 78682K [0x0000000080000000, 0x0000000100000000)
  region size 1024K, 34 young (34816K), 2 survivors (2048K)
 Metaspace       used 62329K, committed 62848K, reserved 1105920K
  class space    used 8125K, committed 8320K, reserved 1048576K
}
Event: 8.639 GC heap after
{Heap after GC invocations=17 (full 0):
 garbage-first heap   total 104448K, used 50215K [0x0000000080000000, 0x0000000100000000)
  region size 1024K, 5 young (5120K), 5 survivors (5120K)
 Metaspace       used 62329K, committed 62848K, reserved 1105920K
  class space    used 8125K, committed 8320K, reserved 1048576K
}
Event: 9.039 GC heap before
{Heap before GC invocations=17 (full 0):
 garbage-first heap   total 104448K, used 80935K [0x0000000080000000, 0x0000000100000000)
  region size 1024K, 35 young (35840K), 5 survivors (5120K)
 Metaspace       used 65307K, committed 65792K, reserved 1114112K
  class space    used 8497K, committed 8704K, reserved 1048576K
}
Event: 9.043 GC heap after
{Heap after GC invocations=18 (full 0):
 garbage-first heap   total 104448K, used 52269K [0x0000000080000000, 0x0000000100000000)
  region size 1024K, 3 young (3072K), 3 survivors (3072K)
 Metaspace       used 65307K, committed 65792K, reserved 1114112K
  class space    used 8497K, committed 8704K, reserved 1048576K
}
Event: 9.312 GC heap before
{Heap before GC invocations=18 (full 0):
 garbage-first heap   total 104448K, used 81965K [0x0000000080000000, 0x0000000100000000)
  region size 1024K, 32 young (32768K), 3 survivors (3072K)
 Metaspace       used 65819K, committed 66304K, reserved 1114112K
  class space    used 8567K, committed 8768K, reserved 1048576K
}
Event: 9.317 GC heap after
{Heap after GC invocations=19 (full 0):
 garbage-first heap   total 104448K, used 55127K [0x0000000080000000, 0x0000000100000000)
  region size 1024K, 4 young (4096K), 4 survivors (4096K)
 Metaspace       used 65819K, committed 66304K, reserved 1114112K
  class space    used 8567K, committed 8768K, reserved 1048576K
}
Event: 9.726 GC heap before
{Heap before GC invocations=20 (full 0):
 garbage-first heap   total 104448K, used 82775K [0x0000000080000000, 0x0000000100000000)
  region size 1024K, 31 young (31744K), 4 survivors (4096K)
 Metaspace       used 69382K, committed 69888K, reserved 1114112K
  class space    used 9232K, committed 9472K, reserved 1048576K
}
Event: 9.729 GC heap after
{Heap after GC invocations=21 (full 0):
 garbage-first heap   total 104448K, used 57265K [0x0000000080000000, 0x0000000100000000)
  region size 1024K, 2 young (2048K), 2 survivors (2048K)
 Metaspace       used 69382K, committed 69888K, reserved 1114112K
  class space    used 9232K, committed 9472K, reserved 1048576K
}
Event: 10.076 GC heap before
{Heap before GC invocations=21 (full 0):
 garbage-first heap   total 104448K, used 84913K [0x0000000080000000, 0x0000000100000000)
  region size 1024K, 29 young (29696K), 2 survivors (2048K)
 Metaspace       used 72136K, committed 72640K, reserved 1114112K
  class space    used 9649K, committed 9856K, reserved 1048576K
}
Event: 10.079 GC heap after
{Heap after GC invocations=22 (full 0):
 garbage-first heap   total 104448K, used 59190K [0x0000000080000000, 0x0000000100000000)
  region size 1024K, 4 young (4096K), 4 survivors (4096K)
 Metaspace       used 72136K, committed 72640K, reserved 1114112K
  class space    used 9649K, committed 9856K, reserved 1048576K
}
Event: 10.398 GC heap before
{Heap before GC invocations=23 (full 0):
 garbage-first heap   total 106496K, used 84790K [0x0000000080000000, 0x0000000100000000)
  region size 1024K, 29 young (29696K), 4 survivors (4096K)
 Metaspace       used 74501K, committed 74944K, reserved 1114112K
  class space    used 9993K, committed 10176K, reserved 1048576K
}
Event: 10.402 GC heap after
{Heap after GC invocations=24 (full 0):
 garbage-first heap   total 106496K, used 61018K [0x0000000080000000, 0x0000000100000000)
  region size 1024K, 3 young (3072K), 3 survivors (3072K)
 Metaspace       used 74501K, committed 74944K, reserved 1114112K
  class space    used 9993K, committed 10176K, reserved 1048576K
}
Event: 10.787 GC heap before
{Heap before GC invocations=24 (full 0):
 garbage-first heap   total 106496K, used 85594K [0x0000000080000000, 0x0000000100000000)
  region size 1024K, 28 young (28672K), 3 survivors (3072K)
 Metaspace       used 78363K, committed 78848K, reserved 1122304K
  class space    used 10529K, committed 10752K, reserved 1048576K
}
Event: 10.791 GC heap after
{Heap after GC invocations=25 (full 0):
 garbage-first heap   total 128000K, used 62617K [0x0000000080000000, 0x0000000100000000)
  region size 1024K, 4 young (4096K), 4 survivors (4096K)
 Metaspace       used 78363K, committed 78848K, reserved 1122304K
  class space    used 10529K, committed 10752K, reserved 1048576K
}
Event: 11.144 GC heap before
{Heap before GC invocations=26 (full 0):
 garbage-first heap   total 128000K, used 103577K [0x0000000080000000, 0x0000000100000000)
  region size 1024K, 44 young (45056K), 4 survivors (4096K)
 Metaspace       used 78944K, committed 79488K, reserved 1122304K
  class space    used 10608K, committed 10816K, reserved 1048576K
}
Event: 11.151 GC heap after
{Heap after GC invocations=27 (full 0):
 garbage-first heap   total 128000K, used 69115K [0x0000000080000000, 0x0000000100000000)
  region size 1024K, 6 young (6144K), 6 survivors (6144K)
 Metaspace       used 78944K, committed 79488K, reserved 1122304K
  class space    used 10608K, committed 10816K, reserved 1048576K
}

Dll operation events (2 events):
Event: 0.008 Loaded shared library C:\Program Files\Android\Android Studio1\jbr\bin\java.dll
Event: 0.341 Loaded shared library C:\Program Files\Android\Android Studio1\jbr\bin\verify.dll

Deoptimization events (20 events):
Event: 11.275 Thread 0x000002362099a270 DEOPT PACKING pc=0x000002360ecd8fbc sp=0x00000047067fda80
Event: 11.275 Thread 0x000002362099a270 DEOPT UNPACKING pc=0x000002360e5269a3 sp=0x00000047067fd968 mode 2
Event: 11.276 Thread 0x000002362099a270 Uncommon trap: trap_request=0xffffffc6 fr.pc=0x000002360ee0b3f8 relative=0x00000000000004b8
Event: 11.276 Thread 0x000002362099a270 Uncommon trap: reason=bimorphic_or_optimized_type_check action=maybe_recompile pc=0x000002360ee0b3f8 method=java.util.Collections$SetFromMap.remove(Ljava/lang/Object;)Z @ 5 c2
Event: 11.276 Thread 0x000002362099a270 DEOPT PACKING pc=0x000002360ee0b3f8 sp=0x00000047067fe820
Event: 11.276 Thread 0x000002362099a270 DEOPT UNPACKING pc=0x000002360e5269a3 sp=0x00000047067fe818 mode 2
Event: 11.276 Thread 0x000002362099a270 Uncommon trap: trap_request=0xffffffc6 fr.pc=0x000002360ee0b3f8 relative=0x00000000000004b8
Event: 11.276 Thread 0x000002362099a270 Uncommon trap: reason=bimorphic_or_optimized_type_check action=maybe_recompile pc=0x000002360ee0b3f8 method=java.util.Collections$SetFromMap.remove(Ljava/lang/Object;)Z @ 5 c2
Event: 11.276 Thread 0x000002362099a270 DEOPT PACKING pc=0x000002360ee0b3f8 sp=0x00000047067fe6c0
Event: 11.276 Thread 0x000002362099a270 DEOPT UNPACKING pc=0x000002360e5269a3 sp=0x00000047067fe6b8 mode 2
Event: 11.288 Thread 0x000002362099a270 Uncommon trap: trap_request=0xffffff45 fr.pc=0x000002360ee0a364 relative=0x0000000000000724
Event: 11.288 Thread 0x000002362099a270 Uncommon trap: reason=unstable_if action=reinterpret pc=0x000002360ee0a364 method=java.lang.ThreadLocal$ThreadLocalMap.set(Ljava/lang/ThreadLocal;Ljava/lang/Object;)V @ 125 c2
Event: 11.288 Thread 0x000002362099a270 DEOPT PACKING pc=0x000002360ee0a364 sp=0x00000047067fc820
Event: 11.288 Thread 0x000002362099a270 DEOPT UNPACKING pc=0x000002360e5269a3 sp=0x00000047067fc768 mode 2
Event: 11.364 Thread 0x000002362099a270 Uncommon trap: trap_request=0xffffffc6 fr.pc=0x000002360ee0b3f8 relative=0x00000000000004b8
Event: 11.364 Thread 0x000002362099a270 Uncommon trap: reason=bimorphic_or_optimized_type_check action=maybe_recompile pc=0x000002360ee0b3f8 method=java.util.Collections$SetFromMap.remove(Ljava/lang/Object;)Z @ 5 c2
Event: 11.364 Thread 0x000002362099a270 DEOPT PACKING pc=0x000002360ee0b3f8 sp=0x00000047067fe820
Event: 11.364 Thread 0x000002362099a270 DEOPT UNPACKING pc=0x000002360e5269a3 sp=0x00000047067fe818 mode 2
Event: 11.396 Thread 0x000002361f605300 DEOPT PACKING pc=0x00000236070655bd sp=0x000000477f6fee20
Event: 11.396 Thread 0x000002361f605300 DEOPT UNPACKING pc=0x000002360e527143 sp=0x000000477f6fe2b8 mode 0

Classes unloaded (0 events):
No events

Classes redefined (0 events):
No events

Internal exceptions (20 events):
Event: 11.161 Thread 0x000002361f604960 Exception <a 'java/lang/ClassNotFoundException'{0x0000000087b4a230}: com/android/build/gradle/tasks/PackageApplication_DecoratedCustomizer> (0x0000000087b4a230) 
thrown [s\src\hotspot\share\classfile\systemDictionary.cpp, line 256]
Event: 11.167 Thread 0x000002361f604960 Exception <a 'java/lang/ClassNotFoundException'{0x0000000087a1e318}: com/android/build/gradle/internal/tasks/ListingFileRedirectTask_DecoratedBeanInfo> (0x0000000087a1e318) 
thrown [s\src\hotspot\share\classfile\systemDictionary.cpp, line 256]
Event: 11.167 Thread 0x000002361f604960 Exception <a 'java/lang/ClassNotFoundException'{0x0000000087a29990}: com/android/build/gradle/internal/tasks/ListingFileRedirectTaskBeanInfo> (0x0000000087a29990) 
thrown [s\src\hotspot\share\classfile\systemDictionary.cpp, line 256]
Event: 11.168 Thread 0x000002361f604960 Exception <a 'java/lang/ClassNotFoundException'{0x0000000087a35020}: com/android/build/gradle/internal/tasks/ListingFileRedirectTaskCustomizer> (0x0000000087a35020) 
thrown [s\src\hotspot\share\classfile\systemDictionary.cpp, line 256]
Event: 11.169 Thread 0x000002361f604960 Exception <a 'java/lang/ClassNotFoundException'{0x0000000087a500f8}: com/android/build/gradle/internal/tasks/ListingFileRedirectTask_DecoratedCustomizer> (0x0000000087a500f8) 
thrown [s\src\hotspot\share\classfile\systemDictionary.cpp, line 256]
Event: 11.269 Thread 0x000002361f605300 Exception <a 'java/lang/NoSuchMethodError'{0x00000000876e01d8}: static Lorg/gradle/internal/build/event/types/DefaultTaskStartedProgressEvent;.<clinit>()V> (0x00000000876e01d8) 
thrown [s\src\hotspot\share\prims\jni.cpp, line 1108]
Event: 11.270 Thread 0x000002361f605300 Exception <a 'java/lang/NoSuchMethodError'{0x00000000876eba50}: static Lorg/gradle/internal/build/event/types/DefaultTaskDescriptor;.<clinit>()V> (0x00000000876eba50) 
thrown [s\src\hotspot\share\prims\jni.cpp, line 1108]
Event: 11.273 Thread 0x000002361f605300 Exception <a 'java/lang/NoSuchMethodError'{0x000000008752e330}: static Lorg/gradle/internal/build/event/types/DefaultTaskFinishedProgressEvent;.<clinit>()V> (0x000000008752e330) 
thrown [s\src\hotspot\share\prims\jni.cpp, line 1108]
Event: 11.275 Thread 0x000002361f605300 Exception <a 'java/lang/NoSuchMethodError'{0x0000000087543170}: static Lorg/gradle/internal/build/event/types/DefaultTaskSuccessResult;.<clinit>()V> (0x0000000087543170) 
thrown [s\src\hotspot\share\prims\jni.cpp, line 1108]
Event: 11.275 Thread 0x000002361f605300 Exception <a 'java/lang/NoSuchMethodError'{0x0000000087544868}: static Lorg/gradle/internal/build/event/types/AbstractTaskResult;.<clinit>()V> (0x0000000087544868) 
thrown [s\src\hotspot\share\prims\jni.cpp, line 1108]
Event: 11.307 Thread 0x0000023620998590 Exception <a 'java/lang/NoSuchMethodError'{0x0000000087407880}: static Lcom/android/ide/common/attribution/AndroidGradlePluginAttributionData$BuildInfo;.<clinit>()V> (0x0000000087407880) 
thrown [s\src\hotspot\share\prims\jni.cpp, line 1108]
Event: 11.309 Thread 0x0000023620998590 Exception <a 'java/lang/NoSuchMethodError'{0x000000008741d548}: static Lcom/android/ide/common/attribution/AndroidGradlePluginAttributionData$JavaInfo;.<clinit>()V> (0x000000008741d548) 
thrown [s\src\hotspot\share\prims\jni.cpp, line 1108]
Event: 11.312 Thread 0x0000023620998590 Exception <a 'java/lang/NoSuchMethodError'{0x000000008743ef88}: static [Ljava/lang/String;.<clinit>()V> (0x000000008743ef88) 
thrown [s\src\hotspot\share\prims\jni.cpp, line 1108]
Event: 11.314 Thread 0x0000023620998590 Exception <a 'java/lang/NoSuchMethodError'{0x0000000087453f30}: 'void java.lang.invoke.DirectMethodHandle$Holder.invokeSpecial(java.lang.Object, java.lang.Object, java.lang.Object, int)'> (0x0000000087453f30) 
thrown [s\src\hotspot\share\interpreter\linkResolver.cpp, line 771]
Event: 11.330 Thread 0x000002362099a270 Exception <a 'java/lang/IncompatibleClassChangeError'{0x0000000087301ea0}: Found class java.lang.Object, but interface was expected> (0x0000000087301ea0) 
thrown [s\src\hotspot\share\interpreter\linkResolver.cpp, line 838]
Event: 11.366 Thread 0x000002361f605300 Exception <a 'java/lang/NoSuchMethodError'{0x00000000873d92d0}: static Lorg/gradle/internal/build/event/types/DefaultTaskSkippedResult;.<clinit>()V> (0x00000000873d92d0) 
thrown [s\src\hotspot\share\prims\jni.cpp, line 1108]
Event: 11.366 Thread 0x000002362099a270 Exception <a 'java/lang/NoSuchMethodError'{0x00000000873b3460}: 'java.lang.Object java.lang.invoke.DirectMethodHandle$Holder.invokeInterface(java.lang.Object, java.lang.Object, int)'> (0x00000000873b3460) 
thrown [s\src\hotspot\share\interpreter\linkResolver.cpp, line 771]
Event: 11.368 Thread 0x000002362099a270 Exception <a 'java/lang/NoSuchMethodError'{0x00000000873c41b8}: 'void java.lang.invoke.DirectMethodHandle$Holder.invokeStatic(java.lang.Object, java.lang.Object, java.lang.Object, int)'> (0x00000000873c41b8) 
thrown [s\src\hotspot\share\interpreter\linkResolver.cpp, line 771]
Event: 11.426 Thread 0x000002362099a270 Exception <a 'java/lang/IncompatibleClassChangeError'{0x00000000872cbe88}: Found class java.lang.Object, but interface was expected> (0x00000000872cbe88) 
thrown [s\src\hotspot\share\interpreter\linkResolver.cpp, line 838]
Event: 11.432 Thread 0x000002362099a270 Exception <a 'java/lang/IncompatibleClassChangeError'{0x00000000872e20d0}: Found class java.lang.Object, but interface was expected> (0x00000000872e20d0) 
thrown [s\src\hotspot\share\interpreter\linkResolver.cpp, line 838]

VM Operations (20 events):
Event: 10.894 Executing VM operation: HandshakeAllThreads
Event: 10.894 Executing VM operation: HandshakeAllThreads done
Event: 11.143 Executing VM operation: G1CollectForAllocation
Event: 11.151 Executing VM operation: G1CollectForAllocation done
Event: 11.190 Executing VM operation: HandshakeAllThreads
Event: 11.190 Executing VM operation: HandshakeAllThreads done
Event: 11.264 Executing VM operation: HandshakeAllThreads
Event: 11.265 Executing VM operation: HandshakeAllThreads done
Event: 11.267 Executing VM operation: HandshakeAllThreads
Event: 11.267 Executing VM operation: HandshakeAllThreads done
Event: 11.272 Executing VM operation: HandshakeAllThreads
Event: 11.272 Executing VM operation: HandshakeAllThreads done
Event: 11.284 Executing VM operation: HandshakeAllThreads
Event: 11.285 Executing VM operation: HandshakeAllThreads done
Event: 11.329 Executing VM operation: HandshakeAllThreads
Event: 11.330 Executing VM operation: HandshakeAllThreads done
Event: 11.333 Executing VM operation: HandshakeAllThreads
Event: 11.334 Executing VM operation: HandshakeAllThreads done
Event: 11.360 Executing VM operation: HandshakeAllThreads
Event: 11.360 Executing VM operation: HandshakeAllThreads done

Events (20 events):
Event: 11.320 loading class java/io/ObjectInputStream$GetField done
Event: 11.320 loading class java/io/ObjectInputStream$FieldValues done
Event: 11.408 loading class java/util/stream/ReduceOps$6
Event: 11.408 loading class java/util/stream/ReduceOps$6 done
Event: 11.408 loading class java/util/stream/ReduceOps$5ReducingSink
Event: 11.408 loading class java/util/stream/ReduceOps$5ReducingSink done
Event: 11.427 loading class java/util/stream/ReferencePipeline$15
Event: 11.427 loading class java/util/stream/ReferencePipeline$15 done
Event: 11.427 loading class java/util/stream/ReferencePipeline$15$1
Event: 11.427 loading class java/util/stream/ReferencePipeline$15$1 done
Event: 11.436 loading class com/sun/org/apache/xerces/internal/util/URI
Event: 11.438 loading class com/sun/org/apache/xerces/internal/util/URI done
Event: 11.438 loading class java/net/HttpURLConnection
Event: 11.439 loading class java/net/HttpURLConnection done
Event: 11.439 loading class sun/net/ProgressMonitor
Event: 11.440 loading class sun/net/ProgressMonitor done
Event: 11.440 loading class sun/net/DefaultProgressMeteringPolicy
Event: 11.440 loading class sun/net/ProgressMeteringPolicy
Event: 11.440 loading class sun/net/ProgressMeteringPolicy done
Event: 11.440 loading class sun/net/DefaultProgressMeteringPolicy done


Dynamic libraries:
0x00007ff73da10000 - 0x00007ff73da1a000 	C:\Program Files\Android\Android Studio1\jbr\bin\java.exe
0x00007ffcffe10000 - 0x00007ffd00024000 	C:\WINDOWS\SYSTEM32\ntdll.dll
0x00007ffcfe240000 - 0x00007ffcfe304000 	C:\WINDOWS\System32\KERNEL32.DLL
0x00007ffcfd780000 - 0x00007ffcfdb24000 	C:\WINDOWS\System32\KERNELBASE.dll
0x00007ffcfd450000 - 0x00007ffcfd561000 	C:\WINDOWS\System32\ucrtbase.dll
0x00007ffcf3a30000 - 0x00007ffcf3a47000 	C:\Program Files\Android\Android Studio1\jbr\bin\jli.dll
0x00007ffcfdf90000 - 0x00007ffcfe13a000 	C:\WINDOWS\System32\USER32.dll
0x00007ffce4870000 - 0x00007ffce488b000 	C:\Program Files\Android\Android Studio1\jbr\bin\VCRUNTIME140.dll
0x00007ffcfd6e0000 - 0x00007ffcfd706000 	C:\WINDOWS\System32\win32u.dll
0x00007ffce64a0000 - 0x00007ffce672f000 	C:\WINDOWS\WinSxS\amd64_microsoft.windows.common-controls_6595b64144ccf1df_6.0.22621.2070_none_2713e6537381f706\COMCTL32.dll
0x00007ffcffb60000 - 0x00007ffcffc07000 	C:\WINDOWS\System32\msvcrt.dll
0x00007ffcffb30000 - 0x00007ffcffb59000 	C:\WINDOWS\System32\GDI32.dll
0x00007ffcfd270000 - 0x00007ffcfd389000 	C:\WINDOWS\System32\gdi32full.dll
0x00007ffcfdb30000 - 0x00007ffcfdbca000 	C:\WINDOWS\System32\msvcp_win.dll
0x00007ffcfde50000 - 0x00007ffcfde81000 	C:\WINDOWS\System32\IMM32.DLL
0x00007ffceb670000 - 0x00007ffceb67c000 	C:\Program Files\Android\Android Studio1\jbr\bin\vcruntime140_1.dll
0x00007ffcbbad0000 - 0x00007ffcbbb5d000 	C:\Program Files\Android\Android Studio1\jbr\bin\msvcp140.dll
0x00007ffcac5d0000 - 0x00007ffcad23e000 	C:\Program Files\Android\Android Studio1\jbr\bin\server\jvm.dll
0x00007ffcfedd0000 - 0x00007ffcfee80000 	C:\WINDOWS\System32\ADVAPI32.dll
0x00007ffcffa80000 - 0x00007ffcffb26000 	C:\WINDOWS\System32\sechost.dll
0x00007ffcfdc60000 - 0x00007ffcfdd77000 	C:\WINDOWS\System32\RPCRT4.dll
0x00007ffcf7a50000 - 0x00007ffcf7a59000 	C:\WINDOWS\SYSTEM32\WSOCK32.dll
0x00007ffcf54d0000 - 0x00007ffcf5504000 	C:\WINDOWS\SYSTEM32\WINMM.dll
0x00007ffceee50000 - 0x00007ffceee5a000 	C:\WINDOWS\SYSTEM32\VERSION.dll
0x00007ffcfe310000 - 0x00007ffcfe381000 	C:\WINDOWS\System32\WS2_32.dll
0x00007ffcfc320000 - 0x00007ffcfc338000 	C:\WINDOWS\SYSTEM32\kernel.appcore.dll
0x00007ffcf79d0000 - 0x00007ffcf79da000 	C:\Program Files\Android\Android Studio1\jbr\bin\jimage.dll
0x00007ffcfa6a0000 - 0x00007ffcfa8ce000 	C:\WINDOWS\SYSTEM32\DBGHELP.DLL
0x00007ffcfe390000 - 0x00007ffcfe71a000 	C:\WINDOWS\System32\combase.dll
0x00007ffcfe7b0000 - 0x00007ffcfe887000 	C:\WINDOWS\System32\OLEAUT32.dll
0x00007ffceedd0000 - 0x00007ffceee02000 	C:\WINDOWS\SYSTEM32\dbgcore.DLL
0x00007ffcfd1f0000 - 0x00007ffcfd26a000 	C:\WINDOWS\System32\bcryptPrimitives.dll
0x00007ffcf58f0000 - 0x00007ffcf5915000 	C:\Program Files\Android\Android Studio1\jbr\bin\java.dll
0x00007ffcf7740000 - 0x00007ffcf7758000 	C:\Program Files\Android\Android Studio1\jbr\bin\zip.dll
0x00007ffcfef00000 - 0x00007ffcff716000 	C:\WINDOWS\System32\SHELL32.dll
0x00007ffcfb1d0000 - 0x00007ffcfbaba000 	C:\WINDOWS\SYSTEM32\windows.storage.dll
0x00007ffcfb090000 - 0x00007ffcfb1ce000 	C:\WINDOWS\SYSTEM32\wintypes.dll
0x00007ffcfde90000 - 0x00007ffcfdf83000 	C:\WINDOWS\System32\SHCORE.dll
0x00007ffcff720000 - 0x00007ffcff77e000 	C:\WINDOWS\System32\shlwapi.dll
0x00007ffcfd120000 - 0x00007ffcfd146000 	C:\WINDOWS\SYSTEM32\profapi.dll
0x00007ffcf5780000 - 0x00007ffcf5799000 	C:\Program Files\Android\Android Studio1\jbr\bin\net.dll
0x00007ffcf5e30000 - 0x00007ffcf5f67000 	C:\WINDOWS\SYSTEM32\WINHTTP.dll
0x00007ffcfc7a0000 - 0x00007ffcfc809000 	C:\WINDOWS\system32\mswsock.dll
0x00007ffcf5740000 - 0x00007ffcf5756000 	C:\Program Files\Android\Android Studio1\jbr\bin\nio.dll
0x00007ffcf79c0000 - 0x00007ffcf79d0000 	C:\Program Files\Android\Android Studio1\jbr\bin\verify.dll
0x00007ffce3180000 - 0x00007ffce31a7000 	F:\AndroidStudio\ToDoListAndroidMVP-master\ToDoListAndroidMVP-master\app\native\e1d6ef7f7dcc3fd88c89a11ec53ec762bb8ba0a96d01ffa2cd45eb1d1d8dd5c5\windows-amd64\native-platform.dll
0x00007ffcb1e40000 - 0x00007ffcb1f84000 	F:\AndroidStudio\ToDoListAndroidMVP-master\ToDoListAndroidMVP-master\app\native\5664cfc778a61ccfe75a443a1ab52a65af34e5dc3c78e0209fed803814484fcb\windows-amd64\native-platform-file-events.dll
0x00007ffcf75a0000 - 0x00007ffcf75a9000 	C:\Program Files\Android\Android Studio1\jbr\bin\management.dll
0x00007ffcf7320000 - 0x00007ffcf732b000 	C:\Program Files\Android\Android Studio1\jbr\bin\management_ext.dll
0x00007ffcfdd80000 - 0x00007ffcfdd88000 	C:\WINDOWS\System32\PSAPI.DLL
0x00007ffcfc9f0000 - 0x00007ffcfca0b000 	C:\WINDOWS\SYSTEM32\CRYPTSP.dll
0x00007ffcfc290000 - 0x00007ffcfc2c5000 	C:\WINDOWS\system32\rsaenh.dll
0x00007ffcfc890000 - 0x00007ffcfc8bc000 	C:\WINDOWS\SYSTEM32\USERENV.dll
0x00007ffcfcb90000 - 0x00007ffcfcbb8000 	C:\WINDOWS\SYSTEM32\bcrypt.dll
0x00007ffcfca10000 - 0x00007ffcfca1c000 	C:\WINDOWS\SYSTEM32\CRYPTBASE.dll
0x00007ffcfbd90000 - 0x00007ffcfbdbd000 	C:\WINDOWS\SYSTEM32\IPHLPAPI.DLL
0x00007ffcffa50000 - 0x00007ffcffa59000 	C:\WINDOWS\System32\NSI.dll
0x00007ffcf6210000 - 0x00007ffcf6229000 	C:\WINDOWS\SYSTEM32\dhcpcsvc6.DLL
0x00007ffcf5a30000 - 0x00007ffcf5a4f000 	C:\WINDOWS\SYSTEM32\dhcpcsvc.DLL
0x00007ffcfbe00000 - 0x00007ffcfbef3000 	C:\WINDOWS\SYSTEM32\DNSAPI.dll
0x00007ffcf58e0000 - 0x00007ffcf58e8000 	C:\WINDOWS\system32\wshunix.dll

dbghelp: loaded successfully - version: 4.0.5 - missing functions: none
symbol engine: initialized successfully - sym options: 0x614 - pdb path: .;C:\Program Files\Android\Android Studio1\jbr\bin;C:\WINDOWS\SYSTEM32;C:\WINDOWS\WinSxS\amd64_microsoft.windows.common-controls_6595b64144ccf1df_6.0.22621.2070_none_2713e6537381f706;C:\Program Files\Android\Android Studio1\jbr\bin\server;F:\AndroidStudio\ToDoListAndroidMVP-master\ToDoListAndroidMVP-master\app\native\e1d6ef7f7dcc3fd88c89a11ec53ec762bb8ba0a96d01ffa2cd45eb1d1d8dd5c5\windows-amd64;F:\AndroidStudio\ToDoListAndroidMVP-master\ToDoListAndroidMVP-master\app\native\5664cfc778a61ccfe75a443a1ab52a65af34e5dc3c78e0209fed803814484fcb\windows-amd64

VM Arguments:
jvm_args: --add-opens=java.base/java.util=ALL-UNNAMED --add-opens=java.base/java.lang=ALL-UNNAMED --add-opens=java.base/java.lang.invoke=ALL-UNNAMED --add-opens=java.base/java.util=ALL-UNNAMED --add-opens=java.prefs/java.util.prefs=ALL-UNNAMED --add-opens=java.prefs/java.util.prefs=ALL-UNNAMED --add-opens=java.base/java.nio.charset=ALL-UNNAMED --add-opens=java.base/java.net=ALL-UNNAMED --add-opens=java.base/java.util.concurrent.atomic=ALL-UNNAMED -Xmx2048m -Dfile.encoding=UTF-8 -Duser.country=ID -Duser.language=en -Duser.variant 
java_command: org.gradle.launcher.daemon.bootstrap.GradleDaemon 7.2
java_class_path (initial): F:\AndroidStudio\ToDoListAndroidMVP-master\ToDoListAndroidMVP-master\app\wrapper\dists\gradle-7.2-bin\2dnblmf4td7x66yl1d74lt32g\gradle-7.2\lib\gradle-launcher-7.2.jar
Launcher Type: SUN_STANDARD

[Global flags]
     intx CICompilerCount                          = 4                                         {product} {ergonomic}
     uint ConcGCThreads                            = 2                                         {product} {ergonomic}
     uint G1ConcRefinementThreads                  = 8                                         {product} {ergonomic}
   size_t G1HeapRegionSize                         = 1048576                                   {product} {ergonomic}
    uintx GCDrainStackTargetSize                   = 64                                        {product} {ergonomic}
   size_t InitialHeapSize                          = 132120576                                 {product} {ergonomic}
   size_t MarkStackSize                            = 4194304                                   {product} {ergonomic}
   size_t MaxHeapSize                              = 2147483648                                {product} {command line}
   size_t MaxNewSize                               = 1287651328                                {product} {ergonomic}
   size_t MinHeapDeltaBytes                        = 1048576                                   {product} {ergonomic}
   size_t MinHeapSize                              = 8388608                                   {product} {ergonomic}
    uintx NonNMethodCodeHeapSize                   = 5839372                                {pd product} {ergonomic}
    uintx NonProfiledCodeHeapSize                  = 122909434                              {pd product} {ergonomic}
    uintx ProfiledCodeHeapSize                     = 122909434                              {pd product} {ergonomic}
    uintx ReservedCodeCacheSize                    = 251658240                              {pd product} {ergonomic}
     bool SegmentedCodeCache                       = true                                      {product} {ergonomic}
   size_t SoftMaxHeapSize                          = 2147483648                             {manageable} {ergonomic}
     bool UseCompressedClassPointers               = true                           {product lp64_product} {ergonomic}
     bool UseCompressedOops                        = true                           {product lp64_product} {ergonomic}
     bool UseG1GC                                  = true                                      {product} {ergonomic}
     bool UseLargePagesIndividualAllocation        = false                                  {pd product} {ergonomic}

Logging:
Log output configuration:
 #0: stdout all=warning uptime,level,tags
 #1: stderr all=off uptime,level,tags

Environment Variables:
JAVA_HOME=C:\Program Files (x86)\Java\jdk1.8.0_31\bin
PATH=C:\Program Files (x86)\VMware\VMware Player\bin\;C:\Program Files (x86)\Common Files\Intel\Shared Libraries\redist\intel64\compiler;C:\Program Files (x86)\Common Files\Oracle\Java\javapath;C:\ProgramData\Oracle\Java\javapath;C:\Windows\system32;C:\Windows;C:\Windows\System32\Wbem;C:\Windows\System32\WindowsPowerShell\v1.0\;C:\Windows\System32\OpenSSH\;C:\Program Files (x86)\NVIDIA Corporation\PhysX\Common;C:\Program Files\NVIDIA Corporation\NVIDIA NvDLISR;C:\Program Files\Microsoft\Web Platform Installer\;C:\Program Files (x86)\Microsoft ASP.NET\ASP.NET Web Pages\v1.0\;C:\Program Files (x86)\Windows Kits\8.0\Windows Performance Toolkit\;C:\Program Files\Microsoft SQL Server\110\Tools\Binn\;C:\Users\Tomo\AppData\Local\Programs\Python\Python39\Scripts;C:\WINDOWS\system32;C:\WINDOWS;C:\WINDOWS\System32\Wbem;C:\WINDOWS\System32\WindowsPowerShell\v1.0\;C:\WINDOWS\System32\OpenSSH\;C:\Program Files (x86)\Java\jdk1.8.0_31\bin;C:\Program Files\MySQL\MySQL Server 8.0\bin;C:\Program Files\MySQL\MySQL Shell 8.0\bin\;C:\Users\Tomo\AppData\Local\Microsoft\WindowsApps;C:\Users\Tomo\AppData\Local\Programs\Microsoft VS Code\bin;F:\php-8.1.11-Win32-vs16-x64;C:\Users\Tomo\AppData\Local\GitHubDesktop\bin
USERNAME=Tomo
OS=Windows_NT
PROCESSOR_IDENTIFIER=Intel64 Family 6 Model 165 Stepping 2, GenuineIntel
TMP=C:\Users\Tomo\AppData\Local\Temp
TEMP=C:\Users\Tomo\AppData\Local\Temp


JNI global refs:
JNI global refs: 24, weak refs: 0

JNI global refs memory usage: 843, weak refs: 841


---------------  S Y S T E M  ---------------

OS:
 Windows 11 , 64 bit Build 22621 (10.0.22621.2070)
OS uptime: 0 days 3:31 hours

CPU: total 8 (initial active 8) (4 cores per cpu, 2 threads per core) family 6 model 165 stepping 2 microcode 0xe2, cx8, cmov, fxsr, ht, mmx, 3dnowpref, sse, sse2, sse3, ssse3, sse4.1, sse4.2, popcnt, lzcnt, tsc, tscinvbit, avx, avx2, aes, erms, clmul, bmi1, bmi2, adx, fma, vzeroupper, clflush, clflushopt

Memory: 4k page, system-wide physical 8060M (642M free)
TotalPageFile size 20560M (AvailPageFile size 0M)
current process WorkingSet (physical memory assigned to process): 334M, peak: 343M
current process commit charge ("private bytes"): 406M, peak: 415M

vm_info: OpenJDK 64-Bit Server VM (17.0.6+0-b2043.56-10027231) for windows-amd64 JRE (17.0.6+0-b2043.56-10027231), built on Apr 28 2023 00:43:19 by "androidbuild" with MS VC++ 16.10 / 16.11 (VS2019)

END.
