#
# There is insufficient memory for the Java Runtime Environment to continue.
# Native memory allocation (mmap) failed to map 400556032 bytes for G1 virtual space
# Possible reasons:
#   The system is out of physical RAM or swap space
#   The process is running with CompressedOops enabled, and the Java Heap may be blocking the growth of the native heap
# Possible solutions:
#   Reduce memory load on the system
#   Increase physical memory or swap space
#   Check if swap backing store is full
#   Decrease Java heap size (-Xmx/-Xms)
#   Decrease number of Java threads
#   Decrease Java thread stack sizes (-Xss)
#   Set larger code cache with -XX:ReservedCodeCacheSize=
#   JVM is running with Unscaled Compressed Oops mode in which the Java heap is
#     placed in the first 4GB address space. The Java Heap base address is the
#     maximum limit for the native heap growth. Please use -XX:HeapBaseMinAddress
#     to set the Java Heap base and to place the Java Heap above 4GB virtual address.
# This output file may be truncated or incomplete.
#
#  Out of Memory Error (os_windows.cpp:3769), pid=22500, tid=15012
#
# JRE version: OpenJDK Runtime Environment (17.0.6) (build 17.0.6+0-b2043.56-10027231)
# Java VM: OpenJDK 64-Bit Server VM (17.0.6+0-b2043.56-10027231, mixed mode, tiered, compressed oops, compressed class ptrs, g1 gc, windows-amd64)
# No core dump will be written. Minidumps are not enabled by default on client versions of Windows
#

---------------  S U M M A R Y ------------

Command Line: --add-opens=java.base/java.util=ALL-UNNAMED --add-opens=java.base/java.lang=ALL-UNNAMED --add-opens=java.base/java.lang.invoke=ALL-UNNAMED --add-opens=java.base/java.util=ALL-UNNAMED --add-opens=java.prefs/java.util.prefs=ALL-UNNAMED --add-opens=java.prefs/java.util.prefs=ALL-UNNAMED --add-opens=java.base/java.nio.charset=ALL-UNNAMED --add-opens=java.base/java.net=ALL-UNNAMED --add-opens=java.base/java.util.concurrent.atomic=ALL-UNNAMED -Xmx2048m -Dfile.encoding=UTF-8 -Duser.country=ID -Duser.language=en -Duser.variant org.gradle.launcher.daemon.bootstrap.GradleDaemon 7.2

Host: Intel(R) Core(TM) i5-10300H CPU @ 2.50GHz, 8 cores, 7G,  Windows 11 , 64 bit Build 22621 (10.0.22621.2070)
Time: Fri Aug 18 02:51:06 2023 SE Asia Standard Time elapsed time: 415.365185 seconds (0d 0h 6m 55s)

---------------  T H R E A D  ---------------

Current thread (0x0000025268111060):  VMThread "VM Thread" [stack: 0x000000cc34900000,0x000000cc34a00000] [id=15012]

Stack: [0x000000cc34900000,0x000000cc34a00000]
Native frames: (J=compiled Java code, j=interpreted, Vv=VM code, C=native code)
V  [jvm.dll+0x683c9a]
V  [jvm.dll+0x8427a4]
V  [jvm.dll+0x843f9e]
V  [jvm.dll+0x844603]
V  [jvm.dll+0x249b75]
V  [jvm.dll+0x680b69]
V  [jvm.dll+0x67505a]
V  [jvm.dll+0x309acb]
V  [jvm.dll+0x310f86]
V  [jvm.dll+0x3608ee]
V  [jvm.dll+0x360b1f]
V  [jvm.dll+0x2dfbf8]
V  [jvm.dll+0x2ddec4]
V  [jvm.dll+0x2dd4cc]
V  [jvm.dll+0x321f3b]
V  [jvm.dll+0x848ccb]
V  [jvm.dll+0x849a04]
V  [jvm.dll+0x849f1d]
V  [jvm.dll+0x84a2f4]
V  [jvm.dll+0x84a3c0]
V  [jvm.dll+0x7f274a]
V  [jvm.dll+0x682ad5]
C  [ucrtbase.dll+0x29363]
C  [KERNEL32.DLL+0x126ad]
C  [ntdll.dll+0x5aa68]

VM_Operation (0x000000cc3cffac90): G1CollectForAllocation, mode: safepoint, requested by thread 0x0000025269cb3300


---------------  P R O C E S S  ---------------

Threads class SMR info:
_java_thread_list=0x000002526ec9bd80, length=138, elements={
0x000002524e2af6d0, 0x0000025268c13020, 0x0000025268c13bd0, 0x00000252681259a0,
0x0000025268126460, 0x0000025268c37030, 0x0000025268c379e0, 0x0000025268c3a6d0,
0x0000025268c3e670, 0x0000025268c3ff80, 0x0000025268dcd010, 0x0000025268dd1970,
0x000002526a7c1780, 0x0000025268e663e0, 0x0000025269c91730, 0x0000025269abedd0,
0x0000025269abf770, 0x0000025269ac0f80, 0x000002526ddac6f0, 0x000002526ddaaee0,
0x000002526ddb13f0, 0x000002526ddb0580, 0x000002526ddb18c0, 0x000002526ddaf240,
0x000002526ddae3d0, 0x000002526ddafbe0, 0x000002526ddb0a50, 0x000002526bcac8b0,
0x000002526bcacd80, 0x000002526bcb1a80, 0x000002526e7af3b0, 0x000002526e7b3240,
0x000002526e7b5d90, 0x000002526e877e70, 0x000002526e876660, 0x000002526e878340,
0x000002526e87bd00, 0x000002526e87ae90, 0x000002526e87b830, 0x000002526e87b360,
0x000002526e8774d0, 0x000002526e87c1d0, 0x000002526e878810, 0x000002526e878ce0,
0x000002526e876b30, 0x000002526e87c6a0, 0x000002526e877000, 0x000002526e8779a0,
0x000002526e87cb70, 0x000002526e87d040, 0x000002526e87d510, 0x000002526e879b50,
0x000002526e875cc0, 0x000002526e8791b0, 0x000002526e879680, 0x000002526e87a020,
0x000002526e876190, 0x000002526e87a4f0, 0x000002526bcb0740, 0x000002526bcafda0,
0x000002526bcac3e0, 0x000002526bcaba40, 0x000002526bcaef30, 0x000002526bcb10e0,
0x000002526bcb28f0, 0x000002526bcad250, 0x000002526bcab0a0, 0x000002526bcb1f50,
0x000002526bcad720, 0x000002526bcadbf0, 0x000002526bcab570, 0x000002526bcb15b0,
0x000002526bcb2420, 0x000002526bcae0c0, 0x000002526bcae590, 0x000002526bcaea60,
0x000002526bcabf10, 0x000002526bcaf400, 0x000002526bcb0270, 0x000002526e7b3710,
0x000002526e7b1f00, 0x000002526e7b4f20, 0x000002526e7b6260, 0x000002526e7b1090,
0x000002526e7b1560, 0x000002526e7b1a30, 0x000002526e7b3be0, 0x000002526e7b6730,
0x000002526e7af880, 0x000002526e7afd50, 0x000002526e7b0220, 0x000002526e7aeee0,
0x000002526e7b06f0, 0x000002526e7b23d0, 0x000002526e7b28a0, 0x000002526e7b40b0,
0x000002526e7b4580, 0x000002526e7b4a50, 0x000002526e7b53f0, 0x000002526ddaa070,
0x000002526ddab3b0, 0x000002526ddaa540, 0x000002526ddad090, 0x000002526ddaf710,
0x000002526ddadf00, 0x000002526ddab880, 0x000002526ddabd50, 0x000002526ddac220,
0x000002526ddad560, 0x000002526ddada30, 0x0000025269ac22c0, 0x0000025269ac1df0,
0x0000025269ac2790, 0x0000025269ac05e0, 0x0000025269abfc40, 0x0000025269ac0ab0,
0x0000025269abf2a0, 0x0000025269ac1450, 0x0000025269ac1920, 0x0000025269cb07b0,
0x0000025269cb37d0, 0x0000025269cb4b10, 0x0000025269cae130, 0x0000025269cb2960,
0x0000025269cb4fe0, 0x0000025269cb4170, 0x0000025269cb5980, 0x0000025269cb0c80,
0x0000025269cb1150, 0x0000025269cb1620, 0x0000025269cb3300, 0x0000025269cb2e30,
0x0000025269cb02e0, 0x0000025269cb1fc0, 0x0000025269cafe10, 0x0000025269caf940,
0x00000252694cb910, 0x0000025269cb4640
}

Java Threads: ( => current thread )
  0x000002524e2af6d0 JavaThread "main" [_thread_blocked, id=24300, stack(0x000000cc34300000,0x000000cc34400000)]
  0x0000025268c13020 JavaThread "Reference Handler" daemon [_thread_blocked, id=17944, stack(0x000000cc34a00000,0x000000cc34b00000)]
  0x0000025268c13bd0 JavaThread "Finalizer" daemon [_thread_blocked, id=5596, stack(0x000000cc34b00000,0x000000cc34c00000)]
  0x00000252681259a0 JavaThread "Signal Dispatcher" daemon [_thread_blocked, id=9144, stack(0x000000cc34c00000,0x000000cc34d00000)]
  0x0000025268126460 JavaThread "Attach Listener" daemon [_thread_blocked, id=22000, stack(0x000000cc34d00000,0x000000cc34e00000)]
  0x0000025268c37030 JavaThread "Service Thread" daemon [_thread_blocked, id=18176, stack(0x000000cc34e00000,0x000000cc34f00000)]
  0x0000025268c379e0 JavaThread "Monitor Deflation Thread" daemon [_thread_blocked, id=20764, stack(0x000000cc34f00000,0x000000cc35000000)]
  0x0000025268c3a6d0 JavaThread "C2 CompilerThread0" daemon [_thread_blocked, id=22380, stack(0x000000cc35000000,0x000000cc35100000)]
  0x0000025268c3e670 JavaThread "C1 CompilerThread0" daemon [_thread_blocked, id=6520, stack(0x000000cc35100000,0x000000cc35200000)]
  0x0000025268c3ff80 JavaThread "Sweeper thread" daemon [_thread_blocked, id=16616, stack(0x000000cc35200000,0x000000cc35300000)]
  0x0000025268dcd010 JavaThread "Common-Cleaner" daemon [_thread_blocked, id=13888, stack(0x000000cc35300000,0x000000cc35400000)]
  0x0000025268dd1970 JavaThread "Notification Thread" daemon [_thread_blocked, id=23736, stack(0x000000cc35400000,0x000000cc35500000)]
  0x000002526a7c1780 JavaThread "Daemon health stats" [_thread_blocked, id=16588, stack(0x000000cc35c00000,0x000000cc35d00000)]
  0x0000025268e663e0 JavaThread "Incoming local TCP Connector on port 2736" [_thread_in_native, id=24288, stack(0x000000cc35600000,0x000000cc35700000)]
  0x0000025269c91730 JavaThread "Daemon periodic checks" [_thread_blocked, id=19056, stack(0x000000cc35a00000,0x000000cc35b00000)]
  0x0000025269abedd0 JavaThread "Cache worker for journal cache (F:\AndroidStudio\ToDoListAndroidMVP-master\ToDoListAndroidMVP-master\app\caches\journal-1)" [_thread_blocked, id=24080, stack(0x000000cc36800000,0x000000cc36900000)]
  0x0000025269abf770 JavaThread "File lock request listener" [_thread_in_native, id=17128, stack(0x000000cc36900000,0x000000cc36a00000)]
  0x0000025269ac0f80 JavaThread "Cache worker for file hash cache (F:\AndroidStudio\ToDoListAndroidMVP-master\ToDoListAndroidMVP-master\app\caches\7.2\fileHashes)" [_thread_blocked, id=8676, stack(0x000000cc36a00000,0x000000cc36b00000)]
  0x000002526ddac6f0 JavaThread "File watcher server" daemon [_thread_blocked, id=7184, stack(0x000000cc36d00000,0x000000cc36e00000)]
  0x000002526ddaaee0 JavaThread "File watcher consumer" daemon [_thread_blocked, id=8820, stack(0x000000cc36e00000,0x000000cc36f00000)]
  0x000002526ddb13f0 JavaThread "Cache worker for execution history cache (F:\AndroidStudio\ToDoListAndroidMVP-master\ToDoListAndroidMVP-master\app\caches\7.2\executionHistory)" [_thread_blocked, id=692, stack(0x000000cc37200000,0x000000cc37300000)]
  0x000002526ddb0580 JavaThread "jar transforms" [_thread_blocked, id=6748, stack(0x000000cc36b00000,0x000000cc36c00000)]
  0x000002526ddb18c0 JavaThread "jar transforms Thread 2" [_thread_blocked, id=5752, stack(0x000000cc37300000,0x000000cc37400000)]
  0x000002526ddaf240 JavaThread "Cache worker for file content cache (F:\AndroidStudio\ToDoListAndroidMVP-master\ToDoListAndroidMVP-master\app\caches\7.2\fileContent)" [_thread_blocked, id=22956, stack(0x000000cc37500000,0x000000cc37600000)]
  0x000002526ddae3d0 JavaThread "jar transforms Thread 3" [_thread_blocked, id=16112, stack(0x000000cc37600000,0x000000cc37700000)]
  0x000002526ddafbe0 JavaThread "jar transforms Thread 4" [_thread_blocked, id=3840, stack(0x000000cc37700000,0x000000cc37800000)]
  0x000002526ddb0a50 JavaThread "jar transforms Thread 5" [_thread_blocked, id=14080, stack(0x000000cc37900000,0x000000cc37a00000)]
  0x000002526bcac8b0 JavaThread "jar transforms Thread 6" [_thread_blocked, id=15536, stack(0x000000cc3ca00000,0x000000cc3cb00000)]
  0x000002526bcacd80 JavaThread "jar transforms Thread 7" [_thread_blocked, id=20872, stack(0x000000cc3cb00000,0x000000cc3cc00000)]
  0x000002526bcb1a80 JavaThread "jar transforms Thread 8" [_thread_blocked, id=17772, stack(0x000000cc3cc00000,0x000000cc3cd00000)]
  0x000002526e7af3b0 JavaThread "Memory manager" [_thread_blocked, id=17784, stack(0x000000cc3cd00000,0x000000cc3ce00000)]
  0x000002526e7b3240 JavaThread "ForkJoinPool.commonPool-worker-2" daemon [_thread_blocked, id=17012, stack(0x000000cc3e000000,0x000000cc3e100000)]
  0x000002526e7b5d90 JavaThread "ForkJoinPool.commonPool-worker-6" daemon [_thread_blocked, id=24104, stack(0x000000cc3e400000,0x000000cc3e500000)]
  0x000002526e877e70 JavaThread "Daemon Thread 3" [_thread_blocked, id=16540, stack(0x000000cc34000000,0x000000cc34100000)]
  0x000002526e876660 JavaThread "Handler for socket connection from /127.0.0.1:2736 to /127.0.0.1:2951" [_thread_in_native, id=16876, stack(0x000000cc34100000,0x000000cc34200000)]
  0x000002526e878340 JavaThread "Cancel handler" [_thread_blocked, id=16600, stack(0x000000cc34200000,0x000000cc34300000)]
  0x000002526e87bd00 JavaThread "Daemon worker Thread 3" [_thread_blocked, id=6928, stack(0x000000cc35d00000,0x000000cc35e00000)]
  0x000002526e87ae90 JavaThread "Asynchronous log dispatcher for DefaultDaemonConnection: socket connection from /127.0.0.1:2736 to /127.0.0.1:2951" [_thread_blocked, id=19584, stack(0x000000cc35e00000,0x000000cc35f00000)]
  0x000002526e87b830 JavaThread "Stdin handler" [_thread_blocked, id=13432, stack(0x000000cc35f00000,0x000000cc36000000)]
  0x000002526e87b360 JavaThread "Daemon client event forwarder" [_thread_blocked, id=20984, stack(0x000000cc36000000,0x000000cc36100000)]
  0x000002526e8774d0 JavaThread "Cache worker for file hash cache (F:\AndroidStudio\MyList\.gradle\7.2\fileHashes)" [_thread_blocked, id=1764, stack(0x000000cc36100000,0x000000cc36200000)]
  0x000002526e87c1d0 JavaThread "Cache worker for checksums cache (F:\AndroidStudio\MyList\.gradle\checksums)" [_thread_blocked, id=19464, stack(0x000000cc36200000,0x000000cc36300000)]
  0x000002526e878810 JavaThread "Cache worker for cache directory md-supplier (F:\AndroidStudio\ToDoListAndroidMVP-master\ToDoListAndroidMVP-master\app\caches\7.2\md-supplier)" [_thread_blocked, id=25072, stack(0x000000cc36c00000,0x000000cc36d00000)]
  0x000002526e878ce0 JavaThread "Cache worker for cache directory md-rule (F:\AndroidStudio\ToDoListAndroidMVP-master\ToDoListAndroidMVP-master\app\caches\7.2\md-rule)" [_thread_blocked, id=19916, stack(0x000000cc36f00000,0x000000cc37000000)]
  0x000002526e876b30 JavaThread "Cache worker for dependencies-accessors (F:\AndroidStudio\MyList\.gradle\7.2\dependencies-accessors)" [_thread_blocked, id=25076, stack(0x000000cc36300000,0x000000cc36400000)]
  0x000002526e87c6a0 JavaThread "Cache worker for Build Output Cleanup Cache (F:\AndroidStudio\MyList\.gradle\buildOutputCleanup)" [_thread_blocked, id=8000, stack(0x000000cc37000000,0x000000cc37100000)]
  0x000002526e877000 JavaThread "Unconstrained build operations" [_thread_blocked, id=10648, stack(0x000000cc37100000,0x000000cc37200000)]
  0x000002526e8779a0 JavaThread "Unconstrained build operations Thread 2" [_thread_blocked, id=18796, stack(0x000000cc37400000,0x000000cc37500000)]
  0x000002526e87cb70 JavaThread "Unconstrained build operations Thread 3" [_thread_blocked, id=4812, stack(0x000000cc37800000,0x000000cc37900000)]
  0x000002526e87d040 JavaThread "Unconstrained build operations Thread 4" [_thread_blocked, id=23108, stack(0x000000cc37a00000,0x000000cc37b00000)]
  0x000002526e87d510 JavaThread "Unconstrained build operations Thread 5" [_thread_blocked, id=4876, stack(0x000000cc37b00000,0x000000cc37c00000)]
  0x000002526e879b50 JavaThread "Unconstrained build operations Thread 6" [_thread_blocked, id=1692, stack(0x000000cc37c00000,0x000000cc37d00000)]
  0x000002526e875cc0 JavaThread "Unconstrained build operations Thread 7" [_thread_blocked, id=17288, stack(0x000000cc37d00000,0x000000cc37e00000)]
  0x000002526e8791b0 JavaThread "Unconstrained build operations Thread 8" [_thread_blocked, id=24624, stack(0x000000cc37e00000,0x000000cc37f00000)]
  0x000002526e879680 JavaThread "Unconstrained build operations Thread 9" [_thread_blocked, id=20728, stack(0x000000cc37f00000,0x000000cc38000000)]
  0x000002526e87a020 JavaThread "Unconstrained build operations Thread 10" [_thread_blocked, id=18500, stack(0x000000cc38000000,0x000000cc38100000)]
  0x000002526e876190 JavaThread "Unconstrained build operations Thread 11" [_thread_blocked, id=24468, stack(0x000000cc38100000,0x000000cc38200000)]
  0x000002526e87a4f0 JavaThread "Unconstrained build operations Thread 12" [_thread_blocked, id=17656, stack(0x000000cc38200000,0x000000cc38300000)]
  0x000002526bcb0740 JavaThread "Unconstrained build operations Thread 13" [_thread_blocked, id=23184, stack(0x000000cc38300000,0x000000cc38400000)]
  0x000002526bcafda0 JavaThread "Unconstrained build operations Thread 14" [_thread_blocked, id=2968, stack(0x000000cc38400000,0x000000cc38500000)]
  0x000002526bcac3e0 JavaThread "Unconstrained build operations Thread 15" [_thread_blocked, id=22268, stack(0x000000cc38500000,0x000000cc38600000)]
  0x000002526bcaba40 JavaThread "Unconstrained build operations Thread 16" [_thread_blocked, id=20596, stack(0x000000cc38600000,0x000000cc38700000)]
  0x000002526bcaef30 JavaThread "Unconstrained build operations Thread 17" [_thread_blocked, id=23476, stack(0x000000cc38700000,0x000000cc38800000)]
  0x000002526bcb10e0 JavaThread "Unconstrained build operations Thread 18" [_thread_blocked, id=18420, stack(0x000000cc38800000,0x000000cc38900000)]
  0x000002526bcb28f0 JavaThread "Unconstrained build operations Thread 19" [_thread_blocked, id=18360, stack(0x000000cc38900000,0x000000cc38a00000)]
  0x000002526bcad250 JavaThread "Unconstrained build operations Thread 20" [_thread_blocked, id=16412, stack(0x000000cc38a00000,0x000000cc38b00000)]
  0x000002526bcab0a0 JavaThread "Unconstrained build operations Thread 21" [_thread_blocked, id=25120, stack(0x000000cc38b00000,0x000000cc38c00000)]
  0x000002526bcb1f50 JavaThread "Unconstrained build operations Thread 22" [_thread_blocked, id=3056, stack(0x000000cc38c00000,0x000000cc38d00000)]
  0x000002526bcad720 JavaThread "Unconstrained build operations Thread 23" [_thread_blocked, id=11932, stack(0x000000cc38d00000,0x000000cc38e00000)]
  0x000002526bcadbf0 JavaThread "Unconstrained build operations Thread 24" [_thread_blocked, id=21252, stack(0x000000cc38e00000,0x000000cc38f00000)]
  0x000002526bcab570 JavaThread "Unconstrained build operations Thread 25" [_thread_blocked, id=25472, stack(0x000000cc38f00000,0x000000cc39000000)]
  0x000002526bcb15b0 JavaThread "Unconstrained build operations Thread 26" [_thread_blocked, id=9168, stack(0x000000cc39000000,0x000000cc39100000)]
  0x000002526bcb2420 JavaThread "Unconstrained build operations Thread 27" [_thread_blocked, id=23004, stack(0x000000cc39100000,0x000000cc39200000)]
  0x000002526bcae0c0 JavaThread "Unconstrained build operations Thread 28" [_thread_blocked, id=17152, stack(0x000000cc39200000,0x000000cc39300000)]
  0x000002526bcae590 JavaThread "Unconstrained build operations Thread 29" [_thread_blocked, id=24532, stack(0x000000cc39300000,0x000000cc39400000)]
  0x000002526bcaea60 JavaThread "Unconstrained build operations Thread 30" [_thread_blocked, id=23760, stack(0x000000cc39400000,0x000000cc39500000)]
  0x000002526bcabf10 JavaThread "Unconstrained build operations Thread 31" [_thread_blocked, id=3912, stack(0x000000cc39500000,0x000000cc39600000)]
  0x000002526bcaf400 JavaThread "Unconstrained build operations Thread 32" [_thread_blocked, id=2964, stack(0x000000cc39600000,0x000000cc39700000)]
  0x000002526bcb0270 JavaThread "Unconstrained build operations Thread 33" [_thread_blocked, id=22872, stack(0x000000cc39700000,0x000000cc39800000)]
  0x000002526e7b3710 JavaThread "Unconstrained build operations Thread 34" [_thread_blocked, id=9992, stack(0x000000cc39800000,0x000000cc39900000)]
  0x000002526e7b1f00 JavaThread "Unconstrained build operations Thread 35" [_thread_blocked, id=23516, stack(0x000000cc39900000,0x000000cc39a00000)]
  0x000002526e7b4f20 JavaThread "Unconstrained build operations Thread 36" [_thread_blocked, id=24656, stack(0x000000cc39a00000,0x000000cc39b00000)]
  0x000002526e7b6260 JavaThread "Unconstrained build operations Thread 37" [_thread_blocked, id=4060, stack(0x000000cc39b00000,0x000000cc39c00000)]
  0x000002526e7b1090 JavaThread "Unconstrained build operations Thread 38" [_thread_blocked, id=20468, stack(0x000000cc39c00000,0x000000cc39d00000)]
  0x000002526e7b1560 JavaThread "Unconstrained build operations Thread 39" [_thread_blocked, id=23356, stack(0x000000cc39d00000,0x000000cc39e00000)]
  0x000002526e7b1a30 JavaThread "Unconstrained build operations Thread 40" [_thread_blocked, id=16800, stack(0x000000cc39e00000,0x000000cc39f00000)]
  0x000002526e7b3be0 JavaThread "Unconstrained build operations Thread 41" [_thread_blocked, id=6584, stack(0x000000cc39f00000,0x000000cc3a000000)]
  0x000002526e7b6730 JavaThread "Unconstrained build operations Thread 42" [_thread_blocked, id=21088, stack(0x000000cc3a000000,0x000000cc3a100000)]
  0x000002526e7af880 JavaThread "Unconstrained build operations Thread 43" [_thread_blocked, id=7080, stack(0x000000cc3a100000,0x000000cc3a200000)]
  0x000002526e7afd50 JavaThread "Unconstrained build operations Thread 44" [_thread_blocked, id=5740, stack(0x000000cc3a200000,0x000000cc3a300000)]
  0x000002526e7b0220 JavaThread "Unconstrained build operations Thread 45" [_thread_blocked, id=23784, stack(0x000000cc3a300000,0x000000cc3a400000)]
  0x000002526e7aeee0 JavaThread "Unconstrained build operations Thread 46" [_thread_blocked, id=1704, stack(0x000000cc3a400000,0x000000cc3a500000)]
  0x000002526e7b06f0 JavaThread "Unconstrained build operations Thread 47" [_thread_blocked, id=2800, stack(0x000000cc3a500000,0x000000cc3a600000)]
  0x000002526e7b23d0 JavaThread "Unconstrained build operations Thread 48" [_thread_blocked, id=17920, stack(0x000000cc3a600000,0x000000cc3a700000)]
  0x000002526e7b28a0 JavaThread "Unconstrained build operations Thread 49" [_thread_blocked, id=15992, stack(0x000000cc3a700000,0x000000cc3a800000)]
  0x000002526e7b40b0 JavaThread "Unconstrained build operations Thread 50" [_thread_blocked, id=20484, stack(0x000000cc3a800000,0x000000cc3a900000)]
  0x000002526e7b4580 JavaThread "Unconstrained build operations Thread 51" [_thread_blocked, id=8224, stack(0x000000cc3a900000,0x000000cc3aa00000)]
  0x000002526e7b4a50 JavaThread "Unconstrained build operations Thread 52" [_thread_blocked, id=18988, stack(0x000000cc3aa00000,0x000000cc3ab00000)]
  0x000002526e7b53f0 JavaThread "Unconstrained build operations Thread 53" [_thread_blocked, id=7040, stack(0x000000cc3ab00000,0x000000cc3ac00000)]
  0x000002526ddaa070 JavaThread "Unconstrained build operations Thread 54" [_thread_blocked, id=9668, stack(0x000000cc3ac00000,0x000000cc3ad00000)]
  0x000002526ddab3b0 JavaThread "Unconstrained build operations Thread 55" [_thread_blocked, id=24944, stack(0x000000cc3ad00000,0x000000cc3ae00000)]
  0x000002526ddaa540 JavaThread "Unconstrained build operations Thread 56" [_thread_blocked, id=10916, stack(0x000000cc3ae00000,0x000000cc3af00000)]
  0x000002526ddad090 JavaThread "Unconstrained build operations Thread 57" [_thread_blocked, id=24872, stack(0x000000cc3af00000,0x000000cc3b000000)]
  0x000002526ddaf710 JavaThread "Unconstrained build operations Thread 58" [_thread_blocked, id=21816, stack(0x000000cc3b000000,0x000000cc3b100000)]
  0x000002526ddadf00 JavaThread "Unconstrained build operations Thread 59" [_thread_blocked, id=12084, stack(0x000000cc3b100000,0x000000cc3b200000)]
  0x000002526ddab880 JavaThread "Unconstrained build operations Thread 60" [_thread_blocked, id=15104, stack(0x000000cc3b200000,0x000000cc3b300000)]
  0x000002526ddabd50 JavaThread "Unconstrained build operations Thread 61" [_thread_blocked, id=4744, stack(0x000000cc3b300000,0x000000cc3b400000)]
  0x000002526ddac220 JavaThread "Unconstrained build operations Thread 62" [_thread_blocked, id=1712, stack(0x000000cc3b400000,0x000000cc3b500000)]
  0x000002526ddad560 JavaThread "Unconstrained build operations Thread 63" [_thread_blocked, id=22676, stack(0x000000cc3b500000,0x000000cc3b600000)]
  0x000002526ddada30 JavaThread "Unconstrained build operations Thread 64" [_thread_blocked, id=20744, stack(0x000000cc3b600000,0x000000cc3b700000)]
  0x0000025269ac22c0 JavaThread "Unconstrained build operations Thread 65" [_thread_blocked, id=25340, stack(0x000000cc3b700000,0x000000cc3b800000)]
  0x0000025269ac1df0 JavaThread "Unconstrained build operations Thread 66" [_thread_blocked, id=18804, stack(0x000000cc3b800000,0x000000cc3b900000)]
  0x0000025269ac2790 JavaThread "Unconstrained build operations Thread 67" [_thread_blocked, id=10708, stack(0x000000cc3b900000,0x000000cc3ba00000)]
  0x0000025269ac05e0 JavaThread "Unconstrained build operations Thread 68" [_thread_blocked, id=9376, stack(0x000000cc3ba00000,0x000000cc3bb00000)]
  0x0000025269abfc40 JavaThread "Unconstrained build operations Thread 69" [_thread_blocked, id=24976, stack(0x000000cc3bb00000,0x000000cc3bc00000)]
  0x0000025269ac0ab0 JavaThread "Unconstrained build operations Thread 70" [_thread_blocked, id=20344, stack(0x000000cc3bc00000,0x000000cc3bd00000)]
  0x0000025269abf2a0 JavaThread "Unconstrained build operations Thread 71" [_thread_blocked, id=25448, stack(0x000000cc3bd00000,0x000000cc3be00000)]
  0x0000025269ac1450 JavaThread "Unconstrained build operations Thread 72" [_thread_blocked, id=23416, stack(0x000000cc3be00000,0x000000cc3bf00000)]
  0x0000025269ac1920 JavaThread "Unconstrained build operations Thread 73" [_thread_blocked, id=12532, stack(0x000000cc3bf00000,0x000000cc3c000000)]
  0x0000025269cb07b0 JavaThread "Unconstrained build operations Thread 74" [_thread_blocked, id=9792, stack(0x000000cc3c000000,0x000000cc3c100000)]
  0x0000025269cb37d0 JavaThread "Unconstrained build operations Thread 75" [_thread_blocked, id=20852, stack(0x000000cc3c100000,0x000000cc3c200000)]
  0x0000025269cb4b10 JavaThread "Unconstrained build operations Thread 76" [_thread_blocked, id=11448, stack(0x000000cc3c200000,0x000000cc3c300000)]
  0x0000025269cae130 JavaThread "Unconstrained build operations Thread 77" [_thread_blocked, id=24040, stack(0x000000cc3c300000,0x000000cc3c400000)]
  0x0000025269cb2960 JavaThread "Unconstrained build operations Thread 78" [_thread_blocked, id=23092, stack(0x000000cc3c400000,0x000000cc3c500000)]
  0x0000025269cb4fe0 JavaThread "Unconstrained build operations Thread 79" [_thread_blocked, id=21612, stack(0x000000cc3c500000,0x000000cc3c600000)]
  0x0000025269cb4170 JavaThread "Unconstrained build operations Thread 80" [_thread_blocked, id=8776, stack(0x000000cc3c600000,0x000000cc3c700000)]
  0x0000025269cb5980 JavaThread "build event listener" [_thread_blocked, id=10744, stack(0x000000cc3c700000,0x000000cc3c800000)]
  0x0000025269cb0c80 JavaThread "Execution worker for ':'" [_thread_blocked, id=22452, stack(0x000000cc3c800000,0x000000cc3c900000)]
  0x0000025269cb1150 JavaThread "Execution worker for ':' Thread 2" [_thread_blocked, id=23676, stack(0x000000cc3c900000,0x000000cc3ca00000)]
  0x0000025269cb1620 JavaThread "Execution worker for ':' Thread 3" [_thread_blocked, id=9800, stack(0x000000cc3ce00000,0x000000cc3cf00000)]
  0x0000025269cb3300 JavaThread "Execution worker for ':' Thread 4" [_thread_blocked, id=21564, stack(0x000000cc3cf00000,0x000000cc3d000000)]
  0x0000025269cb2e30 JavaThread "Execution worker for ':' Thread 5" [_thread_blocked, id=24492, stack(0x000000cc3d000000,0x000000cc3d100000)]
  0x0000025269cb02e0 JavaThread "Execution worker for ':' Thread 6" [_thread_blocked, id=24780, stack(0x000000cc3d100000,0x000000cc3d200000)]
  0x0000025269cb1fc0 JavaThread "Execution worker for ':' Thread 7" [_thread_blocked, id=11260, stack(0x000000cc3d200000,0x000000cc3d300000)]
  0x0000025269cafe10 JavaThread "Cache worker for execution history cache (F:\AndroidStudio\MyList\.gradle\7.2\executionHistory)" [_thread_blocked, id=1852, stack(0x000000cc3d300000,0x000000cc3d400000)]
  0x0000025269caf940 JavaThread "WorkerExecutor Queue" [_thread_blocked, id=17076, stack(0x000000cc3da00000,0x000000cc3db00000)]
  0x00000252694cb910 JavaThread "C2 CompilerThread1" daemon [_thread_blocked, id=20188, stack(0x000000cc3db00000,0x000000cc3dc00000)]
  0x0000025269cb4640 JavaThread "WorkerExecutor Queue Thread 2" [_thread_blocked, id=12152, stack(0x000000cc3dc00000,0x000000cc3dd00000)]

Other Threads:
=>0x0000025268111060 VMThread "VM Thread" [stack: 0x000000cc34900000,0x000000cc34a00000] [id=15012]
  0x0000025268dd3e50 WatcherThread [stack: 0x000000cc35500000,0x000000cc35600000] [id=25544]
  0x000002524e309770 GCTaskThread "GC Thread#0" [stack: 0x000000cc34400000,0x000000cc34500000] [id=24720]
  0x0000025268ff1710 GCTaskThread "GC Thread#1" [stack: 0x000000cc35700000,0x000000cc35800000] [id=24892]
  0x00000252698e2ca0 GCTaskThread "GC Thread#2" [stack: 0x000000cc35800000,0x000000cc35900000] [id=8684]
  0x00000252698e3320 GCTaskThread "GC Thread#3" [stack: 0x000000cc35900000,0x000000cc35a00000] [id=16984]
  0x00000252699e70f0 GCTaskThread "GC Thread#4" [stack: 0x000000cc35b00000,0x000000cc35c00000] [id=19676]
  0x000002526be8cd00 GCTaskThread "GC Thread#5" [stack: 0x000000cc36400000,0x000000cc36500000] [id=9472]
  0x000002526b0b26e0 GCTaskThread "GC Thread#6" [stack: 0x000000cc36500000,0x000000cc36600000] [id=22508]
  0x0000025269bb45a0 GCTaskThread "GC Thread#7" [stack: 0x000000cc36600000,0x000000cc36700000] [id=19596]
  0x000002524e31acf0 ConcurrentGCThread "G1 Main Marker" [stack: 0x000000cc34500000,0x000000cc34600000] [id=2828]
  0x000002524e31b5a0 ConcurrentGCThread "G1 Conc#0" [stack: 0x000000cc34600000,0x000000cc34700000] [id=22108]
  0x0000025269d44eb0 ConcurrentGCThread "G1 Conc#1" [stack: 0x000000cc36700000,0x000000cc36800000] [id=5760]
  0x0000025267f684f0 ConcurrentGCThread "G1 Refine#0" [stack: 0x000000cc34700000,0x000000cc34800000] [id=23564]
  0x0000025268e9b8b0 ConcurrentGCThread "G1 Refine#1" [stack: 0x000000cc3d700000,0x000000cc3d800000] [id=14928]
  0x0000025268e99910 ConcurrentGCThread "G1 Refine#2" [stack: 0x000000cc3d800000,0x000000cc3d900000] [id=24392]
  0x000002526ed6c6d0 ConcurrentGCThread "G1 Refine#3" [stack: 0x000000cc3d400000,0x000000cc3d500000] [id=22724]
  0x000002526ed6afd0 ConcurrentGCThread "G1 Refine#4" [stack: 0x000000cc3d500000,0x000000cc3d600000] [id=22736]
  0x000002526ed69bb0 ConcurrentGCThread "G1 Refine#5" [stack: 0x000000cc3d600000,0x000000cc3d700000] [id=22072]
  0x000002526ed6b870 ConcurrentGCThread "G1 Refine#6" [stack: 0x000000cc3d900000,0x000000cc3da00000] [id=11052]
  0x0000025267f68db0 ConcurrentGCThread "G1 Service" [stack: 0x000000cc34800000,0x000000cc34900000] [id=1968]

Threads with active compile tasks:
C2 CompilerThread0   415455 15199       4       org.gradle.api.internal.artifacts.repositories.resolver.AbstractResourcePattern::isOptionalToken (153 bytes)
C1 CompilerThread0   415455 15215       3       org.gradle.api.internal.artifacts.ivyservice.resolveengine.graph.builder.DependencyState::maybeAddReason (37 bytes)
C2 CompilerThread1   415456 15047       4       com.android.utils.XmlUtils::append (647 bytes)

VM state: at safepoint (normal execution)

VM Mutex/Monitor currently owned by a thread:  ([mutex/lock_event])
[0x000002524e2a9d70] Threads_lock - owner thread: 0x0000025268111060
[0x000002524e2aa4c0] Heap_lock - owner thread: 0x0000025269cb3300

Heap address: 0x0000000080000000, size: 2048 MB, Compressed Oops mode: 32-bit

CDS archive(s) not mapped
Compressed class space mapped at: 0x0000000100000000-0x0000000140000000, reserved size: 1073741824
Narrow klass base: 0x0000000000000000, Narrow klass shift: 3, Narrow klass range: 0x140000000

GC Precious Log:
 CPUs: 8 total, 8 available
 Memory: 8060M
 Large Page Support: Disabled
 NUMA Support: Disabled
 Compressed Oops: Enabled (32-bit)
 Heap Region Size: 1M
 Heap Min Capacity: 8M
 Heap Initial Capacity: 126M
 Heap Max Capacity: 2G
 Pre-touch: Disabled
 Parallel Workers: 8
 Concurrent Workers: 2
 Concurrent Refinement Workers: 8
 Periodic GC: Disabled

Heap:
 garbage-first heap   total 221184K, used 169423K [0x0000000080000000, 0x0000000100000000)
  region size 1024K, 2 young (2048K), 2 survivors (2048K)
 Metaspace       used 96522K, committed 97280K, reserved 1138688K
  class space    used 12760K, committed 13120K, reserved 1048576K

Heap Regions: E=young(eden), S=young(survivor), O=old, HS=humongous(starts), HC=humongous(continues), CS=collection set, F=free, OA=open archive, CA=closed archive, TAMS=top-at-mark-start (previous, next)
|   0|0x0000000080000000, 0x0000000080100000, 0x0000000080100000|100%| O|  |TAMS 0x0000000080100000, 0x0000000080100000| Untracked 
|   1|0x0000000080100000, 0x0000000080200000, 0x0000000080200000|100%| O|  |TAMS 0x0000000080200000, 0x0000000080200000| Untracked 
|   2|0x0000000080200000, 0x0000000080300000, 0x0000000080300000|100%| O|  |TAMS 0x0000000080300000, 0x0000000080300000| Untracked 
|   3|0x0000000080300000, 0x0000000080400000, 0x0000000080400000|100%|HS|  |TAMS 0x0000000080400000, 0x0000000080400000| Complete 
|   4|0x0000000080400000, 0x0000000080500000, 0x0000000080500000|100%|HC|  |TAMS 0x0000000080500000, 0x0000000080500000| Complete 
|   5|0x0000000080500000, 0x0000000080600000, 0x0000000080600000|100%|HC|  |TAMS 0x0000000080600000, 0x0000000080600000| Complete 
|   6|0x0000000080600000, 0x0000000080700000, 0x0000000080700000|100%| O|  |TAMS 0x0000000080700000, 0x0000000080700000| Untracked 
|   7|0x0000000080700000, 0x0000000080800000, 0x0000000080800000|100%| O|  |TAMS 0x0000000080800000, 0x0000000080800000| Untracked 
|   8|0x0000000080800000, 0x0000000080900000, 0x0000000080900000|100%| O|  |TAMS 0x0000000080900000, 0x0000000080900000| Untracked 
|   9|0x0000000080900000, 0x0000000080a00000, 0x0000000080a00000|100%| O|  |TAMS 0x0000000080a00000, 0x0000000080a00000| Untracked 
|  10|0x0000000080a00000, 0x0000000080b00000, 0x0000000080b00000|100%| O|  |TAMS 0x0000000080b00000, 0x0000000080b00000| Untracked 
|  11|0x0000000080b00000, 0x0000000080c00000, 0x0000000080c00000|100%| O|  |TAMS 0x0000000080c00000, 0x0000000080c00000| Untracked 
|  12|0x0000000080c00000, 0x0000000080d00000, 0x0000000080d00000|100%| O|  |TAMS 0x0000000080d00000, 0x0000000080d00000| Untracked 
|  13|0x0000000080d00000, 0x0000000080e00000, 0x0000000080e00000|100%| O|  |TAMS 0x0000000080e00000, 0x0000000080e00000| Untracked 
|  14|0x0000000080e00000, 0x0000000080f00000, 0x0000000080f00000|100%| O|  |TAMS 0x0000000080f00000, 0x0000000080f00000| Untracked 
|  15|0x0000000080f00000, 0x0000000081000000, 0x0000000081000000|100%| O|  |TAMS 0x0000000081000000, 0x0000000081000000| Untracked 
|  16|0x0000000081000000, 0x0000000081100000, 0x0000000081100000|100%| O|  |TAMS 0x0000000081100000, 0x0000000081100000| Untracked 
|  17|0x0000000081100000, 0x0000000081200000, 0x0000000081200000|100%| O|  |TAMS 0x0000000081200000, 0x0000000081200000| Untracked 
|  18|0x0000000081200000, 0x0000000081300000, 0x0000000081300000|100%| O|  |TAMS 0x0000000081300000, 0x0000000081300000| Untracked 
|  19|0x0000000081300000, 0x0000000081400000, 0x0000000081400000|100%|HS|  |TAMS 0x0000000081400000, 0x0000000081400000| Complete 
|  20|0x0000000081400000, 0x0000000081500000, 0x0000000081500000|100%| O|  |TAMS 0x0000000081500000, 0x0000000081500000| Untracked 
|  21|0x0000000081500000, 0x0000000081600000, 0x0000000081600000|100%| O|  |TAMS 0x0000000081600000, 0x0000000081600000| Untracked 
|  22|0x0000000081600000, 0x0000000081700000, 0x0000000081700000|100%| O|  |TAMS 0x0000000081700000, 0x0000000081700000| Untracked 
|  23|0x0000000081700000, 0x0000000081800000, 0x0000000081800000|100%| O|  |TAMS 0x0000000081800000, 0x0000000081800000| Untracked 
|  24|0x0000000081800000, 0x0000000081900000, 0x0000000081900000|100%| O|  |TAMS 0x0000000081900000, 0x0000000081900000| Untracked 
|  25|0x0000000081900000, 0x0000000081a00000, 0x0000000081a00000|100%| O|  |TAMS 0x0000000081a00000, 0x0000000081a00000| Untracked 
|  26|0x0000000081a00000, 0x0000000081b00000, 0x0000000081b00000|100%| O|  |TAMS 0x0000000081b00000, 0x0000000081b00000| Untracked 
|  27|0x0000000081b00000, 0x0000000081c00000, 0x0000000081c00000|100%| O|  |TAMS 0x0000000081c00000, 0x0000000081c00000| Untracked 
|  28|0x0000000081c00000, 0x0000000081d00000, 0x0000000081d00000|100%| O|  |TAMS 0x0000000081d00000, 0x0000000081d00000| Untracked 
|  29|0x0000000081d00000, 0x0000000081e00000, 0x0000000081e00000|100%| O|  |TAMS 0x0000000081e00000, 0x0000000081e00000| Untracked 
|  30|0x0000000081e00000, 0x0000000081f00000, 0x0000000081f00000|100%| O|  |TAMS 0x0000000081f00000, 0x0000000081f00000| Untracked 
|  31|0x0000000081f00000, 0x0000000082000000, 0x0000000082000000|100%| O|  |TAMS 0x0000000082000000, 0x0000000082000000| Untracked 
|  32|0x0000000082000000, 0x0000000082100000, 0x0000000082100000|100%|HS|  |TAMS 0x0000000082100000, 0x0000000082100000| Complete 
|  33|0x0000000082100000, 0x0000000082200000, 0x0000000082200000|100%|HS|  |TAMS 0x0000000082200000, 0x0000000082200000| Complete 
|  34|0x0000000082200000, 0x0000000082300000, 0x0000000082300000|100%|HS|  |TAMS 0x0000000082300000, 0x0000000082300000| Complete 
|  35|0x0000000082300000, 0x0000000082400000, 0x0000000082400000|100%|HC|  |TAMS 0x0000000082400000, 0x0000000082400000| Complete 
|  36|0x0000000082400000, 0x0000000082500000, 0x0000000082500000|100%| O|  |TAMS 0x0000000082500000, 0x0000000082500000| Untracked 
|  37|0x0000000082500000, 0x0000000082600000, 0x0000000082600000|100%| O|  |TAMS 0x0000000082600000, 0x0000000082600000| Untracked 
|  38|0x0000000082600000, 0x0000000082700000, 0x0000000082700000|100%| O|  |TAMS 0x0000000082700000, 0x0000000082700000| Untracked 
|  39|0x0000000082700000, 0x0000000082800000, 0x0000000082800000|100%| O|  |TAMS 0x0000000082800000, 0x0000000082800000| Untracked 
|  40|0x0000000082800000, 0x0000000082900000, 0x0000000082900000|100%| O|  |TAMS 0x0000000082900000, 0x0000000082900000| Untracked 
|  41|0x0000000082900000, 0x0000000082a00000, 0x0000000082a00000|100%| O|  |TAMS 0x0000000082a00000, 0x0000000082a00000| Untracked 
|  42|0x0000000082a00000, 0x0000000082b00000, 0x0000000082b00000|100%| O|  |TAMS 0x0000000082b00000, 0x0000000082b00000| Untracked 
|  43|0x0000000082b00000, 0x0000000082c00000, 0x0000000082c00000|100%| O|  |TAMS 0x0000000082c00000, 0x0000000082c00000| Untracked 
|  44|0x0000000082c00000, 0x0000000082d00000, 0x0000000082d00000|100%| O|  |TAMS 0x0000000082d00000, 0x0000000082d00000| Untracked 
|  45|0x0000000082d00000, 0x0000000082e00000, 0x0000000082e00000|100%| O|  |TAMS 0x0000000082e00000, 0x0000000082e00000| Untracked 
|  46|0x0000000082e00000, 0x0000000082f00000, 0x0000000082f00000|100%| O|  |TAMS 0x0000000082f00000, 0x0000000082f00000| Untracked 
|  47|0x0000000082f00000, 0x0000000083000000, 0x0000000083000000|100%| O|  |TAMS 0x0000000083000000, 0x0000000083000000| Untracked 
|  48|0x0000000083000000, 0x0000000083100000, 0x0000000083100000|100%| O|  |TAMS 0x0000000083100000, 0x0000000083100000| Untracked 
|  49|0x0000000083100000, 0x0000000083200000, 0x0000000083200000|100%| O|  |TAMS 0x0000000083200000, 0x0000000083200000| Untracked 
|  50|0x0000000083200000, 0x0000000083300000, 0x0000000083300000|100%| O|  |TAMS 0x0000000083300000, 0x0000000083300000| Untracked 
|  51|0x0000000083300000, 0x0000000083400000, 0x0000000083400000|100%| O|  |TAMS 0x0000000083400000, 0x0000000083400000| Untracked 
|  52|0x0000000083400000, 0x0000000083500000, 0x0000000083500000|100%| O|  |TAMS 0x0000000083500000, 0x0000000083500000| Untracked 
|  53|0x0000000083500000, 0x0000000083600000, 0x0000000083600000|100%| O|  |TAMS 0x0000000083600000, 0x0000000083600000| Untracked 
|  54|0x0000000083600000, 0x0000000083700000, 0x0000000083700000|100%| O|  |TAMS 0x0000000083700000, 0x0000000083700000| Untracked 
|  55|0x0000000083700000, 0x0000000083800000, 0x0000000083800000|100%| O|  |TAMS 0x0000000083800000, 0x0000000083800000| Untracked 
|  56|0x0000000083800000, 0x0000000083900000, 0x0000000083900000|100%| O|  |TAMS 0x0000000083900000, 0x0000000083900000| Untracked 
|  57|0x0000000083900000, 0x0000000083a00000, 0x0000000083a00000|100%| O|  |TAMS 0x0000000083a00000, 0x0000000083a00000| Untracked 
|  58|0x0000000083a00000, 0x0000000083b00000, 0x0000000083b00000|100%| O|  |TAMS 0x0000000083b00000, 0x0000000083b00000| Untracked 
|  59|0x0000000083b00000, 0x0000000083c00000, 0x0000000083c00000|100%| O|  |TAMS 0x0000000083c00000, 0x0000000083c00000| Untracked 
|  60|0x0000000083c00000, 0x0000000083d00000, 0x0000000083d00000|100%| O|  |TAMS 0x0000000083d00000, 0x0000000083d00000| Untracked 
|  61|0x0000000083d00000, 0x0000000083e00000, 0x0000000083e00000|100%| O|  |TAMS 0x0000000083e00000, 0x0000000083e00000| Untracked 
|  62|0x0000000083e00000, 0x0000000083f00000, 0x0000000083f00000|100%| O|  |TAMS 0x0000000083f00000, 0x0000000083f00000| Untracked 
|  63|0x0000000083f00000, 0x0000000084000000, 0x0000000084000000|100%| O|  |TAMS 0x0000000084000000, 0x0000000084000000| Untracked 
|  64|0x0000000084000000, 0x0000000084100000, 0x0000000084100000|100%| O|  |TAMS 0x0000000084000000, 0x0000000084100000| Untracked 
|  65|0x0000000084100000, 0x0000000084200000, 0x0000000084200000|100%| O|  |TAMS 0x0000000084100000, 0x0000000084200000| Untracked 
|  66|0x0000000084200000, 0x0000000084300000, 0x0000000084300000|100%| O|  |TAMS 0x0000000084300000, 0x0000000084300000| Untracked 
|  67|0x0000000084300000, 0x0000000084400000, 0x0000000084400000|100%| O|  |TAMS 0x0000000084400000, 0x0000000084400000| Untracked 
|  68|0x0000000084400000, 0x0000000084500000, 0x0000000084500000|100%| O|  |TAMS 0x0000000084500000, 0x0000000084500000| Untracked 
|  69|0x0000000084500000, 0x0000000084600000, 0x0000000084600000|100%| O|  |TAMS 0x0000000084600000, 0x0000000084600000| Untracked 
|  70|0x0000000084600000, 0x0000000084700000, 0x0000000084700000|100%| O|  |TAMS 0x0000000084700000, 0x0000000084700000| Untracked 
|  71|0x0000000084700000, 0x0000000084800000, 0x0000000084800000|100%| O|  |TAMS 0x0000000084800000, 0x0000000084800000| Untracked 
|  72|0x0000000084800000, 0x0000000084900000, 0x0000000084900000|100%| O|  |TAMS 0x0000000084900000, 0x0000000084900000| Untracked 
|  73|0x0000000084900000, 0x0000000084a00000, 0x0000000084a00000|100%| O|  |TAMS 0x0000000084a00000, 0x0000000084a00000| Untracked 
|  74|0x0000000084a00000, 0x0000000084b00000, 0x0000000084b00000|100%| O|  |TAMS 0x0000000084b00000, 0x0000000084b00000| Untracked 
|  75|0x0000000084b00000, 0x0000000084c00000, 0x0000000084c00000|100%| O|  |TAMS 0x0000000084c00000, 0x0000000084c00000| Untracked 
|  76|0x0000000084c00000, 0x0000000084d00000, 0x0000000084d00000|100%| O|  |TAMS 0x0000000084d00000, 0x0000000084d00000| Untracked 
|  77|0x0000000084d00000, 0x0000000084e00000, 0x0000000084e00000|100%| O|  |TAMS 0x0000000084e00000, 0x0000000084e00000| Untracked 
|  78|0x0000000084e00000, 0x0000000084f00000, 0x0000000084f00000|100%| O|  |TAMS 0x0000000084f00000, 0x0000000084f00000| Untracked 
|  79|0x0000000084f00000, 0x0000000085000000, 0x0000000085000000|100%| O|  |TAMS 0x0000000085000000, 0x0000000085000000| Untracked 
|  80|0x0000000085000000, 0x0000000085100000, 0x0000000085100000|100%| O|  |TAMS 0x0000000085100000, 0x0000000085100000| Untracked 
|  81|0x0000000085100000, 0x0000000085200000, 0x0000000085200000|100%| O|  |TAMS 0x0000000085100000, 0x0000000085200000| Untracked 
|  82|0x0000000085200000, 0x0000000085300000, 0x0000000085300000|100%| O|  |TAMS 0x0000000085223400, 0x0000000085300000| Untracked 
|  83|0x0000000085300000, 0x0000000085400000, 0x0000000085400000|100%| O|  |TAMS 0x0000000085300000, 0x0000000085400000| Untracked 
|  84|0x0000000085400000, 0x0000000085500000, 0x0000000085500000|100%| O|  |TAMS 0x0000000085400000, 0x0000000085500000| Untracked 
|  85|0x0000000085500000, 0x0000000085600000, 0x0000000085600000|100%| O|  |TAMS 0x0000000085500000, 0x0000000085600000| Untracked 
|  86|0x0000000085600000, 0x0000000085700000, 0x0000000085700000|100%| O|  |TAMS 0x0000000085600000, 0x0000000085700000| Untracked 
|  87|0x0000000085700000, 0x0000000085800000, 0x0000000085800000|100%| O|  |TAMS 0x0000000085700000, 0x0000000085800000| Untracked 
|  88|0x0000000085800000, 0x0000000085900000, 0x0000000085900000|100%| O|  |TAMS 0x0000000085800000, 0x0000000085900000| Untracked 
|  89|0x0000000085900000, 0x0000000085a00000, 0x0000000085a00000|100%| O|  |TAMS 0x0000000085900000, 0x0000000085a00000| Untracked 
|  90|0x0000000085a00000, 0x0000000085b00000, 0x0000000085b00000|100%| O|  |TAMS 0x0000000085a00000, 0x0000000085b00000| Untracked 
|  91|0x0000000085b00000, 0x0000000085c00000, 0x0000000085c00000|100%| O|  |TAMS 0x0000000085b00000, 0x0000000085c00000| Untracked 
|  92|0x0000000085c00000, 0x0000000085d00000, 0x0000000085d00000|100%| O|  |TAMS 0x0000000085c00000, 0x0000000085d00000| Untracked 
|  93|0x0000000085d00000, 0x0000000085e00000, 0x0000000085e00000|100%| O|  |TAMS 0x0000000085d00000, 0x0000000085e00000| Untracked 
|  94|0x0000000085e00000, 0x0000000085f00000, 0x0000000085f00000|100%| O|  |TAMS 0x0000000085e00000, 0x0000000085f00000| Untracked 
|  95|0x0000000085f00000, 0x0000000086000000, 0x0000000086000000|100%| O|  |TAMS 0x0000000085f00000, 0x0000000086000000| Untracked 
|  96|0x0000000086000000, 0x0000000086100000, 0x0000000086100000|100%| O|  |TAMS 0x0000000086000000, 0x0000000086100000| Untracked 
|  97|0x0000000086100000, 0x0000000086200000, 0x0000000086200000|100%| O|  |TAMS 0x0000000086100000, 0x0000000086200000| Untracked 
|  98|0x0000000086200000, 0x0000000086300000, 0x0000000086300000|100%| O|  |TAMS 0x0000000086200000, 0x0000000086300000| Untracked 
|  99|0x0000000086300000, 0x0000000086400000, 0x0000000086400000|100%| O|  |TAMS 0x0000000086300000, 0x0000000086400000| Untracked 
| 100|0x0000000086400000, 0x0000000086500000, 0x0000000086500000|100%| O|  |TAMS 0x0000000086400000, 0x0000000086500000| Untracked 
| 101|0x0000000086500000, 0x0000000086600000, 0x0000000086600000|100%| O|  |TAMS 0x0000000086500000, 0x0000000086600000| Untracked 
| 102|0x0000000086600000, 0x0000000086700000, 0x0000000086700000|100%| O|  |TAMS 0x0000000086600000, 0x0000000086700000| Untracked 
| 103|0x0000000086700000, 0x0000000086800000, 0x0000000086800000|100%| O|  |TAMS 0x0000000086700000, 0x0000000086800000| Untracked 
| 104|0x0000000086800000, 0x0000000086900000, 0x0000000086900000|100%| O|  |TAMS 0x0000000086800000, 0x0000000086900000| Untracked 
| 105|0x0000000086900000, 0x0000000086a00000, 0x0000000086a00000|100%| O|  |TAMS 0x0000000086900000, 0x0000000086a00000| Untracked 
| 106|0x0000000086a00000, 0x0000000086b00000, 0x0000000086b00000|100%| O|  |TAMS 0x0000000086a00000, 0x0000000086b00000| Untracked 
| 107|0x0000000086b00000, 0x0000000086c00000, 0x0000000086c00000|100%| O|  |TAMS 0x0000000086b00000, 0x0000000086c00000| Untracked 
| 108|0x0000000086c00000, 0x0000000086d00000, 0x0000000086d00000|100%| O|  |TAMS 0x0000000086c00000, 0x0000000086d00000| Untracked 
| 109|0x0000000086d00000, 0x0000000086e00000, 0x0000000086e00000|100%| O|  |TAMS 0x0000000086d00000, 0x0000000086e00000| Untracked 
| 110|0x0000000086e00000, 0x0000000086f00000, 0x0000000086f00000|100%| O|  |TAMS 0x0000000086e00000, 0x0000000086f00000| Untracked 
| 111|0x0000000086f00000, 0x0000000087000000, 0x0000000087000000|100%| O|  |TAMS 0x0000000086f00000, 0x0000000087000000| Untracked 
| 112|0x0000000087000000, 0x0000000087100000, 0x0000000087100000|100%| O|  |TAMS 0x0000000087000000, 0x0000000087100000| Untracked 
| 113|0x0000000087100000, 0x0000000087200000, 0x0000000087200000|100%| O|  |TAMS 0x0000000087100000, 0x0000000087200000| Untracked 
| 114|0x0000000087200000, 0x0000000087300000, 0x0000000087300000|100%| O|  |TAMS 0x0000000087200000, 0x0000000087300000| Untracked 
| 115|0x0000000087300000, 0x0000000087400000, 0x0000000087400000|100%| O|  |TAMS 0x0000000087300000, 0x0000000087400000| Untracked 
| 116|0x0000000087400000, 0x0000000087500000, 0x0000000087500000|100%| O|  |TAMS 0x0000000087400000, 0x0000000087400000| Untracked 
| 117|0x0000000087500000, 0x0000000087600000, 0x0000000087600000|100%| O|  |TAMS 0x0000000087500000, 0x0000000087600000| Untracked 
| 118|0x0000000087600000, 0x0000000087700000, 0x0000000087700000|100%| O|  |TAMS 0x0000000087600000, 0x0000000087700000| Untracked 
| 119|0x0000000087700000, 0x0000000087800000, 0x0000000087800000|100%| O|  |TAMS 0x0000000087700000, 0x0000000087800000| Untracked 
| 120|0x0000000087800000, 0x0000000087900000, 0x0000000087900000|100%| O|  |TAMS 0x0000000087800000, 0x0000000087900000| Untracked 
| 121|0x0000000087900000, 0x0000000087a00000, 0x0000000087a00000|100%| O|  |TAMS 0x0000000087900000, 0x0000000087a00000| Untracked 
| 122|0x0000000087a00000, 0x0000000087b00000, 0x0000000087b00000|100%| O|  |TAMS 0x0000000087a00000, 0x0000000087b00000| Untracked 
| 123|0x0000000087b00000, 0x0000000087c00000, 0x0000000087c00000|100%| O|  |TAMS 0x0000000087b00000, 0x0000000087c00000| Untracked 
| 124|0x0000000087c00000, 0x0000000087d00000, 0x0000000087d00000|100%| O|  |TAMS 0x0000000087c00000, 0x0000000087d00000| Untracked 
| 125|0x0000000087d00000, 0x0000000087e00000, 0x0000000087e00000|100%| O|  |TAMS 0x0000000087d00000, 0x0000000087e00000| Untracked 
| 126|0x0000000087e00000, 0x0000000087f00000, 0x0000000087f00000|100%| O|  |TAMS 0x0000000087e00000, 0x0000000087f00000| Untracked 
| 127|0x0000000087f00000, 0x0000000088000000, 0x0000000088000000|100%| O|  |TAMS 0x0000000087f00000, 0x0000000088000000| Untracked 
| 128|0x0000000088000000, 0x0000000088100000, 0x0000000088100000|100%| O|  |TAMS 0x0000000088000000, 0x0000000088100000| Untracked 
| 129|0x0000000088100000, 0x0000000088200000, 0x0000000088200000|100%| O|  |TAMS 0x0000000088100000, 0x0000000088200000| Untracked 
| 130|0x0000000088200000, 0x0000000088300000, 0x0000000088300000|100%| O|  |TAMS 0x0000000088200000, 0x0000000088300000| Untracked 
| 131|0x0000000088300000, 0x0000000088400000, 0x0000000088400000|100%| O|  |TAMS 0x0000000088300000, 0x0000000088400000| Untracked 
| 132|0x0000000088400000, 0x0000000088500000, 0x0000000088500000|100%| O|  |TAMS 0x0000000088400000, 0x0000000088500000| Untracked 
| 133|0x0000000088500000, 0x0000000088600000, 0x0000000088600000|100%| O|  |TAMS 0x0000000088500000, 0x0000000088600000| Untracked 
| 134|0x0000000088600000, 0x0000000088700000, 0x0000000088700000|100%| O|  |TAMS 0x0000000088600000, 0x0000000088700000| Untracked 
| 135|0x0000000088700000, 0x0000000088800000, 0x0000000088800000|100%| O|  |TAMS 0x0000000088700000, 0x0000000088800000| Untracked 
| 136|0x0000000088800000, 0x0000000088900000, 0x0000000088900000|100%| O|  |TAMS 0x0000000088800000, 0x0000000088900000| Untracked 
| 137|0x0000000088900000, 0x0000000088a00000, 0x0000000088a00000|100%| O|  |TAMS 0x0000000088900000, 0x0000000088a00000| Untracked 
| 138|0x0000000088a00000, 0x0000000088b00000, 0x0000000088b00000|100%| O|  |TAMS 0x0000000088a00000, 0x0000000088b00000| Untracked 
| 139|0x0000000088b00000, 0x0000000088c00000, 0x0000000088c00000|100%| O|  |TAMS 0x0000000088b00000, 0x0000000088c00000| Untracked 
| 140|0x0000000088c00000, 0x0000000088d00000, 0x0000000088d00000|100%| O|  |TAMS 0x0000000088c00000, 0x0000000088d00000| Untracked 
| 141|0x0000000088d00000, 0x0000000088e00000, 0x0000000088e00000|100%| O|  |TAMS 0x0000000088d00000, 0x0000000088e00000| Untracked 
| 142|0x0000000088e00000, 0x0000000088f00000, 0x0000000088f00000|100%| O|  |TAMS 0x0000000088e00000, 0x0000000088f00000| Untracked 
| 143|0x0000000088f00000, 0x0000000089000000, 0x0000000089000000|100%| O|  |TAMS 0x0000000088f00000, 0x0000000089000000| Untracked 
| 144|0x0000000089000000, 0x0000000089100000, 0x0000000089100000|100%| O|  |TAMS 0x0000000089000000, 0x0000000089100000| Untracked 
| 145|0x0000000089100000, 0x0000000089200000, 0x0000000089200000|100%| O|  |TAMS 0x0000000089100000, 0x0000000089200000| Untracked 
| 146|0x0000000089200000, 0x0000000089300000, 0x0000000089300000|100%| O|  |TAMS 0x0000000089200000, 0x0000000089300000| Untracked 
| 147|0x0000000089300000, 0x0000000089400000, 0x0000000089400000|100%| O|  |TAMS 0x0000000089300000, 0x0000000089400000| Untracked 
| 148|0x0000000089400000, 0x0000000089500000, 0x0000000089500000|100%| O|  |TAMS 0x0000000089400000, 0x0000000089500000| Untracked 
| 149|0x0000000089500000, 0x0000000089600000, 0x0000000089600000|100%| O|  |TAMS 0x0000000089500000, 0x0000000089600000| Untracked 
| 150|0x0000000089600000, 0x0000000089700000, 0x0000000089700000|100%| O|  |TAMS 0x0000000089600000, 0x0000000089700000| Untracked 
| 151|0x0000000089700000, 0x0000000089800000, 0x0000000089800000|100%| O|  |TAMS 0x0000000089700000, 0x0000000089800000| Untracked 
| 152|0x0000000089800000, 0x0000000089900000, 0x0000000089900000|100%| O|  |TAMS 0x0000000089800000, 0x0000000089900000| Untracked 
| 153|0x0000000089900000, 0x0000000089a00000, 0x0000000089a00000|100%| O|  |TAMS 0x0000000089900000, 0x0000000089900000| Untracked 
| 154|0x0000000089a00000, 0x0000000089b00000, 0x0000000089b00000|100%| O|  |TAMS 0x0000000089a00000, 0x0000000089a00000| Untracked 
| 155|0x0000000089b00000, 0x0000000089b00000, 0x0000000089c00000|  0%| F|  |TAMS 0x0000000089b00000, 0x0000000089b00000| Untracked 
| 156|0x0000000089c00000, 0x0000000089c00000, 0x0000000089d00000|  0%| F|  |TAMS 0x0000000089c00000, 0x0000000089c00000| Untracked 
| 157|0x0000000089d00000, 0x0000000089d00000, 0x0000000089e00000|  0%| F|  |TAMS 0x0000000089d00000, 0x0000000089d00000| Untracked 
| 158|0x0000000089e00000, 0x0000000089e00000, 0x0000000089f00000|  0%| F|  |TAMS 0x0000000089e00000, 0x0000000089e00000| Untracked 
| 159|0x0000000089f00000, 0x0000000089f30200, 0x000000008a000000| 18%| O|  |TAMS 0x0000000089f00000, 0x0000000089f00000| Untracked 
| 160|0x000000008a000000, 0x000000008a000000, 0x000000008a100000|  0%| F|  |TAMS 0x000000008a000000, 0x000000008a000000| Untracked 
| 161|0x000000008a100000, 0x000000008a200000, 0x000000008a200000|100%| O|  |TAMS 0x000000008a100000, 0x000000008a200000| Untracked 
| 162|0x000000008a200000, 0x000000008a300000, 0x000000008a300000|100%| O|  |TAMS 0x000000008a200000, 0x000000008a300000| Untracked 
| 163|0x000000008a300000, 0x000000008a400000, 0x000000008a400000|100%| O|  |TAMS 0x000000008a300000, 0x000000008a400000| Untracked 
| 164|0x000000008a400000, 0x000000008a500000, 0x000000008a500000|100%| O|  |TAMS 0x000000008a400000, 0x000000008a500000| Untracked 
| 165|0x000000008a500000, 0x000000008a600000, 0x000000008a600000|100%| O|  |TAMS 0x000000008a500000, 0x000000008a5f8c00| Untracked 
| 166|0x000000008a600000, 0x000000008a700000, 0x000000008a700000|100%|HS|  |TAMS 0x000000008a600000, 0x000000008a700000| Complete 
| 167|0x000000008a700000, 0x000000008a800000, 0x000000008a800000|100%|HC|  |TAMS 0x000000008a700000, 0x000000008a800000| Complete 
| 168|0x000000008a800000, 0x000000008a900000, 0x000000008a900000|100%|HC|  |TAMS 0x000000008a800000, 0x000000008a900000| Complete 
| 169|0x000000008a900000, 0x000000008aa00000, 0x000000008aa00000|100%|HC|  |TAMS 0x000000008a900000, 0x000000008aa00000| Complete 
| 170|0x000000008aa00000, 0x000000008aa00000, 0x000000008ab00000|  0%| F|  |TAMS 0x000000008aa00000, 0x000000008aa00000| Untracked 
| 171|0x000000008ab00000, 0x000000008ab00000, 0x000000008ac00000|  0%| F|  |TAMS 0x000000008ab00000, 0x000000008ab00000| Untracked 
| 172|0x000000008ac00000, 0x000000008ac00000, 0x000000008ad00000|  0%| F|  |TAMS 0x000000008ac00000, 0x000000008ac00000| Untracked 
| 173|0x000000008ad00000, 0x000000008ad00000, 0x000000008ae00000|  0%| F|  |TAMS 0x000000008ad00000, 0x000000008ad00000| Untracked 
| 174|0x000000008ae00000, 0x000000008ae00000, 0x000000008af00000|  0%| F|  |TAMS 0x000000008ae00000, 0x000000008ae00000| Untracked 
| 175|0x000000008af00000, 0x000000008af00000, 0x000000008b000000|  0%| F|  |TAMS 0x000000008af00000, 0x000000008af00000| Untracked 
| 176|0x000000008b000000, 0x000000008b000000, 0x000000008b100000|  0%| F|  |TAMS 0x000000008b000000, 0x000000008b000000| Untracked 
| 177|0x000000008b100000, 0x000000008b100000, 0x000000008b200000|  0%| F|  |TAMS 0x000000008b100000, 0x000000008b100000| Untracked 
| 178|0x000000008b200000, 0x000000008b200000, 0x000000008b300000|  0%| F|  |TAMS 0x000000008b200000, 0x000000008b200000| Untracked 
| 179|0x000000008b300000, 0x000000008b300000, 0x000000008b400000|  0%| F|  |TAMS 0x000000008b300000, 0x000000008b300000| Untracked 
| 180|0x000000008b400000, 0x000000008b400000, 0x000000008b500000|  0%| F|  |TAMS 0x000000008b400000, 0x000000008b400000| Untracked 
| 181|0x000000008b500000, 0x000000008b500000, 0x000000008b600000|  0%| F|  |TAMS 0x000000008b500000, 0x000000008b500000| Untracked 
| 182|0x000000008b600000, 0x000000008b600000, 0x000000008b700000|  0%| F|  |TAMS 0x000000008b600000, 0x000000008b600000| Untracked 
| 183|0x000000008b700000, 0x000000008b700000, 0x000000008b800000|  0%| F|  |TAMS 0x000000008b700000, 0x000000008b700000| Untracked 
| 184|0x000000008b800000, 0x000000008b800000, 0x000000008b900000|  0%| F|  |TAMS 0x000000008b800000, 0x000000008b800000| Untracked 
| 185|0x000000008b900000, 0x000000008b900000, 0x000000008ba00000|  0%| F|  |TAMS 0x000000008b900000, 0x000000008b900000| Untracked 
| 186|0x000000008ba00000, 0x000000008ba00000, 0x000000008bb00000|  0%| F|  |TAMS 0x000000008ba00000, 0x000000008ba00000| Untracked 
| 187|0x000000008bb00000, 0x000000008bb00000, 0x000000008bc00000|  0%| F|  |TAMS 0x000000008bb00000, 0x000000008bb00000| Untracked 
| 188|0x000000008bc00000, 0x000000008bc00000, 0x000000008bd00000|  0%| F|  |TAMS 0x000000008bc00000, 0x000000008bc00000| Untracked 
| 189|0x000000008bd00000, 0x000000008bd00000, 0x000000008be00000|  0%| F|  |TAMS 0x000000008bd00000, 0x000000008bd00000| Untracked 
| 190|0x000000008be00000, 0x000000008be00000, 0x000000008bf00000|  0%| F|  |TAMS 0x000000008be00000, 0x000000008be00000| Untracked 
| 191|0x000000008bf00000, 0x000000008bf00000, 0x000000008c000000|  0%| F|  |TAMS 0x000000008bf00000, 0x000000008bf00000| Untracked 
| 192|0x000000008c000000, 0x000000008c000000, 0x000000008c100000|  0%| F|  |TAMS 0x000000008c000000, 0x000000008c000000| Untracked 
| 193|0x000000008c100000, 0x000000008c100000, 0x000000008c200000|  0%| F|  |TAMS 0x000000008c100000, 0x000000008c100000| Untracked 
| 194|0x000000008c200000, 0x000000008c200000, 0x000000008c300000|  0%| F|  |TAMS 0x000000008c200000, 0x000000008c200000| Untracked 
| 195|0x000000008c300000, 0x000000008c300000, 0x000000008c400000|  0%| F|  |TAMS 0x000000008c300000, 0x000000008c300000| Untracked 
| 196|0x000000008c400000, 0x000000008c400000, 0x000000008c500000|  0%| F|  |TAMS 0x000000008c400000, 0x000000008c400000| Untracked 
| 197|0x000000008c500000, 0x000000008c500000, 0x000000008c600000|  0%| F|  |TAMS 0x000000008c500000, 0x000000008c500000| Untracked 
| 198|0x000000008c600000, 0x000000008c600000, 0x000000008c700000|  0%| F|  |TAMS 0x000000008c600000, 0x000000008c600000| Untracked 
| 199|0x000000008c700000, 0x000000008c700000, 0x000000008c800000|  0%| F|  |TAMS 0x000000008c700000, 0x000000008c700000| Untracked 
| 200|0x000000008c800000, 0x000000008c843b30, 0x000000008c900000| 26%| S|CS|TAMS 0x000000008c800000, 0x000000008c800000| Complete 
| 201|0x000000008c900000, 0x000000008ca00000, 0x000000008ca00000|100%| S|CS|TAMS 0x000000008c900000, 0x000000008c900000| Complete 
| 202|0x000000008ca00000, 0x000000008ca00000, 0x000000008cb00000|  0%| F|  |TAMS 0x000000008ca00000, 0x000000008ca00000| Untracked 
| 203|0x000000008cb00000, 0x000000008cb00000, 0x000000008cc00000|  0%| F|  |TAMS 0x000000008cb00000, 0x000000008cb00000| Untracked 
| 204|0x000000008cc00000, 0x000000008cc00000, 0x000000008cd00000|  0%| F|  |TAMS 0x000000008cc00000, 0x000000008cc00000| Untracked 
| 205|0x000000008cd00000, 0x000000008cd00000, 0x000000008ce00000|  0%| F|  |TAMS 0x000000008cd00000, 0x000000008cd00000| Untracked 
| 206|0x000000008ce00000, 0x000000008ce00000, 0x000000008cf00000|  0%| F|  |TAMS 0x000000008ce00000, 0x000000008ce00000| Untracked 
| 207|0x000000008cf00000, 0x000000008cf00000, 0x000000008d000000|  0%| F|  |TAMS 0x000000008cf00000, 0x000000008cf00000| Untracked 
| 208|0x000000008d000000, 0x000000008d000000, 0x000000008d100000|  0%| F|  |TAMS 0x000000008d000000, 0x000000008d000000| Untracked 
| 209|0x000000008d100000, 0x000000008d100000, 0x000000008d200000|  0%| F|  |TAMS 0x000000008d100000, 0x000000008d100000| Untracked 
| 210|0x000000008d200000, 0x000000008d200000, 0x000000008d300000|  0%| F|  |TAMS 0x000000008d200000, 0x000000008d200000| Untracked 
| 211|0x000000008d300000, 0x000000008d300000, 0x000000008d400000|  0%| F|  |TAMS 0x000000008d300000, 0x000000008d300000| Untracked 
| 212|0x000000008d400000, 0x000000008d400000, 0x000000008d500000|  0%| F|  |TAMS 0x000000008d400000, 0x000000008d400000| Untracked 
| 213|0x000000008d500000, 0x000000008d500000, 0x000000008d600000|  0%| F|  |TAMS 0x000000008d500000, 0x000000008d500000| Untracked 
| 214|0x000000008d600000, 0x000000008d600000, 0x000000008d700000|  0%| F|  |TAMS 0x000000008d600000, 0x000000008d600000| Untracked 
| 215|0x000000008d700000, 0x000000008d700000, 0x000000008d800000|  0%| F|  |TAMS 0x000000008d700000, 0x000000008d700000| Untracked 

Card table byte_map: [0x0000025260ea0000,0x00000252612a0000] _byte_map_base: 0x0000025260aa0000

Marking Bits (Prev, Next): (CMBitMap*) 0x000002524e309c20, (CMBitMap*) 0x000002524e309c60
 Prev Bits: [0x00000252616a0000, 0x00000252636a0000)
 Next Bits: [0x00000252636a0000, 0x00000252656a0000)

Polling page: 0x000002524c230000

Metaspace:

Usage:
  Non-class:     81.80 MB used.
      Class:     12.46 MB used.
       Both:     94.26 MB used.

Virtual space:
  Non-class space:       88.00 MB reserved,      82.19 MB ( 93%) committed,  11 nodes.
      Class space:        1.00 GB reserved,      12.81 MB (  1%) committed,  1 nodes.
             Both:        1.09 GB reserved,      95.00 MB (  9%) committed. 

Chunk freelists:
   Non-Class:  1.67 MB
       Class:  3.16 MB
        Both:  4.83 MB

MaxMetaspaceSize: unlimited
CompressedClassSpaceSize: 1.00 GB
Initial GC threshold: 21.00 MB
Current GC threshold: 142.62 MB
CDS: off
MetaspaceReclaimPolicy: balanced
 - commit_granule_bytes: 65536.
 - commit_granule_words: 8192.
 - virtual_space_node_default_size: 1048576.
 - enlarge_chunks_in_place: 1.
 - new_chunks_are_fully_committed: 0.
 - uncommit_free_chunks: 1.
 - use_allocation_guard: 0.
 - handle_deallocations: 1.


Internal statistics:

num_allocs_failed_limit: 15.
num_arena_births: 1020.
num_arena_deaths: 14.
num_vsnodes_births: 12.
num_vsnodes_deaths: 0.
num_space_committed: 1520.
num_space_uncommitted: 0.
num_chunks_returned_to_freelist: 35.
num_chunks_taken_from_freelist: 4633.
num_chunk_merges: 16.
num_chunk_splits: 2992.
num_chunks_enlarged: 1928.
num_purges: 2.
num_inconsistent_stats: 0.

CodeHeap 'non-profiled nmethods': size=120000Kb used=6591Kb max_used=6591Kb free=113408Kb
 bounds [0x0000025259240000, 0x00000252598b0000, 0x0000025260770000]
CodeHeap 'profiled nmethods': size=120000Kb used=24014Kb max_used=24014Kb free=95985Kb
 bounds [0x0000025251770000, 0x0000025252ef0000, 0x0000025258ca0000]
CodeHeap 'non-nmethods': size=5760Kb used=2403Kb max_used=2502Kb free=3356Kb
 bounds [0x0000025258ca0000, 0x0000025258f20000, 0x0000025259240000]
 total_blobs=14031 nmethods=13092 adapters=851
 compilation: enabled
              stopped_count=0, restarted_count=0
 full_count=0

Compilation events (20 events):
Event: 415.340 Thread 0x0000025268c3e670 nmethod 15205 0x0000025252edb710 code [0x0000025252edb8e0, 0x0000025252edbce8]
Event: 415.340 Thread 0x0000025268c3e670 15206       3       org.gradle.api.internal.artifacts.ivyservice.resolveengine.graph.selectors.SelectorStateResolver::buildResolveResults (86 bytes)
Event: 415.342 Thread 0x0000025268c3e670 nmethod 15206 0x0000025252edbe90 code [0x0000025252edc120, 0x0000025252edcc38]
Event: 415.342 Thread 0x0000025268c3e670 15207       3       org.gradle.api.internal.artifacts.ivyservice.resolutionstrategy.DefaultCachePolicy$$Lambda$440/0x000000010061e440::execute (16 bytes)
Event: 415.342 Thread 0x0000025268c3e670 nmethod 15207 0x0000025252edd090 code [0x0000025252edd260, 0x0000025252edd668]
Event: 415.342 Thread 0x0000025268c3e670 15208       3       org.gradle.api.internal.artifacts.ivyservice.resolutionstrategy.DefaultCachePolicy$CachedModuleResolutionControl::<init> (23 bytes)
Event: 415.342 Thread 0x0000025268c3e670 nmethod 15208 0x0000025252edd810 code [0x0000025252edd9c0, 0x0000025252eddb88]
Event: 415.342 Thread 0x0000025268c3e670 15210       3       org.gradle.api.internal.artifacts.ivyservice.resolveengine.graph.builder.DefaultPendingDependenciesVisitor::markNoLongerPending (45 bytes)
Event: 415.343 Thread 0x0000025268c3e670 nmethod 15210 0x0000025252eddc90 code [0x0000025252eddea0, 0x0000025252ede658]
Event: 415.343 Thread 0x0000025268c3e670 15211       3       org.gradle.api.internal.artifacts.ivyservice.resolveengine.graph.builder.ModuleSelectors$$Lambda$463/0x0000000100644eb8::apply (8 bytes)
Event: 415.343 Thread 0x0000025268c3e670 nmethod 15211 0x0000025252ede910 code [0x0000025252edeb80, 0x0000025252edf7c8]
Event: 415.343 Thread 0x0000025268c3e670 15212       3       org.gradle.api.internal.artifacts.ivyservice.resolveengine.graph.builder.ModuleSelectors::preferredVersion (25 bytes)
Event: 415.344 Thread 0x0000025268c3e670 nmethod 15212 0x0000025252edfc10 code [0x0000025252edfe60, 0x0000025252ee0928]
Event: 415.344 Thread 0x0000025268c3e670 15209       3       org.gradle.api.internal.artifacts.ivyservice.resolveengine.graph.builder.ModuleSelectors::doAdd (34 bytes)
Event: 415.344 Thread 0x0000025268c3e670 nmethod 15209 0x0000025252ee0d10 code [0x0000025252ee0ee0, 0x0000025252ee11a8]
Event: 415.344 Thread 0x0000025268c3e670 15192       3       org.gradle.api.internal.artifacts.dsl.dependencies.DefaultDependencyConstraintHandler::doAdd (43 bytes)
Event: 415.348 Thread 0x0000025268c3e670 nmethod 15192 0x0000025252ee1290 code [0x0000025252ee1520, 0x0000025252ee24f8]
Event: 415.348 Thread 0x0000025268c3e670 15213       3       org.gradle.api.internal.artifacts.ivyservice.resolveengine.graph.builder.ResolveState::getSelector (53 bytes)
Event: 415.349 Thread 0x0000025268c3e670 nmethod 15213 0x0000025252ee2990 code [0x0000025252ee2be0, 0x0000025252ee36a8]
Event: 415.349 Thread 0x0000025268c3e670 15215       3       org.gradle.api.internal.artifacts.ivyservice.resolveengine.graph.builder.DependencyState::maybeAddReason (37 bytes)

GC Heap History (20 events):
Event: 27.405 GC heap after
{Heap after GC invocations=33 (full 0):
 garbage-first heap   total 221184K, used 110274K [0x0000000080000000, 0x0000000100000000)
  region size 1024K, 9 young (9216K), 9 survivors (9216K)
 Metaspace       used 91948K, committed 92544K, reserved 1130496K
  class space    used 12300K, committed 12608K, reserved 1048576K
}
Event: 28.226 GC heap before
{Heap before GC invocations=33 (full 0):
 garbage-first heap   total 221184K, used 169666K [0x0000000080000000, 0x0000000100000000)
  region size 1024K, 68 young (69632K), 9 survivors (9216K)
 Metaspace       used 93756K, committed 94400K, reserved 1130496K
  class space    used 12533K, committed 12864K, reserved 1048576K
}
Event: 28.237 GC heap after
{Heap after GC invocations=34 (full 0):
 garbage-first heap   total 221184K, used 113561K [0x0000000080000000, 0x0000000100000000)
  region size 1024K, 4 young (4096K), 4 survivors (4096K)
 Metaspace       used 93756K, committed 94400K, reserved 1130496K
  class space    used 12533K, committed 12864K, reserved 1048576K
}
Event: 104.392 GC heap before
{Heap before GC invocations=34 (full 0):
 garbage-first heap   total 221184K, used 189337K [0x0000000080000000, 0x0000000100000000)
  region size 1024K, 64 young (65536K), 4 survivors (4096K)
 Metaspace       used 95597K, committed 96256K, reserved 1138688K
  class space    used 12729K, committed 13056K, reserved 1048576K
}
Event: 104.433 GC heap after
{Heap after GC invocations=35 (full 0):
 garbage-first heap   total 221184K, used 126661K [0x0000000080000000, 0x0000000100000000)
  region size 1024K, 8 young (8192K), 8 survivors (8192K)
 Metaspace       used 95597K, committed 96256K, reserved 1138688K
  class space    used 12729K, committed 13056K, reserved 1048576K
}
Event: 105.321 GC heap before
{Heap before GC invocations=35 (full 0):
 garbage-first heap   total 221184K, used 190149K [0x0000000080000000, 0x0000000100000000)
  region size 1024K, 54 young (55296K), 8 survivors (8192K)
 Metaspace       used 95713K, committed 96384K, reserved 1138688K
  class space    used 12731K, committed 13056K, reserved 1048576K
}
Event: 105.344 GC heap after
{Heap after GC invocations=36 (full 0):
 garbage-first heap   total 221184K, used 134032K [0x0000000080000000, 0x0000000100000000)
  region size 1024K, 7 young (7168K), 7 survivors (7168K)
 Metaspace       used 95713K, committed 96384K, reserved 1138688K
  class space    used 12731K, committed 13056K, reserved 1048576K
}
Event: 109.753 GC heap before
{Heap before GC invocations=36 (full 0):
 garbage-first heap   total 221184K, used 176016K [0x0000000080000000, 0x0000000100000000)
  region size 1024K, 49 young (50176K), 7 survivors (7168K)
 Metaspace       used 95815K, committed 96448K, reserved 1138688K
  class space    used 12732K, committed 13056K, reserved 1048576K
}
Event: 109.768 GC heap after
{Heap after GC invocations=37 (full 0):
 garbage-first heap   total 221184K, used 140511K [0x0000000080000000, 0x0000000100000000)
  region size 1024K, 7 young (7168K), 7 survivors (7168K)
 Metaspace       used 95815K, committed 96448K, reserved 1138688K
  class space    used 12732K, committed 13056K, reserved 1048576K
}
Event: 292.689 GC heap before
{Heap before GC invocations=37 (full 0):
 garbage-first heap   total 221184K, used 190687K [0x0000000080000000, 0x0000000100000000)
  region size 1024K, 44 young (45056K), 7 survivors (7168K)
 Metaspace       used 96009K, committed 96640K, reserved 1138688K
  class space    used 12735K, committed 13056K, reserved 1048576K
}
Event: 292.797 GC heap after
{Heap after GC invocations=38 (full 0):
 garbage-first heap   total 221184K, used 136346K [0x0000000080000000, 0x0000000100000000)
  region size 1024K, 2 young (2048K), 2 survivors (2048K)
 Metaspace       used 96009K, committed 96640K, reserved 1138688K
  class space    used 12735K, committed 13056K, reserved 1048576K
}
Event: 414.130 GC heap before
{Heap before GC invocations=38 (full 0):
 garbage-first heap   total 221184K, used 181402K [0x0000000080000000, 0x0000000100000000)
  region size 1024K, 45 young (46080K), 2 survivors (2048K)
 Metaspace       used 96372K, committed 97088K, reserved 1138688K
  class space    used 12752K, committed 13120K, reserved 1048576K
}
Event: 414.162 GC heap after
{Heap after GC invocations=39 (full 0):
 garbage-first heap   total 221184K, used 143884K [0x0000000080000000, 0x0000000100000000)
  region size 1024K, 6 young (6144K), 6 survivors (6144K)
 Metaspace       used 96372K, committed 97088K, reserved 1138688K
  class space    used 12752K, committed 13120K, reserved 1048576K
}
Event: 414.486 GC heap before
{Heap before GC invocations=39 (full 0):
 garbage-first heap   total 221184K, used 180748K [0x0000000080000000, 0x0000000100000000)
  region size 1024K, 43 young (44032K), 6 survivors (6144K)
 Metaspace       used 96394K, committed 97152K, reserved 1138688K
  class space    used 12752K, committed 13120K, reserved 1048576K
}
Event: 414.581 GC heap after
{Heap after GC invocations=40 (full 0):
 garbage-first heap   total 221184K, used 160062K [0x0000000080000000, 0x0000000100000000)
  region size 1024K, 6 young (6144K), 6 survivors (6144K)
 Metaspace       used 96394K, committed 97152K, reserved 1138688K
  class space    used 12752K, committed 13120K, reserved 1048576K
}
Event: 414.746 GC heap before
{Heap before GC invocations=40 (full 0):
 garbage-first heap   total 221184K, used 173374K [0x0000000080000000, 0x0000000100000000)
  region size 1024K, 12 young (12288K), 6 survivors (6144K)
 Metaspace       used 96394K, committed 97152K, reserved 1138688K
  class space    used 12752K, committed 13120K, reserved 1048576K
}
Event: 414.800 GC heap after
{Heap after GC invocations=41 (full 0):
 garbage-first heap   total 221184K, used 168050K [0x0000000080000000, 0x0000000100000000)
  region size 1024K, 4 young (4096K), 4 survivors (4096K)
 Metaspace       used 96394K, committed 97152K, reserved 1138688K
  class space    used 12752K, committed 13120K, reserved 1048576K
}
Event: 414.803 GC heap before
{Heap before GC invocations=41 (full 0):
 garbage-first heap   total 221184K, used 172146K [0x0000000080000000, 0x0000000100000000)
  region size 1024K, 5 young (5120K), 4 survivors (4096K)
 Metaspace       used 96394K, committed 97152K, reserved 1138688K
  class space    used 12752K, committed 13120K, reserved 1048576K
}
Event: 414.806 GC heap after
{Heap after GC invocations=42 (full 0):
 garbage-first heap   total 221184K, used 168476K [0x0000000080000000, 0x0000000100000000)
  region size 1024K, 1 young (1024K), 1 survivors (1024K)
 Metaspace       used 96394K, committed 97152K, reserved 1138688K
  class space    used 12752K, committed 13120K, reserved 1048576K
}
Event: 415.349 GC heap before
{Heap before GC invocations=42 (full 0):
 garbage-first heap   total 221184K, used 184860K [0x0000000080000000, 0x0000000100000000)
  region size 1024K, 14 young (14336K), 1 survivors (1024K)
 Metaspace       used 96522K, committed 97280K, reserved 1138688K
  class space    used 12760K, committed 13120K, reserved 1048576K
}

Dll operation events (2 events):
Event: 0.031 Loaded shared library C:\Program Files\Android\Android Studio1\jbr\bin\java.dll
Event: 0.579 Loaded shared library C:\Program Files\Android\Android Studio1\jbr\bin\verify.dll

Deoptimization events (20 events):
Event: 415.212 Thread 0x0000025269caf940 Uncommon trap: trap_request=0xffffffde fr.pc=0x00000252598a75f8 relative=0x0000000000000158
Event: 415.212 Thread 0x0000025269caf940 Uncommon trap: reason=class_check action=maybe_recompile pc=0x00000252598a75f8 method=org.apache.xerces.dom.ElementImpl.getTagName()Ljava/lang/String; @ 8 c2
Event: 415.212 Thread 0x0000025269caf940 DEOPT PACKING pc=0x00000252598a75f8 sp=0x000000cc3dafdac0
Event: 415.213 Thread 0x0000025269caf940 DEOPT UNPACKING pc=0x0000025258cf69a3 sp=0x000000cc3dafda80 mode 2
Event: 415.213 Thread 0x0000025269caf940 Uncommon trap: trap_request=0xffffffde fr.pc=0x00000252598a75f8 relative=0x0000000000000158
Event: 415.213 Thread 0x0000025269caf940 Uncommon trap: reason=class_check action=maybe_recompile pc=0x00000252598a75f8 method=org.apache.xerces.dom.ElementImpl.getTagName()Ljava/lang/String; @ 8 c2
Event: 415.213 Thread 0x0000025269caf940 DEOPT PACKING pc=0x00000252598a75f8 sp=0x000000cc3dafda10
Event: 415.213 Thread 0x0000025269caf940 DEOPT UNPACKING pc=0x0000025258cf69a3 sp=0x000000cc3dafd9d0 mode 2
Event: 415.213 Thread 0x0000025269caf940 Uncommon trap: trap_request=0xffffffde fr.pc=0x00000252598a75f8 relative=0x0000000000000158
Event: 415.213 Thread 0x0000025269caf940 Uncommon trap: reason=class_check action=maybe_recompile pc=0x00000252598a75f8 method=org.apache.xerces.dom.ElementImpl.getTagName()Ljava/lang/String; @ 8 c2
Event: 415.213 Thread 0x0000025269caf940 DEOPT PACKING pc=0x00000252598a75f8 sp=0x000000cc3dafda10
Event: 415.213 Thread 0x0000025269caf940 DEOPT UNPACKING pc=0x0000025258cf69a3 sp=0x000000cc3dafd9d0 mode 2
Event: 415.213 Thread 0x0000025269caf940 Uncommon trap: trap_request=0xffffffde fr.pc=0x00000252598a75f8 relative=0x0000000000000158
Event: 415.213 Thread 0x0000025269caf940 Uncommon trap: reason=class_check action=maybe_recompile pc=0x00000252598a75f8 method=org.apache.xerces.dom.ElementImpl.getTagName()Ljava/lang/String; @ 8 c2
Event: 415.213 Thread 0x0000025269caf940 DEOPT PACKING pc=0x00000252598a75f8 sp=0x000000cc3dafda10
Event: 415.215 Thread 0x0000025269caf940 DEOPT UNPACKING pc=0x0000025258cf69a3 sp=0x000000cc3dafd9d0 mode 2
Event: 415.339 Thread 0x0000025269cb3300 Uncommon trap: trap_request=0xffffffd6 fr.pc=0x00000252598895d0 relative=0x00000000000003b0
Event: 415.339 Thread 0x0000025269cb3300 Uncommon trap: reason=array_check action=maybe_recompile pc=0x00000252598895d0 method=java.util.LinkedHashMap.keysToArray([Ljava/lang/Object;)[Ljava/lang/Object; @ 25 c2
Event: 415.339 Thread 0x0000025269cb3300 DEOPT PACKING pc=0x00000252598895d0 sp=0x000000cc3cffa2d0
Event: 415.339 Thread 0x0000025269cb3300 DEOPT UNPACKING pc=0x0000025258cf69a3 sp=0x000000cc3cffa288 mode 2

Classes unloaded (7 events):
Event: 21.984 Thread 0x0000025268111060 Unloading class 0x0000000100b31c00 'java/lang/invoke/LambdaForm$DMH+0x0000000100b31c00'
Event: 21.984 Thread 0x0000025268111060 Unloading class 0x0000000100b31800 'java/lang/invoke/LambdaForm$DMH+0x0000000100b31800'
Event: 21.984 Thread 0x0000025268111060 Unloading class 0x0000000100b31400 'java/lang/invoke/LambdaForm$DMH+0x0000000100b31400'
Event: 21.984 Thread 0x0000025268111060 Unloading class 0x0000000100b31000 'java/lang/invoke/LambdaForm$DMH+0x0000000100b31000'
Event: 21.984 Thread 0x0000025268111060 Unloading class 0x0000000100b30c00 'java/lang/invoke/LambdaForm$DMH+0x0000000100b30c00'
Event: 21.984 Thread 0x0000025268111060 Unloading class 0x0000000100b30800 'java/lang/invoke/LambdaForm$DMH+0x0000000100b30800'
Event: 21.984 Thread 0x0000025268111060 Unloading class 0x0000000100b30400 'java/lang/invoke/LambdaForm$DMH+0x0000000100b30400'

Classes redefined (0 events):
No events

Internal exceptions (20 events):
Event: 102.749 Thread 0x000002526bcb10e0 Exception <a 'java/lang/NoClassDefFoundError'{0x000000008b438ae0}: org/jetbrains/kotlin/gradle/plugin/KotlinBasePluginWrapper> (0x000000008b438ae0) 
thrown [s\src\hotspot\share\oops\constantPool.cpp, line 835]
Event: 102.992 Thread 0x000002526bcb10e0 Exception <a 'sun/nio/fs/WindowsException'{0x000000008b2ea468}> (0x000000008b2ea468) 
thrown [s\src\hotspot\share\prims\jni.cpp, line 517]
Event: 103.227 Thread 0x000002526bcb10e0 Exception <a 'sun/nio/fs/WindowsException'{0x000000008b18af20}> (0x000000008b18af20) 
thrown [s\src\hotspot\share\prims\jni.cpp, line 517]
Event: 103.228 Thread 0x000002526bcb10e0 Exception <a 'sun/nio/fs/WindowsException'{0x000000008b18c590}> (0x000000008b18c590) 
thrown [s\src\hotspot\share\prims\jni.cpp, line 517]
Event: 103.228 Thread 0x000002526bcb10e0 Exception <a 'sun/nio/fs/WindowsException'{0x000000008b18d958}> (0x000000008b18d958) 
thrown [s\src\hotspot\share\prims\jni.cpp, line 517]
Event: 103.228 Thread 0x000002526bcb10e0 Exception <a 'sun/nio/fs/WindowsException'{0x000000008b18ed20}> (0x000000008b18ed20) 
thrown [s\src\hotspot\share\prims\jni.cpp, line 517]
Event: 105.289 Thread 0x000002526e7b1560 Implicit null exception at 0x0000025259515509 to 0x0000025259517708
Event: 109.729 Thread 0x000002526e875cc0 Exception <a 'sun/nio/fs/WindowsException'{0x000000008b2b9870}> (0x000000008b2b9870) 
thrown [s\src\hotspot\share\prims\jni.cpp, line 517]
Event: 109.729 Thread 0x000002526e875cc0 Exception <a 'sun/nio/fs/WindowsException'{0x000000008b2b9c20}> (0x000000008b2b9c20) 
thrown [s\src\hotspot\share\prims\jni.cpp, line 517]
Event: 110.648 Thread 0x000002526bcb10e0 Exception <a 'sun/nio/fs/WindowsException'{0x000000008cd0c308}> (0x000000008cd0c308) 
thrown [s\src\hotspot\share\prims\jni.cpp, line 517]
Event: 110.648 Thread 0x000002526bcb10e0 Exception <a 'sun/nio/fs/WindowsException'{0x000000008cd0c658}> (0x000000008cd0c658) 
thrown [s\src\hotspot\share\prims\jni.cpp, line 517]
Event: 110.648 Thread 0x000002526bcb10e0 Exception <a 'sun/nio/fs/WindowsException'{0x000000008cd0df30}> (0x000000008cd0df30) 
thrown [s\src\hotspot\share\prims\jni.cpp, line 517]
Event: 412.566 Thread 0x000002526e87bd00 Exception <a 'sun/nio/fs/WindowsException'{0x000000008bf49df0}> (0x000000008bf49df0) 
thrown [s\src\hotspot\share\prims\jni.cpp, line 517]
Event: 412.798 Thread 0x000002526e87bd00 Exception <a 'java/lang/NoClassDefFoundError'{0x000000008bc2e718}: org/jetbrains/kotlin/gradle/plugin/KotlinBasePluginWrapper> (0x000000008bc2e718) 
thrown [s\src\hotspot\share\oops\constantPool.cpp, line 835]
Event: 412.810 Thread 0x000002526e87bd00 Implicit null exception at 0x0000025259846c8d to 0x0000025259847440
Event: 413.166 Thread 0x000002526e87bd00 Exception <a 'sun/nio/fs/WindowsException'{0x000000008bb6ba78}> (0x000000008bb6ba78) 
thrown [s\src\hotspot\share\prims\jni.cpp, line 517]
Event: 413.260 Thread 0x000002526e87bd00 Exception <a 'sun/nio/fs/WindowsException'{0x000000008ba0a9d0}> (0x000000008ba0a9d0) 
thrown [s\src\hotspot\share\prims\jni.cpp, line 517]
Event: 413.263 Thread 0x000002526e87bd00 Exception <a 'sun/nio/fs/WindowsException'{0x000000008ba0bd48}> (0x000000008ba0bd48) 
thrown [s\src\hotspot\share\prims\jni.cpp, line 517]
Event: 413.263 Thread 0x000002526e87bd00 Exception <a 'sun/nio/fs/WindowsException'{0x000000008ba0d110}> (0x000000008ba0d110) 
thrown [s\src\hotspot\share\prims\jni.cpp, line 517]
Event: 413.264 Thread 0x000002526e87bd00 Exception <a 'sun/nio/fs/WindowsException'{0x000000008ba0e720}> (0x000000008ba0e720) 
thrown [s\src\hotspot\share\prims\jni.cpp, line 517]

VM Operations (20 events):
Event: 408.729 Executing VM operation: Cleanup done
Event: 410.778 Executing VM operation: Cleanup
Event: 410.779 Executing VM operation: Cleanup done
Event: 411.787 Executing VM operation: Cleanup
Event: 411.804 Executing VM operation: Cleanup done
Event: 411.985 Executing VM operation: HandshakeAllThreads
Event: 412.005 Executing VM operation: HandshakeAllThreads done
Event: 412.539 Executing VM operation: ICBufferFull
Event: 412.545 Executing VM operation: ICBufferFull done
Event: 413.367 Executing VM operation: ICBufferFull
Event: 413.367 Executing VM operation: ICBufferFull done
Event: 414.130 Executing VM operation: G1CollectForAllocation
Event: 414.162 Executing VM operation: G1CollectForAllocation done
Event: 414.486 Executing VM operation: G1CollectForAllocation
Event: 414.581 Executing VM operation: G1CollectForAllocation done
Event: 414.745 Executing VM operation: G1TryInitiateConcMark
Event: 414.800 Executing VM operation: G1TryInitiateConcMark done
Event: 414.803 Executing VM operation: G1TryInitiateConcMark
Event: 414.806 Executing VM operation: G1TryInitiateConcMark done
Event: 415.349 Executing VM operation: G1CollectForAllocation

Events (20 events):
Event: 412.474 Thread 0x0000025268c3ff80 flushing nmethod 0x0000025252112e90
Event: 412.475 Thread 0x0000025268c3ff80 flushing nmethod 0x0000025252122b10
Event: 412.475 Thread 0x0000025268c3ff80 flushing nmethod 0x0000025252129b90
Event: 412.475 Thread 0x0000025268c3ff80 flushing nmethod 0x0000025252152310
Event: 412.527 Thread 0x0000025268c3ff80 flushing nmethod 0x00000252524d3090
Event: 412.530 Thread 0x0000025268c3ff80 flushing nmethod 0x0000025252537a10
Event: 412.565 Thread 0x0000025268c3ff80 flushing nmethod 0x00000252527bcb10
Event: 412.568 Thread 0x0000025268c3ff80 flushing nmethod 0x0000025252817c90
Event: 413.506 Thread 0x0000025269cb5980 Thread added: 0x0000025269cb5980
Event: 413.507 Thread 0x0000025269cb0c80 Thread added: 0x0000025269cb0c80
Event: 413.508 Thread 0x0000025269cb1150 Thread added: 0x0000025269cb1150
Event: 413.508 Thread 0x0000025269cb1620 Thread added: 0x0000025269cb1620
Event: 413.508 Thread 0x0000025269cb3300 Thread added: 0x0000025269cb3300
Event: 413.508 Thread 0x0000025269cb2e30 Thread added: 0x0000025269cb2e30
Event: 413.508 Thread 0x0000025269cb02e0 Thread added: 0x0000025269cb02e0
Event: 413.508 Thread 0x0000025269cb1fc0 Thread added: 0x0000025269cb1fc0
Event: 413.513 Thread 0x0000025269cafe10 Thread added: 0x0000025269cafe10
Event: 414.817 Thread 0x0000025269caf940 Thread added: 0x0000025269caf940
Event: 414.818 Thread 0x00000252694cb910 Thread added: 0x00000252694cb910
Event: 415.038 Thread 0x0000025269cb4640 Thread added: 0x0000025269cb4640


Dynamic libraries:
0x00007ff65d0f0000 - 0x00007ff65d0fa000 	C:\Program Files\Android\Android Studio1\jbr\bin\java.exe
0x00007ffc68ff0000 - 0x00007ffc69204000 	C:\WINDOWS\SYSTEM32\ntdll.dll
0x00007ffc67bd0000 - 0x00007ffc67c94000 	C:\WINDOWS\System32\KERNEL32.DLL
0x00007ffc66470000 - 0x00007ffc66814000 	C:\WINDOWS\System32\KERNELBASE.dll
0x00007ffc66820000 - 0x00007ffc66931000 	C:\WINDOWS\System32\ucrtbase.dll
0x00007ffc4eaf0000 - 0x00007ffc4eb07000 	C:\Program Files\Android\Android Studio1\jbr\bin\jli.dll
0x00007ffc4f0e0000 - 0x00007ffc4f0fb000 	C:\Program Files\Android\Android Studio1\jbr\bin\VCRUNTIME140.dll
0x00007ffc678b0000 - 0x00007ffc67a5a000 	C:\WINDOWS\System32\USER32.dll
0x00007ffc663d0000 - 0x00007ffc663f6000 	C:\WINDOWS\System32\win32u.dll
0x00007ffc67a60000 - 0x00007ffc67a89000 	C:\WINDOWS\System32\GDI32.dll
0x00007ffc510a0000 - 0x00007ffc5132f000 	C:\WINDOWS\WinSxS\amd64_microsoft.windows.common-controls_6595b64144ccf1df_6.0.22621.2070_none_2713e6537381f706\COMCTL32.dll
0x00007ffc66a00000 - 0x00007ffc66b19000 	C:\WINDOWS\System32\gdi32full.dll
0x00007ffc66d10000 - 0x00007ffc66daa000 	C:\WINDOWS\System32\msvcp_win.dll
0x00007ffc673e0000 - 0x00007ffc67487000 	C:\WINDOWS\System32\msvcrt.dll
0x00007ffc68910000 - 0x00007ffc68941000 	C:\WINDOWS\System32\IMM32.DLL
0x00007ffc61990000 - 0x00007ffc6199c000 	C:\Program Files\Android\Android Studio1\jbr\bin\vcruntime140_1.dll
0x00007ffc28ce0000 - 0x00007ffc28d6d000 	C:\Program Files\Android\Android Studio1\jbr\bin\msvcp140.dll
0x00007ffc18ad0000 - 0x00007ffc1973e000 	C:\Program Files\Android\Android Studio1\jbr\bin\server\jvm.dll
0x00007ffc68950000 - 0x00007ffc68a00000 	C:\WINDOWS\System32\ADVAPI32.dll
0x00007ffc672b0000 - 0x00007ffc67356000 	C:\WINDOWS\System32\sechost.dll
0x00007ffc67140000 - 0x00007ffc67257000 	C:\WINDOWS\System32\RPCRT4.dll
0x00007ffc5dff0000 - 0x00007ffc5e024000 	C:\WINDOWS\SYSTEM32\WINMM.dll
0x00007ffc5c020000 - 0x00007ffc5c02a000 	C:\WINDOWS\SYSTEM32\VERSION.dll
0x00007ffc61980000 - 0x00007ffc61989000 	C:\WINDOWS\SYSTEM32\WSOCK32.dll
0x00007ffc67820000 - 0x00007ffc67891000 	C:\WINDOWS\System32\ws2_32.DLL
0x00007ffc65500000 - 0x00007ffc65518000 	C:\WINDOWS\SYSTEM32\kernel.appcore.dll
0x00007ffc60cd0000 - 0x00007ffc60cda000 	C:\Program Files\Android\Android Studio1\jbr\bin\jimage.dll
0x00007ffc63730000 - 0x00007ffc6395e000 	C:\WINDOWS\SYSTEM32\DBGHELP.DLL
0x00007ffc67490000 - 0x00007ffc6781a000 	C:\WINDOWS\System32\combase.dll
0x00007ffc67a90000 - 0x00007ffc67b67000 	C:\WINDOWS\System32\OLEAUT32.dll
0x00007ffc5bb00000 - 0x00007ffc5bb32000 	C:\WINDOWS\SYSTEM32\dbgcore.DLL
0x00007ffc66b20000 - 0x00007ffc66b9a000 	C:\WINDOWS\System32\bcryptPrimitives.dll
0x00007ffc4f100000 - 0x00007ffc4f125000 	C:\Program Files\Android\Android Studio1\jbr\bin\java.dll
0x00007ffc60c70000 - 0x00007ffc60c88000 	C:\Program Files\Android\Android Studio1\jbr\bin\zip.dll
0x00007ffc67e50000 - 0x00007ffc68666000 	C:\WINDOWS\System32\SHELL32.dll
0x00007ffc643b0000 - 0x00007ffc64c9a000 	C:\WINDOWS\SYSTEM32\windows.storage.dll
0x00007ffc64270000 - 0x00007ffc643ae000 	C:\WINDOWS\SYSTEM32\wintypes.dll
0x00007ffc68670000 - 0x00007ffc68763000 	C:\WINDOWS\System32\SHCORE.dll
0x00007ffc67b70000 - 0x00007ffc67bce000 	C:\WINDOWS\System32\shlwapi.dll
0x00007ffc66300000 - 0x00007ffc66326000 	C:\WINDOWS\SYSTEM32\profapi.dll
0x00007ffc56bb0000 - 0x00007ffc56bc9000 	C:\Program Files\Android\Android Studio1\jbr\bin\net.dll
0x00007ffc5ec60000 - 0x00007ffc5ed97000 	C:\WINDOWS\SYSTEM32\WINHTTP.dll
0x00007ffc65980000 - 0x00007ffc659e9000 	C:\WINDOWS\system32\mswsock.dll
0x00007ffc519b0000 - 0x00007ffc519c6000 	C:\Program Files\Android\Android Studio1\jbr\bin\nio.dll
0x00007ffc60cc0000 - 0x00007ffc60cd0000 	C:\Program Files\Android\Android Studio1\jbr\bin\verify.dll
0x00007ffc283d0000 - 0x00007ffc283f7000 	F:\AndroidStudio\ToDoListAndroidMVP-master\ToDoListAndroidMVP-master\app\native\e1d6ef7f7dcc3fd88c89a11ec53ec762bb8ba0a96d01ffa2cd45eb1d1d8dd5c5\windows-amd64\native-platform.dll
0x00007ffc27930000 - 0x00007ffc27a74000 	F:\AndroidStudio\ToDoListAndroidMVP-master\ToDoListAndroidMVP-master\app\native\5664cfc778a61ccfe75a443a1ab52a65af34e5dc3c78e0209fed803814484fcb\windows-amd64\native-platform-file-events.dll
0x00007ffc55d20000 - 0x00007ffc55d29000 	C:\Program Files\Android\Android Studio1\jbr\bin\management.dll
0x00007ffc51030000 - 0x00007ffc5103b000 	C:\Program Files\Android\Android Studio1\jbr\bin\management_ext.dll
0x00007ffc67130000 - 0x00007ffc67138000 	C:\WINDOWS\System32\PSAPI.DLL
0x00007ffc65bd0000 - 0x00007ffc65beb000 	C:\WINDOWS\SYSTEM32\CRYPTSP.dll
0x00007ffc65470000 - 0x00007ffc654a5000 	C:\WINDOWS\system32\rsaenh.dll
0x00007ffc65a70000 - 0x00007ffc65a9c000 	C:\WINDOWS\SYSTEM32\USERENV.dll
0x00007ffc65d70000 - 0x00007ffc65d98000 	C:\WINDOWS\SYSTEM32\bcrypt.dll
0x00007ffc65bf0000 - 0x00007ffc65bfc000 	C:\WINDOWS\SYSTEM32\CRYPTBASE.dll
0x00007ffc64fb0000 - 0x00007ffc64fdd000 	C:\WINDOWS\SYSTEM32\IPHLPAPI.DLL
0x00007ffc68770000 - 0x00007ffc68779000 	C:\WINDOWS\System32\NSI.dll
0x00007ffc5ec40000 - 0x00007ffc5ec59000 	C:\WINDOWS\SYSTEM32\dhcpcsvc6.DLL
0x00007ffc5ec20000 - 0x00007ffc5ec3f000 	C:\WINDOWS\SYSTEM32\dhcpcsvc.DLL
0x00007ffc64fe0000 - 0x00007ffc650d3000 	C:\WINDOWS\SYSTEM32\DNSAPI.dll
0x00007ffc56d00000 - 0x00007ffc56d08000 	C:\WINDOWS\system32\wshunix.dll
0x00007ffc65520000 - 0x00007ffc65554000 	C:\WINDOWS\SYSTEM32\ntmarta.dll

dbghelp: loaded successfully - version: 4.0.5 - missing functions: none
symbol engine: initialized successfully - sym options: 0x614 - pdb path: .;C:\Program Files\Android\Android Studio1\jbr\bin;C:\WINDOWS\SYSTEM32;C:\WINDOWS\WinSxS\amd64_microsoft.windows.common-controls_6595b64144ccf1df_6.0.22621.2070_none_2713e6537381f706;C:\Program Files\Android\Android Studio1\jbr\bin\server;F:\AndroidStudio\ToDoListAndroidMVP-master\ToDoListAndroidMVP-master\app\native\e1d6ef7f7dcc3fd88c89a11ec53ec762bb8ba0a96d01ffa2cd45eb1d1d8dd5c5\windows-amd64;F:\AndroidStudio\ToDoListAndroidMVP-master\ToDoListAndroidMVP-master\app\native\5664cfc778a61ccfe75a443a1ab52a65af34e5dc3c78e0209fed803814484fcb\windows-amd64

VM Arguments:
jvm_args: --add-opens=java.base/java.util=ALL-UNNAMED --add-opens=java.base/java.lang=ALL-UNNAMED --add-opens=java.base/java.lang.invoke=ALL-UNNAMED --add-opens=java.base/java.util=ALL-UNNAMED --add-opens=java.prefs/java.util.prefs=ALL-UNNAMED --add-opens=java.prefs/java.util.prefs=ALL-UNNAMED --add-opens=java.base/java.nio.charset=ALL-UNNAMED --add-opens=java.base/java.net=ALL-UNNAMED --add-opens=java.base/java.util.concurrent.atomic=ALL-UNNAMED -Xmx2048m -Dfile.encoding=UTF-8 -Duser.country=ID -Duser.language=en -Duser.variant 
java_command: org.gradle.launcher.daemon.bootstrap.GradleDaemon 7.2
java_class_path (initial): F:\AndroidStudio\ToDoListAndroidMVP-master\ToDoListAndroidMVP-master\app\wrapper\dists\gradle-7.2-bin\2dnblmf4td7x66yl1d74lt32g\gradle-7.2\lib\gradle-launcher-7.2.jar
Launcher Type: SUN_STANDARD

[Global flags]
     intx CICompilerCount                          = 4                                         {product} {ergonomic}
     uint ConcGCThreads                            = 2                                         {product} {ergonomic}
     uint G1ConcRefinementThreads                  = 8                                         {product} {ergonomic}
   size_t G1HeapRegionSize                         = 1048576                                   {product} {ergonomic}
    uintx GCDrainStackTargetSize                   = 64                                        {product} {ergonomic}
   size_t InitialHeapSize                          = 132120576                                 {product} {ergonomic}
   size_t MarkStackSize                            = 4194304                                   {product} {ergonomic}
   size_t MaxHeapSize                              = 2147483648                                {product} {command line}
   size_t MaxNewSize                               = 1287651328                                {product} {ergonomic}
   size_t MinHeapDeltaBytes                        = 1048576                                   {product} {ergonomic}
   size_t MinHeapSize                              = 8388608                                   {product} {ergonomic}
    uintx NonNMethodCodeHeapSize                   = 5839372                                {pd product} {ergonomic}
    uintx NonProfiledCodeHeapSize                  = 122909434                              {pd product} {ergonomic}
    uintx ProfiledCodeHeapSize                     = 122909434                              {pd product} {ergonomic}
    uintx ReservedCodeCacheSize                    = 251658240                              {pd product} {ergonomic}
     bool SegmentedCodeCache                       = true                                      {product} {ergonomic}
   size_t SoftMaxHeapSize                          = 2147483648                             {manageable} {ergonomic}
     bool UseCompressedClassPointers               = true                           {product lp64_product} {ergonomic}
     bool UseCompressedOops                        = true                           {product lp64_product} {ergonomic}
     bool UseG1GC                                  = true                                      {product} {ergonomic}
     bool UseLargePagesIndividualAllocation        = false                                  {pd product} {ergonomic}

Logging:
Log output configuration:
 #0: stdout all=warning uptime,level,tags
 #1: stderr all=off uptime,level,tags

Environment Variables:
JAVA_HOME=C:\Program Files (x86)\Java\jdk1.8.0_31\bin
PATH=C:\Program Files (x86)\VMware\VMware Player\bin\;C:\Program Files (x86)\Common Files\Intel\Shared Libraries\redist\intel64\compiler;C:\Program Files (x86)\Common Files\Oracle\Java\javapath;C:\ProgramData\Oracle\Java\javapath;C:\Windows\system32;C:\Windows;C:\Windows\System32\Wbem;C:\Windows\System32\WindowsPowerShell\v1.0\;C:\Windows\System32\OpenSSH\;C:\Program Files (x86)\NVIDIA Corporation\PhysX\Common;C:\Program Files\NVIDIA Corporation\NVIDIA NvDLISR;C:\Program Files\Microsoft\Web Platform Installer\;C:\Program Files (x86)\Microsoft ASP.NET\ASP.NET Web Pages\v1.0\;C:\Program Files (x86)\Windows Kits\8.0\Windows Performance Toolkit\;C:\Program Files\Microsoft SQL Server\110\Tools\Binn\;C:\Users\Tomo\AppData\Local\Programs\Python\Python39\Scripts;C:\WINDOWS\system32;C:\WINDOWS;C:\WINDOWS\System32\Wbem;C:\WINDOWS\System32\WindowsPowerShell\v1.0\;C:\WINDOWS\System32\OpenSSH\;C:\Program Files (x86)\Java\jdk1.8.0_31\bin;C:\Program Files\MySQL\MySQL Server 8.0\bin;C:\Program Files\MySQL\MySQL Shell 8.0\bin\;C:\Users\Tomo\AppData\Local\Microsoft\WindowsApps;C:\Users\Tomo\AppData\Local\Programs\Microsoft VS Code\bin;F:\php-8.1.11-Win32-vs16-x64;C:\Users\Tomo\AppData\Local\GitHubDesktop\bin
USERNAME=Tomo
OS=Windows_NT
PROCESSOR_IDENTIFIER=Intel64 Family 6 Model 165 Stepping 2, GenuineIntel
TMP=C:\Users\Tomo\AppData\Local\Temp
TEMP=C:\Users\Tomo\AppData\Local\Temp


JNI global refs:
JNI global refs: 27, weak refs: 6

JNI global refs memory usage: 843, weak refs: 841


---------------  S Y S T E M  ---------------

OS:
 Windows 11 , 64 bit Build 22621 (10.0.22621.2070)
OS uptime: 1 days 20:34 hours

CPU: total 8 (initial active 8) (4 cores per cpu, 2 threads per core) family 6 model 165 stepping 2 microcode 0xe2, cx8, cmov, fxsr, ht, mmx, 3dnowpref, sse, sse2, sse3, ssse3, sse4.1, sse4.2, popcnt, lzcnt, tsc, tscinvbit, avx, avx2, aes, erms, clmul, bmi1, bmi2, adx, fma, vzeroupper, clflush, clflushopt

Memory: 4k page, system-wide physical 8060M (576M free)
TotalPageFile size 20540M (AvailPageFile size 172M)
current process WorkingSet (physical memory assigned to process): 296M, peak: 469M
current process commit charge ("private bytes"): 511M, peak: 893M

vm_info: OpenJDK 64-Bit Server VM (17.0.6+0-b2043.56-10027231) for windows-amd64 JRE (17.0.6+0-b2043.56-10027231), built on Apr 28 2023 00:43:19 by "androidbuild" with MS VC++ 16.10 / 16.11 (VS2019)

END.
