#
# There is insufficient memory for the Java Runtime Environment to continue.
# Native memory allocation (mmap) failed to map 53477376 bytes for G1 virtual space
# Possible reasons:
#   The system is out of physical RAM or swap space
#   The process is running with CompressedOops enabled, and the Java Heap may be blocking the growth of the native heap
# Possible solutions:
#   Reduce memory load on the system
#   Increase physical memory or swap space
#   Check if swap backing store is full
#   Decrease Java heap size (-Xmx/-Xms)
#   Decrease number of Java threads
#   Decrease Java thread stack sizes (-Xss)
#   Set larger code cache with -XX:ReservedCodeCacheSize=
#   JVM is running with Unscaled Compressed Oops mode in which the Java heap is
#     placed in the first 4GB address space. The Java Heap base address is the
#     maximum limit for the native heap growth. Please use -XX:HeapBaseMinAddress
#     to set the Java Heap base and to place the Java Heap above 4GB virtual address.
# This output file may be truncated or incomplete.
#
#  Out of Memory Error (os_windows.cpp:3769), pid=21344, tid=16220
#
# JRE version: OpenJDK Runtime Environment (17.0.6) (build 17.0.6+0-b2043.56-10027231)
# Java VM: OpenJDK 64-Bit Server VM (17.0.6+0-b2043.56-10027231, mixed mode, tiered, compressed oops, compressed class ptrs, g1 gc, windows-amd64)
# No core dump will be written. Minidumps are not enabled by default on client versions of Windows
#

---------------  S U M M A R Y ------------

Command Line: --add-opens=java.base/java.util=ALL-UNNAMED --add-opens=java.base/java.lang=ALL-UNNAMED --add-opens=java.base/java.lang.invoke=ALL-UNNAMED --add-opens=java.base/java.util=ALL-UNNAMED --add-opens=java.prefs/java.util.prefs=ALL-UNNAMED --add-opens=java.prefs/java.util.prefs=ALL-UNNAMED --add-opens=java.base/java.nio.charset=ALL-UNNAMED --add-opens=java.base/java.net=ALL-UNNAMED --add-opens=java.base/java.util.concurrent.atomic=ALL-UNNAMED -Xmx2048m -Dfile.encoding=UTF-8 -Duser.country=ID -Duser.language=en -Duser.variant org.gradle.launcher.daemon.bootstrap.GradleDaemon 7.2

Host: Intel(R) Core(TM) i5-10300H CPU @ 2.50GHz, 8 cores, 7G,  Windows 11 , 64 bit Build 22621 (10.0.22621.2070)
Time: Wed Aug 23 09:51:42 2023 SE Asia Standard Time elapsed time: 10.640830 seconds (0d 0h 0m 10s)

---------------  T H R E A D  ---------------

Current thread (0x0000023e3632ad50):  VMThread "VM Thread" [stack: 0x000000499bc00000,0x000000499bd00000] [id=16220]

Stack: [0x000000499bc00000,0x000000499bd00000]
Native frames: (J=compiled Java code, j=interpreted, Vv=VM code, C=native code)
V  [jvm.dll+0x683c9a]
V  [jvm.dll+0x8427a4]
V  [jvm.dll+0x843f9e]
V  [jvm.dll+0x844603]
V  [jvm.dll+0x249b75]
V  [jvm.dll+0x680b69]
V  [jvm.dll+0x67505a]
V  [jvm.dll+0x309acb]
V  [jvm.dll+0x310f86]
V  [jvm.dll+0x3608ee]
V  [jvm.dll+0x360b1f]
V  [jvm.dll+0x2dfbf8]
V  [jvm.dll+0x2e2ce6]
V  [jvm.dll+0x2ed478]
V  [jvm.dll+0x322150]
V  [jvm.dll+0x848ccb]
V  [jvm.dll+0x849a04]
V  [jvm.dll+0x849f1d]
V  [jvm.dll+0x84a2f4]
V  [jvm.dll+0x84a3c0]
V  [jvm.dll+0x7f274a]
V  [jvm.dll+0x682ad5]
C  [ucrtbase.dll+0x29363]
C  [KERNEL32.DLL+0x126ad]
C  [ntdll.dll+0x5aa68]

VM_Operation (0x000000499b8ff4c0): G1Concurrent, mode: safepoint, requested by thread 0x0000023e1c529b10


---------------  P R O C E S S  ---------------

Threads class SMR info:
_java_thread_list=0x0000023e3a1c6b30, length=140, elements={
0x0000023e1c4be670, 0x0000023e36c13020, 0x0000023e3632c1b0, 0x0000023e36c1dfd0,
0x0000023e36c1e990, 0x0000023e36c21bf0, 0x0000023e3630a230, 0x0000023e36c35360,
0x0000023e36c365a0, 0x0000023e36c38a60, 0x0000023e36db7960, 0x0000023e36dbbe40,
0x0000023e3a36e800, 0x0000023e380c2610, 0x0000023e3990aed0, 0x0000023e37f3a040,
0x0000023e37f3bd20, 0x0000023e37f3da00, 0x0000023e37f3a510, 0x0000023e37f3c1f0,
0x0000023e37f3c6c0, 0x0000023e37f3a9e0, 0x0000023e37f3d530, 0x0000023e37f3b380,
0x0000023e37f3b850, 0x0000023e37f3cb90, 0x0000023e3ab03ff0, 0x0000023e3ab02310,
0x0000023e3ab05cd0, 0x0000023e3ab05800, 0x0000023e3ab061a0, 0x0000023e3ab08820,
0x0000023e3ab02cb0, 0x0000023e3ab07010, 0x0000023e3ab01970, 0x0000023e3ab01e40,
0x0000023e3ab06670, 0x0000023e3ab04e60, 0x0000023e3ab03b20, 0x0000023e3ab06b40,
0x0000023e3ab074e0, 0x0000023e3ab08350, 0x0000023e3ab014a0, 0x0000023e37491b70,
0x0000023e37494b90, 0x0000023e37492eb0, 0x0000023e374929e0, 0x0000023e37495060,
0x0000023e37495ed0, 0x0000023e37492510, 0x0000023e37493d20, 0x0000023e374946c0,
0x0000023e37498550, 0x0000023e37493380, 0x0000023e374941f0, 0x0000023e37493850,
0x0000023e37495530, 0x0000023e37495a00, 0x0000023e374963a0, 0x0000023e374976e0,
0x0000023e37497bb0, 0x0000023e37496870, 0x0000023e37498080, 0x0000023e37496d40,
0x0000023e37498a20, 0x0000023e37497210, 0x0000023e37498ef0, 0x0000023e374993c0,
0x0000023e37492040, 0x0000023e37d582f0, 0x0000023e37d57e20, 0x0000023e37d59fd0,
0x0000023e37d59b00, 0x0000023e37d56140, 0x0000023e37d59630, 0x0000023e37d5a4a0,
0x0000023e37d57950, 0x0000023e37d57480, 0x0000023e37d587c0, 0x0000023e37d56ae0,
0x0000023e37d5d4c0, 0x0000023e37d5cff0, 0x0000023e37d58c90, 0x0000023e37d56fb0,
0x0000023e37d59160, 0x0000023e37d56610, 0x0000023e37d5a970, 0x0000023e37d5ae40,
0x0000023e37d55c70, 0x0000023e37d5bcb0, 0x0000023e37d5b310, 0x0000023e37d5cb20,
0x0000023e37d5b7e0, 0x0000023e37d5c180, 0x0000023e37d5c650, 0x0000023e3716f200,
0x0000023e3716e860, 0x0000023e3716dec0, 0x0000023e3716c1e0, 0x0000023e3716a9d0,
0x0000023e3716e390, 0x0000023e3716f6d0, 0x0000023e3716ed30, 0x0000023e3716b370,
0x0000023e37167e80, 0x0000023e37168350, 0x0000023e37168820, 0x0000023e3716b840,
0x0000023e3716cb80, 0x0000023e37168cf0, 0x0000023e371691c0, 0x0000023e3716bd10,
0x0000023e37169690, 0x0000023e3716d9f0, 0x0000023e37169b60, 0x0000023e3716a030,
0x0000023e3716a500, 0x0000023e3716d050, 0x0000023e3716aea0, 0x0000023e3716c6b0,
0x0000023e3ad3f5e0, 0x0000023e3ad3fab0, 0x0000023e3ad442e0, 0x0000023e3ad447b0,
0x0000023e3ad45620, 0x0000023e3ad40df0, 0x0000023e3ad44c80, 0x0000023e3ad41790,
0x0000023e3ad42fa0, 0x0000023e3ad43470, 0x0000023e3ad46e30, 0x0000023e3ad43940,
0x0000023e3ad43e10, 0x0000023e3ad45fc0, 0x0000023e3ad40450, 0x0000023e3ad46490,
0x0000023e3ad46960, 0x0000023e37f3aeb0, 0x0000023e37f3d060, 0x0000023e3ca3bc00
}

Java Threads: ( => current thread )
  0x0000023e1c4be670 JavaThread "main" [_thread_blocked, id=10416, stack(0x000000499b600000,0x000000499b700000)]
  0x0000023e36c13020 JavaThread "Reference Handler" daemon [_thread_blocked, id=17624, stack(0x000000499bd00000,0x000000499be00000)]
  0x0000023e3632c1b0 JavaThread "Finalizer" daemon [_thread_blocked, id=4964, stack(0x000000499be00000,0x000000499bf00000)]
  0x0000023e36c1dfd0 JavaThread "Signal Dispatcher" daemon [_thread_blocked, id=976, stack(0x000000499bf00000,0x000000499c000000)]
  0x0000023e36c1e990 JavaThread "Attach Listener" daemon [_thread_blocked, id=14848, stack(0x000000499c000000,0x000000499c100000)]
  0x0000023e36c21bf0 JavaThread "Service Thread" daemon [_thread_blocked, id=6020, stack(0x000000499c100000,0x000000499c200000)]
  0x0000023e3630a230 JavaThread "Monitor Deflation Thread" daemon [_thread_blocked, id=19160, stack(0x000000499c200000,0x000000499c300000)]
  0x0000023e36c35360 JavaThread "C2 CompilerThread0" daemon [_thread_blocked, id=17768, stack(0x000000499c300000,0x000000499c400000)]
  0x0000023e36c365a0 JavaThread "C1 CompilerThread0" daemon [_thread_blocked, id=13816, stack(0x000000499c400000,0x000000499c500000)]
  0x0000023e36c38a60 JavaThread "Sweeper thread" daemon [_thread_blocked, id=16272, stack(0x000000499c500000,0x000000499c600000)]
  0x0000023e36db7960 JavaThread "Common-Cleaner" daemon [_thread_blocked, id=15716, stack(0x000000499c600000,0x000000499c700000)]
  0x0000023e36dbbe40 JavaThread "Notification Thread" daemon [_thread_blocked, id=10300, stack(0x000000499c700000,0x000000499c800000)]
  0x0000023e3a36e800 JavaThread "Daemon health stats" [_thread_blocked, id=6628, stack(0x000000499cf00000,0x000000499d000000)]
  0x0000023e380c2610 JavaThread "Incoming local TCP Connector on port 52459" [_thread_in_native, id=18424, stack(0x000000499d000000,0x000000499d100000)]
  0x0000023e3990aed0 JavaThread "Daemon periodic checks" [_thread_blocked, id=5092, stack(0x000000499d100000,0x000000499d200000)]
  0x0000023e37f3a040 JavaThread "Daemon" [_thread_blocked, id=17272, stack(0x000000499d200000,0x000000499d300000)]
  0x0000023e37f3bd20 JavaThread "Handler for socket connection from /127.0.0.1:52459 to /127.0.0.1:52460" [_thread_in_native, id=4456, stack(0x000000499d300000,0x000000499d400000)]
  0x0000023e37f3da00 JavaThread "Cancel handler" [_thread_blocked, id=11232, stack(0x000000499d400000,0x000000499d500000)]
  0x0000023e37f3a510 JavaThread "Daemon worker" [_thread_blocked, id=21276, stack(0x000000499d500000,0x000000499d600000)]
  0x0000023e37f3c1f0 JavaThread "Asynchronous log dispatcher for DefaultDaemonConnection: socket connection from /127.0.0.1:52459 to /127.0.0.1:52460" [_thread_blocked, id=10860, stack(0x000000499d600000,0x000000499d700000)]
  0x0000023e37f3c6c0 JavaThread "Stdin handler" [_thread_blocked, id=5960, stack(0x000000499d700000,0x000000499d800000)]
  0x0000023e37f3a9e0 JavaThread "Daemon client event forwarder" [_thread_blocked, id=16844, stack(0x000000499d800000,0x000000499d900000)]
  0x0000023e37f3d530 JavaThread "Cache worker for journal cache (F:\AndroidStudio\ToDoListAndroidMVP-master\ToDoListAndroidMVP-master\app\caches\journal-1)" [_thread_blocked, id=6152, stack(0x000000499c900000,0x000000499ca00000)]
  0x0000023e37f3b380 JavaThread "File lock request listener" [_thread_in_native, id=7336, stack(0x000000499dc00000,0x000000499dd00000)]
  0x0000023e37f3b850 JavaThread "Cache worker for file hash cache (F:\AndroidStudio\ToDoListAndroidMVP-master\ToDoListAndroidMVP-master\app\caches\7.2\fileHashes)" [_thread_blocked, id=9952, stack(0x000000499dd00000,0x000000499de00000)]
  0x0000023e37f3cb90 JavaThread "Cache worker for file hash cache (F:\AndroidStudio\MyList\.gradle\7.2\fileHashes)" [_thread_blocked, id=11800, stack(0x000000499df00000,0x000000499e000000)]
  0x0000023e3ab03ff0 JavaThread "File watcher server" daemon [_thread_blocked, id=10476, stack(0x000000499e100000,0x000000499e200000)]
  0x0000023e3ab02310 JavaThread "File watcher consumer" daemon [_thread_blocked, id=20500, stack(0x000000499e200000,0x000000499e300000)]
  0x0000023e3ab05cd0 JavaThread "Cache worker for checksums cache (F:\AndroidStudio\MyList\.gradle\checksums)" [_thread_blocked, id=18512, stack(0x000000499e300000,0x000000499e400000)]
  0x0000023e3ab05800 JavaThread "Cache worker for cache directory md-supplier (F:\AndroidStudio\ToDoListAndroidMVP-master\ToDoListAndroidMVP-master\app\caches\7.2\md-supplier)" [_thread_blocked, id=15004, stack(0x000000499e400000,0x000000499e500000)]
  0x0000023e3ab061a0 JavaThread "Cache worker for cache directory md-rule (F:\AndroidStudio\ToDoListAndroidMVP-master\ToDoListAndroidMVP-master\app\caches\7.2\md-rule)" [_thread_blocked, id=3916, stack(0x000000499e500000,0x000000499e600000)]
  0x0000023e3ab08820 JavaThread "Cache worker for execution history cache (F:\AndroidStudio\ToDoListAndroidMVP-master\ToDoListAndroidMVP-master\app\caches\7.2\executionHistory)" [_thread_blocked, id=5968, stack(0x000000499e600000,0x000000499e700000)]
  0x0000023e3ab02cb0 JavaThread "jar transforms" [_thread_blocked, id=12708, stack(0x000000499e700000,0x000000499e800000)]
  0x0000023e3ab07010 JavaThread "jar transforms Thread 2" [_thread_blocked, id=21152, stack(0x000000499e800000,0x000000499e900000)]
  0x0000023e3ab01970 JavaThread "Cache worker for file content cache (F:\AndroidStudio\ToDoListAndroidMVP-master\ToDoListAndroidMVP-master\app\caches\7.2\fileContent)" [_thread_blocked, id=13392, stack(0x000000499e900000,0x000000499ea00000)]
  0x0000023e3ab01e40 JavaThread "jar transforms Thread 3" [_thread_blocked, id=17932, stack(0x000000499ea00000,0x000000499eb00000)]
  0x0000023e3ab06670 JavaThread "jar transforms Thread 4" [_thread_blocked, id=8896, stack(0x000000499eb00000,0x000000499ec00000)]
  0x0000023e3ab04e60 JavaThread "Cache worker for dependencies-accessors (F:\AndroidStudio\MyList\.gradle\7.2\dependencies-accessors)" [_thread_blocked, id=10248, stack(0x000000499ec00000,0x000000499ed00000)]
  0x0000023e3ab03b20 JavaThread "jar transforms Thread 5" [_thread_blocked, id=18496, stack(0x000000499ed00000,0x000000499ee00000)]
  0x0000023e3ab06b40 JavaThread "Cache worker for Build Output Cleanup Cache (F:\AndroidStudio\MyList\.gradle\buildOutputCleanup)" [_thread_blocked, id=7804, stack(0x000000499e000000,0x000000499e100000)]
  0x0000023e3ab074e0 JavaThread "Unconstrained build operations" [_thread_blocked, id=21500, stack(0x000000499de00000,0x000000499df00000)]
  0x0000023e3ab08350 JavaThread "Unconstrained build operations Thread 2" [_thread_blocked, id=21160, stack(0x000000499ee00000,0x000000499ef00000)]
  0x0000023e3ab014a0 JavaThread "Unconstrained build operations Thread 3" [_thread_blocked, id=16216, stack(0x000000499ef00000,0x000000499f000000)]
  0x0000023e37491b70 JavaThread "Unconstrained build operations Thread 4" [_thread_blocked, id=16084, stack(0x000000499f000000,0x000000499f100000)]
  0x0000023e37494b90 JavaThread "Unconstrained build operations Thread 5" [_thread_blocked, id=2920, stack(0x000000499f100000,0x000000499f200000)]
  0x0000023e37492eb0 JavaThread "Unconstrained build operations Thread 6" [_thread_blocked, id=20704, stack(0x000000499f200000,0x000000499f300000)]
  0x0000023e374929e0 JavaThread "Unconstrained build operations Thread 7" [_thread_blocked, id=8556, stack(0x000000499f300000,0x000000499f400000)]
  0x0000023e37495060 JavaThread "Unconstrained build operations Thread 8" [_thread_blocked, id=18704, stack(0x000000499f400000,0x000000499f500000)]
  0x0000023e37495ed0 JavaThread "Unconstrained build operations Thread 9" [_thread_blocked, id=15304, stack(0x000000499f500000,0x000000499f600000)]
  0x0000023e37492510 JavaThread "Unconstrained build operations Thread 10" [_thread_blocked, id=21432, stack(0x000000499f600000,0x000000499f700000)]
  0x0000023e37493d20 JavaThread "Unconstrained build operations Thread 11" [_thread_blocked, id=7100, stack(0x000000499f700000,0x000000499f800000)]
  0x0000023e374946c0 JavaThread "Unconstrained build operations Thread 12" [_thread_blocked, id=19124, stack(0x000000499f800000,0x000000499f900000)]
  0x0000023e37498550 JavaThread "Unconstrained build operations Thread 13" [_thread_blocked, id=18916, stack(0x000000499f900000,0x000000499fa00000)]
  0x0000023e37493380 JavaThread "Unconstrained build operations Thread 14" [_thread_blocked, id=7484, stack(0x000000499fa00000,0x000000499fb00000)]
  0x0000023e374941f0 JavaThread "Unconstrained build operations Thread 15" [_thread_blocked, id=16820, stack(0x000000499fb00000,0x000000499fc00000)]
  0x0000023e37493850 JavaThread "Unconstrained build operations Thread 16" [_thread_blocked, id=17328, stack(0x000000499fc00000,0x000000499fd00000)]
  0x0000023e37495530 JavaThread "Unconstrained build operations Thread 17" [_thread_blocked, id=8440, stack(0x000000499fd00000,0x000000499fe00000)]
  0x0000023e37495a00 JavaThread "Unconstrained build operations Thread 18" [_thread_blocked, id=18964, stack(0x000000499fe00000,0x000000499ff00000)]
  0x0000023e374963a0 JavaThread "Unconstrained build operations Thread 19" [_thread_blocked, id=3016, stack(0x000000499ff00000,0x00000049a0000000)]
  0x0000023e374976e0 JavaThread "Unconstrained build operations Thread 20" [_thread_blocked, id=11024, stack(0x00000049a0000000,0x00000049a0100000)]
  0x0000023e37497bb0 JavaThread "Unconstrained build operations Thread 21" [_thread_blocked, id=9668, stack(0x00000049a0100000,0x00000049a0200000)]
  0x0000023e37496870 JavaThread "Unconstrained build operations Thread 22" [_thread_blocked, id=11560, stack(0x00000049a0200000,0x00000049a0300000)]
  0x0000023e37498080 JavaThread "Unconstrained build operations Thread 23" [_thread_blocked, id=18268, stack(0x00000049a0300000,0x00000049a0400000)]
  0x0000023e37496d40 JavaThread "Unconstrained build operations Thread 24" [_thread_blocked, id=10008, stack(0x00000049a0400000,0x00000049a0500000)]
  0x0000023e37498a20 JavaThread "Unconstrained build operations Thread 25" [_thread_blocked, id=16824, stack(0x00000049a0500000,0x00000049a0600000)]
  0x0000023e37497210 JavaThread "Unconstrained build operations Thread 26" [_thread_blocked, id=2740, stack(0x00000049a0600000,0x00000049a0700000)]
  0x0000023e37498ef0 JavaThread "Unconstrained build operations Thread 27" [_thread_blocked, id=2156, stack(0x00000049a0700000,0x00000049a0800000)]
  0x0000023e374993c0 JavaThread "Unconstrained build operations Thread 28" [_thread_blocked, id=3036, stack(0x00000049a0800000,0x00000049a0900000)]
  0x0000023e37492040 JavaThread "Unconstrained build operations Thread 29" [_thread_blocked, id=8228, stack(0x00000049a0900000,0x00000049a0a00000)]
  0x0000023e37d582f0 JavaThread "Unconstrained build operations Thread 30" [_thread_blocked, id=1268, stack(0x00000049a0a00000,0x00000049a0b00000)]
  0x0000023e37d57e20 JavaThread "Unconstrained build operations Thread 31" [_thread_blocked, id=19368, stack(0x00000049a0b00000,0x00000049a0c00000)]
  0x0000023e37d59fd0 JavaThread "Unconstrained build operations Thread 32" [_thread_blocked, id=15476, stack(0x00000049a0c00000,0x00000049a0d00000)]
  0x0000023e37d59b00 JavaThread "Unconstrained build operations Thread 33" [_thread_blocked, id=15324, stack(0x00000049a0d00000,0x00000049a0e00000)]
  0x0000023e37d56140 JavaThread "Unconstrained build operations Thread 34" [_thread_blocked, id=4660, stack(0x00000049a0e00000,0x00000049a0f00000)]
  0x0000023e37d59630 JavaThread "Unconstrained build operations Thread 35" [_thread_blocked, id=10744, stack(0x00000049a0f00000,0x00000049a1000000)]
  0x0000023e37d5a4a0 JavaThread "Unconstrained build operations Thread 36" [_thread_blocked, id=8932, stack(0x00000049a1000000,0x00000049a1100000)]
  0x0000023e37d57950 JavaThread "Unconstrained build operations Thread 37" [_thread_blocked, id=20656, stack(0x00000049a1100000,0x00000049a1200000)]
  0x0000023e37d57480 JavaThread "Unconstrained build operations Thread 38" [_thread_blocked, id=9440, stack(0x00000049a1200000,0x00000049a1300000)]
  0x0000023e37d587c0 JavaThread "Unconstrained build operations Thread 39" [_thread_blocked, id=5204, stack(0x00000049a1300000,0x00000049a1400000)]
  0x0000023e37d56ae0 JavaThread "Unconstrained build operations Thread 40" [_thread_blocked, id=17604, stack(0x00000049a1400000,0x00000049a1500000)]
  0x0000023e37d5d4c0 JavaThread "Unconstrained build operations Thread 41" [_thread_blocked, id=19052, stack(0x00000049a1500000,0x00000049a1600000)]
  0x0000023e37d5cff0 JavaThread "Unconstrained build operations Thread 42" [_thread_blocked, id=14536, stack(0x00000049a1600000,0x00000049a1700000)]
  0x0000023e37d58c90 JavaThread "Unconstrained build operations Thread 43" [_thread_blocked, id=8164, stack(0x00000049a1700000,0x00000049a1800000)]
  0x0000023e37d56fb0 JavaThread "Unconstrained build operations Thread 44" [_thread_blocked, id=20520, stack(0x00000049a1800000,0x00000049a1900000)]
  0x0000023e37d59160 JavaThread "Unconstrained build operations Thread 45" [_thread_blocked, id=21444, stack(0x00000049a1900000,0x00000049a1a00000)]
  0x0000023e37d56610 JavaThread "Unconstrained build operations Thread 46" [_thread_blocked, id=15744, stack(0x00000049a1a00000,0x00000049a1b00000)]
  0x0000023e37d5a970 JavaThread "Unconstrained build operations Thread 47" [_thread_blocked, id=8916, stack(0x00000049a1b00000,0x00000049a1c00000)]
  0x0000023e37d5ae40 JavaThread "Unconstrained build operations Thread 48" [_thread_blocked, id=13976, stack(0x00000049a1c00000,0x00000049a1d00000)]
  0x0000023e37d55c70 JavaThread "Unconstrained build operations Thread 49" [_thread_blocked, id=7944, stack(0x00000049a1d00000,0x00000049a1e00000)]
  0x0000023e37d5bcb0 JavaThread "Unconstrained build operations Thread 50" [_thread_blocked, id=10712, stack(0x00000049a1e00000,0x00000049a1f00000)]
  0x0000023e37d5b310 JavaThread "Unconstrained build operations Thread 51" [_thread_blocked, id=19084, stack(0x00000049a1f00000,0x00000049a2000000)]
  0x0000023e37d5cb20 JavaThread "Unconstrained build operations Thread 52" [_thread_blocked, id=2928, stack(0x00000049a2000000,0x00000049a2100000)]
  0x0000023e37d5b7e0 JavaThread "Unconstrained build operations Thread 53" [_thread_blocked, id=14920, stack(0x00000049a2100000,0x00000049a2200000)]
  0x0000023e37d5c180 JavaThread "Unconstrained build operations Thread 54" [_thread_blocked, id=19432, stack(0x00000049a2200000,0x00000049a2300000)]
  0x0000023e37d5c650 JavaThread "Unconstrained build operations Thread 55" [_thread_blocked, id=14360, stack(0x00000049a2300000,0x00000049a2400000)]
  0x0000023e3716f200 JavaThread "Unconstrained build operations Thread 56" [_thread_blocked, id=12284, stack(0x00000049a2400000,0x00000049a2500000)]
  0x0000023e3716e860 JavaThread "Unconstrained build operations Thread 57" [_thread_blocked, id=2360, stack(0x00000049a2500000,0x00000049a2600000)]
  0x0000023e3716dec0 JavaThread "Unconstrained build operations Thread 58" [_thread_blocked, id=3668, stack(0x00000049a2600000,0x00000049a2700000)]
  0x0000023e3716c1e0 JavaThread "Unconstrained build operations Thread 59" [_thread_blocked, id=4116, stack(0x00000049a2700000,0x00000049a2800000)]
  0x0000023e3716a9d0 JavaThread "Unconstrained build operations Thread 60" [_thread_blocked, id=1840, stack(0x00000049a2800000,0x00000049a2900000)]
  0x0000023e3716e390 JavaThread "Unconstrained build operations Thread 61" [_thread_blocked, id=18288, stack(0x00000049a2900000,0x00000049a2a00000)]
  0x0000023e3716f6d0 JavaThread "Unconstrained build operations Thread 62" [_thread_blocked, id=12052, stack(0x00000049a2a00000,0x00000049a2b00000)]
  0x0000023e3716ed30 JavaThread "Unconstrained build operations Thread 63" [_thread_blocked, id=17948, stack(0x00000049a2b00000,0x00000049a2c00000)]
  0x0000023e3716b370 JavaThread "Unconstrained build operations Thread 64" [_thread_blocked, id=1736, stack(0x00000049a2c00000,0x00000049a2d00000)]
  0x0000023e37167e80 JavaThread "Unconstrained build operations Thread 65" [_thread_blocked, id=19008, stack(0x00000049a2d00000,0x00000049a2e00000)]
  0x0000023e37168350 JavaThread "Unconstrained build operations Thread 66" [_thread_blocked, id=19116, stack(0x00000049a2e00000,0x00000049a2f00000)]
  0x0000023e37168820 JavaThread "Unconstrained build operations Thread 67" [_thread_blocked, id=14108, stack(0x00000049a2f00000,0x00000049a3000000)]
  0x0000023e3716b840 JavaThread "Unconstrained build operations Thread 68" [_thread_blocked, id=1920, stack(0x00000049a3000000,0x00000049a3100000)]
  0x0000023e3716cb80 JavaThread "Unconstrained build operations Thread 69" [_thread_blocked, id=276, stack(0x00000049a3100000,0x00000049a3200000)]
  0x0000023e37168cf0 JavaThread "Unconstrained build operations Thread 70" [_thread_blocked, id=11496, stack(0x00000049a3200000,0x00000049a3300000)]
  0x0000023e371691c0 JavaThread "Unconstrained build operations Thread 71" [_thread_blocked, id=20360, stack(0x00000049a3300000,0x00000049a3400000)]
  0x0000023e3716bd10 JavaThread "Unconstrained build operations Thread 72" [_thread_blocked, id=2900, stack(0x00000049a3400000,0x00000049a3500000)]
  0x0000023e37169690 JavaThread "Unconstrained build operations Thread 73" [_thread_blocked, id=8408, stack(0x00000049a3500000,0x00000049a3600000)]
  0x0000023e3716d9f0 JavaThread "Unconstrained build operations Thread 74" [_thread_blocked, id=21308, stack(0x00000049a3600000,0x00000049a3700000)]
  0x0000023e37169b60 JavaThread "Unconstrained build operations Thread 75" [_thread_blocked, id=8992, stack(0x00000049a3700000,0x00000049a3800000)]
  0x0000023e3716a030 JavaThread "Unconstrained build operations Thread 76" [_thread_blocked, id=14124, stack(0x00000049a3800000,0x00000049a3900000)]
  0x0000023e3716a500 JavaThread "Unconstrained build operations Thread 77" [_thread_blocked, id=14416, stack(0x00000049a3900000,0x00000049a3a00000)]
  0x0000023e3716d050 JavaThread "Unconstrained build operations Thread 78" [_thread_blocked, id=14988, stack(0x00000049a3a00000,0x00000049a3b00000)]
  0x0000023e3716aea0 JavaThread "Unconstrained build operations Thread 79" [_thread_blocked, id=15228, stack(0x00000049a3b00000,0x00000049a3c00000)]
  0x0000023e3716c6b0 JavaThread "Unconstrained build operations Thread 80" [_thread_blocked, id=10964, stack(0x00000049a3c00000,0x00000049a3d00000)]
  0x0000023e3ad3f5e0 JavaThread "jar transforms Thread 6" [_thread_blocked, id=19660, stack(0x00000049a3d00000,0x00000049a3e00000)]
  0x0000023e3ad3fab0 JavaThread "jar transforms Thread 7" [_thread_blocked, id=15044, stack(0x00000049a3e00000,0x00000049a3f00000)]
  0x0000023e3ad442e0 JavaThread "jar transforms Thread 8" [_thread_blocked, id=12244, stack(0x00000049a3f00000,0x00000049a4000000)]
  0x0000023e3ad447b0 JavaThread "Memory manager" [_thread_blocked, id=8424, stack(0x00000049a4000000,0x00000049a4100000)]
  0x0000023e3ad45620 JavaThread "build event listener" [_thread_blocked, id=7680, stack(0x00000049a4100000,0x00000049a4200000)]
  0x0000023e3ad40df0 JavaThread "Execution worker for ':'" [_thread_blocked, id=972, stack(0x00000049a4200000,0x00000049a4300000)]
  0x0000023e3ad44c80 JavaThread "Execution worker for ':' Thread 2" [_thread_blocked, id=484, stack(0x00000049a4300000,0x00000049a4400000)]
  0x0000023e3ad41790 JavaThread "Execution worker for ':' Thread 3" [_thread_blocked, id=15204, stack(0x00000049a4400000,0x00000049a4500000)]
  0x0000023e3ad42fa0 JavaThread "Execution worker for ':' Thread 4" [_thread_blocked, id=5728, stack(0x00000049a4500000,0x00000049a4600000)]
  0x0000023e3ad43470 JavaThread "Execution worker for ':' Thread 5" [_thread_blocked, id=14788, stack(0x00000049a4600000,0x00000049a4700000)]
  0x0000023e3ad46e30 JavaThread "Execution worker for ':' Thread 6" [_thread_blocked, id=10788, stack(0x00000049a4700000,0x00000049a4800000)]
  0x0000023e3ad43940 JavaThread "Execution worker for ':' Thread 7" [_thread_blocked, id=21416, stack(0x00000049a4800000,0x00000049a4900000)]
  0x0000023e3ad43e10 JavaThread "Cache worker for execution history cache (F:\AndroidStudio\MyList\.gradle\7.2\executionHistory)" [_thread_blocked, id=8020, stack(0x00000049a4900000,0x00000049a4a00000)]
  0x0000023e3ad45fc0 JavaThread "WorkerExecutor Queue" [_thread_blocked, id=13436, stack(0x00000049a4a00000,0x00000049a4b00000)]
  0x0000023e3ad40450 JavaThread "WorkerExecutor Queue Thread 2" [_thread_blocked, id=20912, stack(0x00000049a4b00000,0x00000049a4c00000)]
  0x0000023e3ad46490 JavaThread "WorkerExecutor Queue Thread 3" [_thread_blocked, id=19236, stack(0x00000049a4c00000,0x00000049a4d00000)]
  0x0000023e3ad46960 JavaThread "WorkerExecutor Queue Thread 4" [_thread_blocked, id=8232, stack(0x00000049a4d00000,0x00000049a4e00000)]
  0x0000023e37f3aeb0 JavaThread "pool-3-thread-1" [_thread_blocked, id=11936, stack(0x00000049a4e00000,0x00000049a4f00000)]
  0x0000023e37f3d060 JavaThread "stderr" [_thread_in_native, id=14660, stack(0x00000049a5000000,0x00000049a5100000)]
  0x0000023e3ca3bc00 JavaThread "stdout" [_thread_blocked, id=21144, stack(0x00000049a5100000,0x00000049a5200000)]

Other Threads:
=>0x0000023e3632ad50 VMThread "VM Thread" [stack: 0x000000499bc00000,0x000000499bd00000] [id=16220]
  0x0000023e36dbe320 WatcherThread [stack: 0x000000499c800000,0x000000499c900000] [id=17360]
  0x0000023e1c518d30 GCTaskThread "GC Thread#0" [stack: 0x000000499b700000,0x000000499b800000] [id=13036]
  0x0000023e377b0560 GCTaskThread "GC Thread#1" [stack: 0x000000499ca00000,0x000000499cb00000] [id=19748]
  0x0000023e37a15810 GCTaskThread "GC Thread#2" [stack: 0x000000499cb00000,0x000000499cc00000] [id=5508]
  0x0000023e37ad2430 GCTaskThread "GC Thread#3" [stack: 0x000000499cc00000,0x000000499cd00000] [id=8028]
  0x0000023e37962a20 GCTaskThread "GC Thread#4" [stack: 0x000000499cd00000,0x000000499ce00000] [id=18220]
  0x0000023e37ebafd0 GCTaskThread "GC Thread#5" [stack: 0x000000499ce00000,0x000000499cf00000] [id=5996]
  0x0000023e38451320 GCTaskThread "GC Thread#6" [stack: 0x000000499d900000,0x000000499da00000] [id=14524]
  0x0000023e385ad2a0 GCTaskThread "GC Thread#7" [stack: 0x000000499da00000,0x000000499db00000] [id=13472]
  0x0000023e1c529b10 ConcurrentGCThread "G1 Main Marker" [stack: 0x000000499b800000,0x000000499b900000] [id=20868]
  0x0000023e1c52a3c0 ConcurrentGCThread "G1 Conc#0" [stack: 0x000000499b900000,0x000000499ba00000] [id=4716]
  0x0000023e39eb9850 ConcurrentGCThread "G1 Conc#1" [stack: 0x000000499db00000,0x000000499dc00000] [id=8724]
  0x0000023e361664e0 ConcurrentGCThread "G1 Refine#0" [stack: 0x000000499ba00000,0x000000499bb00000] [id=21040]
  0x0000023e3c9b74e0 ConcurrentGCThread "G1 Refine#1" [stack: 0x00000049a4f00000,0x00000049a5000000] [id=9044]
  0x0000023e1c57e2e0 ConcurrentGCThread "G1 Service" [stack: 0x000000499bb00000,0x000000499bc00000] [id=8284]

Threads with active compile tasks:
C2 CompilerThread0    10676 10429       4       org.gradle.internal.reflect.MethodSet::add (50 bytes)

VM state: at safepoint (normal execution)

VM Mutex/Monitor currently owned by a thread:  ([mutex/lock_event])
[0x0000023e1c4b9850] Threads_lock - owner thread: 0x0000023e3632ad50
[0x0000023e1c4b7e70] Heap_lock - owner thread: 0x0000023e1c529b10

Heap address: 0x0000000080000000, size: 2048 MB, Compressed Oops mode: 32-bit

CDS archive(s) not mapped
Compressed class space mapped at: 0x0000000100000000-0x0000000140000000, reserved size: 1073741824
Narrow klass base: 0x0000000000000000, Narrow klass shift: 3, Narrow klass range: 0x140000000

GC Precious Log:
 CPUs: 8 total, 8 available
 Memory: 8060M
 Large Page Support: Disabled
 NUMA Support: Disabled
 Compressed Oops: Enabled (32-bit)
 Heap Region Size: 1M
 Heap Min Capacity: 8M
 Heap Initial Capacity: 126M
 Heap Max Capacity: 2G
 Pre-touch: Disabled
 Parallel Workers: 8
 Concurrent Workers: 2
 Concurrent Refinement Workers: 8
 Periodic GC: Disabled

Heap:
 garbage-first heap   total 178176K, used 135592K [0x0000000080000000, 0x0000000100000000)
  region size 1024K, 18 young (18432K), 7 survivors (7168K)
 Metaspace       used 90214K, committed 90816K, reserved 1130496K
  class space    used 12220K, committed 12480K, reserved 1048576K

Heap Regions: E=young(eden), S=young(survivor), O=old, HS=humongous(starts), HC=humongous(continues), CS=collection set, F=free, OA=open archive, CA=closed archive, TAMS=top-at-mark-start (previous, next)
|   0|0x0000000080000000, 0x0000000080100000, 0x0000000080100000|100%| O|  |TAMS 0x0000000080100000, 0x0000000080000000| Untracked 
|   1|0x0000000080100000, 0x0000000080200000, 0x0000000080200000|100%| O|  |TAMS 0x0000000080200000, 0x0000000080100000| Untracked 
|   2|0x0000000080200000, 0x0000000080300000, 0x0000000080300000|100%| O|  |TAMS 0x0000000080300000, 0x0000000080200000| Untracked 
|   3|0x0000000080300000, 0x0000000080400000, 0x0000000080400000|100%|HS|  |TAMS 0x0000000080400000, 0x0000000080300000| Complete 
|   4|0x0000000080400000, 0x0000000080500000, 0x0000000080500000|100%|HC|  |TAMS 0x0000000080500000, 0x0000000080400000| Complete 
|   5|0x0000000080500000, 0x0000000080600000, 0x0000000080600000|100%|HC|  |TAMS 0x0000000080600000, 0x0000000080500000| Complete 
|   6|0x0000000080600000, 0x0000000080700000, 0x0000000080700000|100%| O|  |TAMS 0x0000000080700000, 0x0000000080600000| Untracked 
|   7|0x0000000080700000, 0x0000000080800000, 0x0000000080800000|100%| O|  |TAMS 0x0000000080800000, 0x0000000080700000| Untracked 
|   8|0x0000000080800000, 0x0000000080900000, 0x0000000080900000|100%| O|  |TAMS 0x0000000080900000, 0x0000000080800000| Untracked 
|   9|0x0000000080900000, 0x0000000080a00000, 0x0000000080a00000|100%| O|  |TAMS 0x0000000080a00000, 0x0000000080900000| Untracked 
|  10|0x0000000080a00000, 0x0000000080b00000, 0x0000000080b00000|100%| O|  |TAMS 0x0000000080b00000, 0x0000000080a00000| Untracked 
|  11|0x0000000080b00000, 0x0000000080c00000, 0x0000000080c00000|100%|HS|  |TAMS 0x0000000080c00000, 0x0000000080b00000| Complete 
|  12|0x0000000080c00000, 0x0000000080d00000, 0x0000000080d00000|100%| O|  |TAMS 0x0000000080d00000, 0x0000000080c00000| Untracked 
|  13|0x0000000080d00000, 0x0000000080e00000, 0x0000000080e00000|100%| O|  |TAMS 0x0000000080e00000, 0x0000000080d00000| Untracked 
|  14|0x0000000080e00000, 0x0000000080f00000, 0x0000000080f00000|100%| O|  |TAMS 0x0000000080f00000, 0x0000000080e00000| Untracked 
|  15|0x0000000080f00000, 0x0000000081000000, 0x0000000081000000|100%| O|  |TAMS 0x0000000081000000, 0x0000000080f00000| Untracked 
|  16|0x0000000081000000, 0x0000000081100000, 0x0000000081100000|100%| O|  |TAMS 0x0000000081100000, 0x0000000081000000| Untracked 
|  17|0x0000000081100000, 0x0000000081200000, 0x0000000081200000|100%| O|  |TAMS 0x0000000081200000, 0x0000000081100000| Untracked 
|  18|0x0000000081200000, 0x0000000081300000, 0x0000000081300000|100%| O|  |TAMS 0x0000000081300000, 0x0000000081200000| Untracked 
|  19|0x0000000081300000, 0x0000000081400000, 0x0000000081400000|100%| O|  |TAMS 0x0000000081400000, 0x0000000081300000| Updating 
|  20|0x0000000081400000, 0x0000000081500000, 0x0000000081500000|100%| O|  |TAMS 0x0000000081500000, 0x0000000081400000| Untracked 
|  21|0x0000000081500000, 0x0000000081600000, 0x0000000081600000|100%| O|  |TAMS 0x0000000081600000, 0x0000000081500000| Untracked 
|  22|0x0000000081600000, 0x0000000081700000, 0x0000000081700000|100%| O|  |TAMS 0x0000000081700000, 0x0000000081600000| Untracked 
|  23|0x0000000081700000, 0x0000000081800000, 0x0000000081800000|100%| O|  |TAMS 0x0000000081800000, 0x0000000081700000| Untracked 
|  24|0x0000000081800000, 0x0000000081900000, 0x0000000081900000|100%| O|  |TAMS 0x0000000081900000, 0x0000000081800000| Untracked 
|  25|0x0000000081900000, 0x0000000081a00000, 0x0000000081a00000|100%| O|  |TAMS 0x0000000081a00000, 0x0000000081900000| Untracked 
|  26|0x0000000081a00000, 0x0000000081b00000, 0x0000000081b00000|100%| O|  |TAMS 0x0000000081b00000, 0x0000000081a00000| Untracked 
|  27|0x0000000081b00000, 0x0000000081c00000, 0x0000000081c00000|100%| O|  |TAMS 0x0000000081c00000, 0x0000000081b00000| Untracked 
|  28|0x0000000081c00000, 0x0000000081d00000, 0x0000000081d00000|100%| O|  |TAMS 0x0000000081d00000, 0x0000000081c00000| Untracked 
|  29|0x0000000081d00000, 0x0000000081e00000, 0x0000000081e00000|100%| O|  |TAMS 0x0000000081e00000, 0x0000000081d00000| Untracked 
|  30|0x0000000081e00000, 0x0000000081f00000, 0x0000000081f00000|100%|HS|  |TAMS 0x0000000081f00000, 0x0000000081e00000| Complete 
|  31|0x0000000081f00000, 0x0000000082000000, 0x0000000082000000|100%|HS|  |TAMS 0x0000000082000000, 0x0000000081f00000| Complete 
|  32|0x0000000082000000, 0x0000000082100000, 0x0000000082100000|100%|HS|  |TAMS 0x0000000082100000, 0x0000000082000000| Complete 
|  33|0x0000000082100000, 0x0000000082200000, 0x0000000082200000|100%|HC|  |TAMS 0x0000000082200000, 0x0000000082100000| Complete 
|  34|0x0000000082200000, 0x0000000082300000, 0x0000000082300000|100%| O|  |TAMS 0x0000000082300000, 0x0000000082200000| Updating 
|  35|0x0000000082300000, 0x0000000082400000, 0x0000000082400000|100%| O|  |TAMS 0x0000000082400000, 0x0000000082300000| Untracked 
|  36|0x0000000082400000, 0x0000000082500000, 0x0000000082500000|100%| O|  |TAMS 0x0000000082500000, 0x0000000082400000| Untracked 
|  37|0x0000000082500000, 0x0000000082600000, 0x0000000082600000|100%| O|  |TAMS 0x0000000082600000, 0x0000000082500000| Updating 
|  38|0x0000000082600000, 0x0000000082700000, 0x0000000082700000|100%| O|  |TAMS 0x0000000082700000, 0x0000000082600000| Updating 
|  39|0x0000000082700000, 0x0000000082800000, 0x0000000082800000|100%| O|  |TAMS 0x0000000082800000, 0x0000000082700000| Untracked 
|  40|0x0000000082800000, 0x0000000082900000, 0x0000000082900000|100%| O|  |TAMS 0x0000000082900000, 0x0000000082800000| Untracked 
|  41|0x0000000082900000, 0x0000000082a00000, 0x0000000082a00000|100%| O|  |TAMS 0x0000000082a00000, 0x0000000082900000| Untracked 
|  42|0x0000000082a00000, 0x0000000082b00000, 0x0000000082b00000|100%| O|  |TAMS 0x0000000082b00000, 0x0000000082a00000| Untracked 
|  43|0x0000000082b00000, 0x0000000082c00000, 0x0000000082c00000|100%| O|  |TAMS 0x0000000082c00000, 0x0000000082b00000| Updating 
|  44|0x0000000082c00000, 0x0000000082d00000, 0x0000000082d00000|100%| O|  |TAMS 0x0000000082d00000, 0x0000000082c00000| Untracked 
|  45|0x0000000082d00000, 0x0000000082e00000, 0x0000000082e00000|100%| O|  |TAMS 0x0000000082e00000, 0x0000000082d00000| Untracked 
|  46|0x0000000082e00000, 0x0000000082f00000, 0x0000000082f00000|100%| O|  |TAMS 0x0000000082f00000, 0x0000000082e00000| Untracked 
|  47|0x0000000082f00000, 0x0000000083000000, 0x0000000083000000|100%| O|  |TAMS 0x0000000083000000, 0x0000000082f00000| Untracked 
|  48|0x0000000083000000, 0x0000000083100000, 0x0000000083100000|100%| O|  |TAMS 0x0000000083100000, 0x0000000083000000| Untracked 
|  49|0x0000000083100000, 0x0000000083200000, 0x0000000083200000|100%| O|  |TAMS 0x0000000083200000, 0x0000000083100000| Untracked 
|  50|0x0000000083200000, 0x0000000083300000, 0x0000000083300000|100%| O|  |TAMS 0x0000000083300000, 0x0000000083200000| Untracked 
|  51|0x0000000083300000, 0x0000000083400000, 0x0000000083400000|100%| O|  |TAMS 0x0000000083400000, 0x0000000083300000| Untracked 
|  52|0x0000000083400000, 0x0000000083500000, 0x0000000083500000|100%| O|  |TAMS 0x0000000083500000, 0x0000000083400000| Untracked 
|  53|0x0000000083500000, 0x0000000083600000, 0x0000000083600000|100%| O|  |TAMS 0x0000000083600000, 0x0000000083500000| Untracked 
|  54|0x0000000083600000, 0x0000000083700000, 0x0000000083700000|100%| O|  |TAMS 0x0000000083700000, 0x0000000083600000| Updating 
|  55|0x0000000083700000, 0x0000000083800000, 0x0000000083800000|100%| O|  |TAMS 0x0000000083800000, 0x0000000083700000| Untracked 
|  56|0x0000000083800000, 0x0000000083900000, 0x0000000083900000|100%| O|  |TAMS 0x0000000083900000, 0x0000000083800000| Updating 
|  57|0x0000000083900000, 0x0000000083a00000, 0x0000000083a00000|100%| O|  |TAMS 0x0000000083a00000, 0x0000000083900000| Untracked 
|  58|0x0000000083a00000, 0x0000000083b00000, 0x0000000083b00000|100%| O|  |TAMS 0x0000000083b00000, 0x0000000083a00000| Untracked 
|  59|0x0000000083b00000, 0x0000000083c00000, 0x0000000083c00000|100%| O|  |TAMS 0x0000000083c00000, 0x0000000083b00000| Untracked 
|  60|0x0000000083c00000, 0x0000000083d00000, 0x0000000083d00000|100%| O|  |TAMS 0x0000000083d00000, 0x0000000083c00000| Untracked 
|  61|0x0000000083d00000, 0x0000000083e00000, 0x0000000083e00000|100%| O|  |TAMS 0x0000000083e00000, 0x0000000083d00000| Untracked 
|  62|0x0000000083e00000, 0x0000000083f00000, 0x0000000083f00000|100%| O|  |TAMS 0x0000000083f00000, 0x0000000083e00000| Untracked 
|  63|0x0000000083f00000, 0x0000000084000000, 0x0000000084000000|100%| O|  |TAMS 0x0000000084000000, 0x0000000083f00000| Untracked 
|  64|0x0000000084000000, 0x0000000084100000, 0x0000000084100000|100%| O|  |TAMS 0x0000000084100000, 0x0000000084000000| Untracked 
|  65|0x0000000084100000, 0x0000000084200000, 0x0000000084200000|100%| O|  |TAMS 0x0000000084200000, 0x0000000084100000| Untracked 
|  66|0x0000000084200000, 0x0000000084300000, 0x0000000084300000|100%| O|  |TAMS 0x0000000084300000, 0x0000000084200000| Untracked 
|  67|0x0000000084300000, 0x0000000084400000, 0x0000000084400000|100%| O|  |TAMS 0x0000000084400000, 0x0000000084300000| Untracked 
|  68|0x0000000084400000, 0x0000000084500000, 0x0000000084500000|100%| O|  |TAMS 0x0000000084500000, 0x0000000084400000| Updating 
|  69|0x0000000084500000, 0x0000000084600000, 0x0000000084600000|100%| O|  |TAMS 0x0000000084600000, 0x0000000084500000| Untracked 
|  70|0x0000000084600000, 0x0000000084700000, 0x0000000084700000|100%| O|  |TAMS 0x0000000084700000, 0x0000000084600000| Untracked 
|  71|0x0000000084700000, 0x0000000084800000, 0x0000000084800000|100%| O|  |TAMS 0x0000000084800000, 0x0000000084700000| Updating 
|  72|0x0000000084800000, 0x0000000084900000, 0x0000000084900000|100%| O|  |TAMS 0x0000000084900000, 0x0000000084800000| Untracked 
|  73|0x0000000084900000, 0x0000000084a00000, 0x0000000084a00000|100%| O|  |TAMS 0x0000000084a00000, 0x0000000084900000| Untracked 
|  74|0x0000000084a00000, 0x0000000084b00000, 0x0000000084b00000|100%| O|  |TAMS 0x0000000084b00000, 0x0000000084a00000| Untracked 
|  75|0x0000000084b00000, 0x0000000084c00000, 0x0000000084c00000|100%| O|  |TAMS 0x0000000084c00000, 0x0000000084b00000| Untracked 
|  76|0x0000000084c00000, 0x0000000084d00000, 0x0000000084d00000|100%| O|  |TAMS 0x0000000084d00000, 0x0000000084c00000| Untracked 
|  77|0x0000000084d00000, 0x0000000084e00000, 0x0000000084e00000|100%| O|  |TAMS 0x0000000084e00000, 0x0000000084d00000| Untracked 
|  78|0x0000000084e00000, 0x0000000084f00000, 0x0000000084f00000|100%| O|  |TAMS 0x0000000084e9ca00, 0x0000000084e00000| Untracked 
|  79|0x0000000084f00000, 0x0000000085000000, 0x0000000085000000|100%|HS|  |TAMS 0x0000000085000000, 0x0000000084f00000| Complete 
|  80|0x0000000085000000, 0x0000000085100000, 0x0000000085100000|100%|HC|  |TAMS 0x0000000085100000, 0x0000000085000000| Complete 
|  81|0x0000000085100000, 0x0000000085200000, 0x0000000085200000|100%|HS|  |TAMS 0x0000000085200000, 0x0000000085100000| Complete 
|  82|0x0000000085200000, 0x0000000085300000, 0x0000000085300000|100%|HS|  |TAMS 0x0000000085300000, 0x0000000085200000| Complete 
|  83|0x0000000085300000, 0x0000000085400000, 0x0000000085400000|100%|HS|  |TAMS 0x0000000085400000, 0x0000000085300000| Complete 
|  84|0x0000000085400000, 0x0000000085500000, 0x0000000085500000|100%|HS|  |TAMS 0x0000000085500000, 0x0000000085400000| Complete 
|  85|0x0000000085500000, 0x0000000085600000, 0x0000000085600000|100%|HC|  |TAMS 0x0000000085600000, 0x0000000085500000| Complete 
|  86|0x0000000085600000, 0x0000000085700000, 0x0000000085700000|100%|HS|  |TAMS 0x0000000085700000, 0x0000000085600000| Complete 
|  87|0x0000000085700000, 0x0000000085800000, 0x0000000085800000|100%|HC|  |TAMS 0x0000000085800000, 0x0000000085700000| Complete 
|  88|0x0000000085800000, 0x0000000085900000, 0x0000000085900000|100%|HS|  |TAMS 0x0000000085900000, 0x0000000085800000| Complete 
|  89|0x0000000085900000, 0x0000000085a00000, 0x0000000085a00000|100%|HC|  |TAMS 0x0000000085a00000, 0x0000000085900000| Complete 
|  90|0x0000000085a00000, 0x0000000085b00000, 0x0000000085b00000|100%|HC|  |TAMS 0x0000000085b00000, 0x0000000085a00000| Complete 
|  91|0x0000000085b00000, 0x0000000085c00000, 0x0000000085c00000|100%| O|  |TAMS 0x0000000085b00000, 0x0000000085b00000| Untracked 
|  92|0x0000000085c00000, 0x0000000085c6a000, 0x0000000085d00000| 41%| O|  |TAMS 0x0000000085c00000, 0x0000000085c00000| Updating 
|  93|0x0000000085d00000, 0x0000000085e00000, 0x0000000085e00000|100%|HS|  |TAMS 0x0000000085d00000, 0x0000000085d00000| Complete 
|  94|0x0000000085e00000, 0x0000000085f00000, 0x0000000085f00000|100%|HC|  |TAMS 0x0000000085e00000, 0x0000000085e00000| Complete 
|  95|0x0000000085f00000, 0x0000000086000000, 0x0000000086000000|100%|HS|  |TAMS 0x0000000085f00000, 0x0000000085f00000| Complete 
|  96|0x0000000086000000, 0x0000000086100000, 0x0000000086100000|100%|HC|  |TAMS 0x0000000086000000, 0x0000000086000000| Complete 
|  97|0x0000000086100000, 0x0000000086200000, 0x0000000086200000|100%|HS|  |TAMS 0x0000000086100000, 0x0000000086100000| Complete 
|  98|0x0000000086200000, 0x0000000086300000, 0x0000000086300000|100%|HS|  |TAMS 0x0000000086200000, 0x0000000086200000| Complete 
|  99|0x0000000086300000, 0x0000000086400000, 0x0000000086400000|100%|HS|  |TAMS 0x0000000086300000, 0x0000000086300000| Complete 
| 100|0x0000000086400000, 0x0000000086500000, 0x0000000086500000|100%|HS|  |TAMS 0x0000000086400000, 0x0000000086400000| Complete 
| 101|0x0000000086500000, 0x0000000086600000, 0x0000000086600000|100%|HS|  |TAMS 0x0000000086500000, 0x0000000086500000| Complete 
| 102|0x0000000086600000, 0x0000000086700000, 0x0000000086700000|100%|HS|  |TAMS 0x0000000086600000, 0x0000000086600000| Complete 
| 103|0x0000000086700000, 0x0000000086800000, 0x0000000086800000|100%|HS|  |TAMS 0x0000000086700000, 0x0000000086700000| Complete 
| 104|0x0000000086800000, 0x0000000086900000, 0x0000000086900000|100%|HC|  |TAMS 0x0000000086800000, 0x0000000086800000| Complete 
| 105|0x0000000086900000, 0x0000000086a00000, 0x0000000086a00000|100%|HS|  |TAMS 0x0000000086900000, 0x0000000086900000| Complete 
| 106|0x0000000086a00000, 0x0000000086b00000, 0x0000000086b00000|100%|HC|  |TAMS 0x0000000086a00000, 0x0000000086a00000| Complete 
| 107|0x0000000086b00000, 0x0000000086c00000, 0x0000000086c00000|100%|HS|  |TAMS 0x0000000086b00000, 0x0000000086b00000| Complete 
| 108|0x0000000086c00000, 0x0000000086d00000, 0x0000000086d00000|100%|HC|  |TAMS 0x0000000086c00000, 0x0000000086c00000| Complete 
| 109|0x0000000086d00000, 0x0000000086e00000, 0x0000000086e00000|100%|HS|  |TAMS 0x0000000086d00000, 0x0000000086d00000| Complete 
| 110|0x0000000086e00000, 0x0000000086f00000, 0x0000000086f00000|100%|HC|  |TAMS 0x0000000086e00000, 0x0000000086e00000| Complete 
| 111|0x0000000086f00000, 0x0000000087000000, 0x0000000087000000|100%|HS|  |TAMS 0x0000000086f00000, 0x0000000086f00000| Complete 
| 112|0x0000000087000000, 0x0000000087100000, 0x0000000087100000|100%|HC|  |TAMS 0x0000000087000000, 0x0000000087000000| Complete 
| 113|0x0000000087100000, 0x0000000087200000, 0x0000000087200000|100%|HC|  |TAMS 0x0000000087100000, 0x0000000087100000| Complete 
| 114|0x0000000087200000, 0x0000000087300000, 0x0000000087300000|100%|HS|  |TAMS 0x0000000087200000, 0x0000000087200000| Complete 
| 115|0x0000000087300000, 0x0000000087400000, 0x0000000087400000|100%|HC|  |TAMS 0x0000000087300000, 0x0000000087300000| Complete 
| 116|0x0000000087400000, 0x0000000087500000, 0x0000000087500000|100%|HC|  |TAMS 0x0000000087400000, 0x0000000087400000| Complete 
| 117|0x0000000087500000, 0x0000000087500000, 0x0000000087600000|  0%| F|  |TAMS 0x0000000087500000, 0x0000000087500000| Untracked 
| 118|0x0000000087600000, 0x0000000087600000, 0x0000000087700000|  0%| F|  |TAMS 0x0000000087600000, 0x0000000087600000| Untracked 
| 119|0x0000000087700000, 0x0000000087700000, 0x0000000087800000|  0%| F|  |TAMS 0x0000000087700000, 0x0000000087700000| Untracked 
| 120|0x0000000087800000, 0x0000000087800000, 0x0000000087900000|  0%| F|  |TAMS 0x0000000087800000, 0x0000000087800000| Untracked 
| 121|0x0000000087900000, 0x0000000087900000, 0x0000000087a00000|  0%| F|  |TAMS 0x0000000087900000, 0x0000000087900000| Untracked 
| 122|0x0000000087a00000, 0x0000000087a00000, 0x0000000087b00000|  0%| F|  |TAMS 0x0000000087a00000, 0x0000000087a00000| Untracked 
| 123|0x0000000087b00000, 0x0000000087b00000, 0x0000000087c00000|  0%| F|  |TAMS 0x0000000087b00000, 0x0000000087b00000| Untracked 
| 124|0x0000000087c00000, 0x0000000087c00000, 0x0000000087d00000|  0%| F|  |TAMS 0x0000000087c00000, 0x0000000087c00000| Untracked 
| 125|0x0000000087d00000, 0x0000000087d00000, 0x0000000087e00000|  0%| F|  |TAMS 0x0000000087d00000, 0x0000000087d00000| Untracked 
| 126|0x0000000087e00000, 0x0000000087e00000, 0x0000000087f00000|  0%| F|  |TAMS 0x0000000087e00000, 0x0000000087e00000| Untracked 
| 127|0x0000000087f00000, 0x0000000087f00000, 0x0000000088000000|  0%| F|  |TAMS 0x0000000087f00000, 0x0000000087f00000| Untracked 
| 128|0x0000000088000000, 0x0000000088000000, 0x0000000088100000|  0%| F|  |TAMS 0x0000000088000000, 0x0000000088000000| Untracked 
| 129|0x0000000088100000, 0x0000000088100000, 0x0000000088200000|  0%| F|  |TAMS 0x0000000088100000, 0x0000000088100000| Untracked 
| 130|0x0000000088200000, 0x0000000088200000, 0x0000000088300000|  0%| F|  |TAMS 0x0000000088200000, 0x0000000088200000| Untracked 
| 131|0x0000000088300000, 0x0000000088300000, 0x0000000088400000|  0%| F|  |TAMS 0x0000000088300000, 0x0000000088300000| Untracked 
| 132|0x0000000088400000, 0x0000000088400000, 0x0000000088500000|  0%| F|  |TAMS 0x0000000088400000, 0x0000000088400000| Untracked 
| 133|0x0000000088500000, 0x0000000088500000, 0x0000000088600000|  0%| F|  |TAMS 0x0000000088500000, 0x0000000088500000| Untracked 
| 134|0x0000000088600000, 0x0000000088600000, 0x0000000088700000|  0%| F|  |TAMS 0x0000000088600000, 0x0000000088600000| Untracked 
| 135|0x0000000088700000, 0x0000000088800000, 0x0000000088800000|100%| S|CS|TAMS 0x0000000088700000, 0x0000000088700000| Complete 
| 136|0x0000000088800000, 0x0000000088900000, 0x0000000088900000|100%| S|CS|TAMS 0x0000000088800000, 0x0000000088800000| Complete 
| 137|0x0000000088900000, 0x0000000088a00000, 0x0000000088a00000|100%| S|CS|TAMS 0x0000000088900000, 0x0000000088900000| Complete 
| 138|0x0000000088a00000, 0x0000000088b00000, 0x0000000088b00000|100%| S|CS|TAMS 0x0000000088a00000, 0x0000000088a00000| Complete 
| 139|0x0000000088b00000, 0x0000000088c00000, 0x0000000088c00000|100%| S|CS|TAMS 0x0000000088b00000, 0x0000000088b00000| Complete 
| 140|0x0000000088c00000, 0x0000000088d00000, 0x0000000088d00000|100%| S|CS|TAMS 0x0000000088c00000, 0x0000000088c00000| Complete 
| 141|0x0000000088d00000, 0x0000000088d00000, 0x0000000088e00000|  0%| F|  |TAMS 0x0000000088d00000, 0x0000000088d00000| Untracked 
| 142|0x0000000088e00000, 0x0000000088e00000, 0x0000000088f00000|  0%| F|  |TAMS 0x0000000088e00000, 0x0000000088e00000| Untracked 
| 143|0x0000000088f00000, 0x0000000088f00000, 0x0000000089000000|  0%| F|  |TAMS 0x0000000088f00000, 0x0000000088f00000| Untracked 
| 144|0x0000000089000000, 0x0000000089100000, 0x0000000089100000|100%| S|CS|TAMS 0x0000000089000000, 0x0000000089000000| Complete 
| 145|0x0000000089100000, 0x0000000089100000, 0x0000000089200000|  0%| F|  |TAMS 0x0000000089100000, 0x0000000089100000| Untracked 
| 146|0x0000000089200000, 0x0000000089200000, 0x0000000089300000|  0%| F|  |TAMS 0x0000000089200000, 0x0000000089200000| Untracked 
| 147|0x0000000089300000, 0x0000000089300000, 0x0000000089400000|  0%| F|  |TAMS 0x0000000089300000, 0x0000000089300000| Untracked 
| 148|0x0000000089400000, 0x0000000089400000, 0x0000000089500000|  0%| F|  |TAMS 0x0000000089400000, 0x0000000089400000| Untracked 
| 149|0x0000000089500000, 0x0000000089500000, 0x0000000089600000|  0%| F|  |TAMS 0x0000000089500000, 0x0000000089500000| Untracked 
| 150|0x0000000089600000, 0x0000000089600000, 0x0000000089700000|  0%| F|  |TAMS 0x0000000089600000, 0x0000000089600000| Untracked 
| 151|0x0000000089700000, 0x0000000089700000, 0x0000000089800000|  0%| F|  |TAMS 0x0000000089700000, 0x0000000089700000| Untracked 
| 152|0x0000000089800000, 0x0000000089800000, 0x0000000089900000|  0%| F|  |TAMS 0x0000000089800000, 0x0000000089800000| Untracked 
| 153|0x0000000089900000, 0x0000000089900000, 0x0000000089a00000|  0%| F|  |TAMS 0x0000000089900000, 0x0000000089900000| Untracked 
| 154|0x0000000089a00000, 0x0000000089a00000, 0x0000000089b00000|  0%| F|  |TAMS 0x0000000089a00000, 0x0000000089a00000| Untracked 
| 155|0x0000000089b00000, 0x0000000089b00000, 0x0000000089c00000|  0%| F|  |TAMS 0x0000000089b00000, 0x0000000089b00000| Untracked 
| 156|0x0000000089c00000, 0x0000000089c00000, 0x0000000089d00000|  0%| F|  |TAMS 0x0000000089c00000, 0x0000000089c00000| Untracked 
| 157|0x0000000089d00000, 0x0000000089d00000, 0x0000000089e00000|  0%| F|  |TAMS 0x0000000089d00000, 0x0000000089d00000| Untracked 
| 158|0x0000000089e00000, 0x0000000089e00000, 0x0000000089f00000|  0%| F|  |TAMS 0x0000000089e00000, 0x0000000089e00000| Untracked 
| 159|0x0000000089f00000, 0x0000000089f00000, 0x000000008a000000|  0%| F|  |TAMS 0x0000000089f00000, 0x0000000089f00000| Untracked 
| 160|0x000000008a000000, 0x000000008a000000, 0x000000008a100000|  0%| F|  |TAMS 0x000000008a000000, 0x000000008a000000| Untracked 
| 161|0x000000008a100000, 0x000000008a100000, 0x000000008a200000|  0%| F|  |TAMS 0x000000008a100000, 0x000000008a100000| Untracked 
| 162|0x000000008a200000, 0x000000008a200000, 0x000000008a300000|  0%| F|  |TAMS 0x000000008a200000, 0x000000008a200000| Untracked 
| 163|0x000000008a300000, 0x000000008a3933c8, 0x000000008a400000| 57%| E|  |TAMS 0x000000008a300000, 0x000000008a300000| Complete 
| 164|0x000000008a400000, 0x000000008a500000, 0x000000008a500000|100%| E|CS|TAMS 0x000000008a400000, 0x000000008a400000| Complete 
| 165|0x000000008a500000, 0x000000008a600000, 0x000000008a600000|100%| E|CS|TAMS 0x000000008a500000, 0x000000008a500000| Complete 
| 166|0x000000008a600000, 0x000000008a700000, 0x000000008a700000|100%| E|CS|TAMS 0x000000008a600000, 0x000000008a600000| Complete 
| 167|0x000000008a700000, 0x000000008a800000, 0x000000008a800000|100%| E|CS|TAMS 0x000000008a700000, 0x000000008a700000| Complete 
| 168|0x000000008a800000, 0x000000008a900000, 0x000000008a900000|100%| E|  |TAMS 0x000000008a800000, 0x000000008a800000| Complete 
| 169|0x000000008a900000, 0x000000008aa00000, 0x000000008aa00000|100%| E|CS|TAMS 0x000000008a900000, 0x000000008a900000| Complete 
| 170|0x000000008aa00000, 0x000000008ab00000, 0x000000008ab00000|100%| E|CS|TAMS 0x000000008aa00000, 0x000000008aa00000| Complete 
| 171|0x000000008ab00000, 0x000000008ac00000, 0x000000008ac00000|100%| E|CS|TAMS 0x000000008ab00000, 0x000000008ab00000| Complete 
| 172|0x000000008ac00000, 0x000000008ad00000, 0x000000008ad00000|100%| E|CS|TAMS 0x000000008ac00000, 0x000000008ac00000| Complete 
| 173|0x000000008ad00000, 0x000000008ae00000, 0x000000008ae00000|100%| E|CS|TAMS 0x000000008ad00000, 0x000000008ad00000| Complete 

Card table byte_map: [0x0000023e2f0b0000,0x0000023e2f4b0000] _byte_map_base: 0x0000023e2ecb0000

Marking Bits (Prev, Next): (CMBitMap*) 0x0000023e1c5191e0, (CMBitMap*) 0x0000023e1c519220
 Prev Bits: [0x0000023e2f8b0000, 0x0000023e318b0000)
 Next Bits: [0x0000023e318b0000, 0x0000023e338b0000)

Polling page: 0x0000023e1a490000

Metaspace:

Usage:
  Non-class:     76.17 MB used.
      Class:     11.93 MB used.
       Both:     88.10 MB used.

Virtual space:
  Non-class space:       80.00 MB reserved,      76.50 MB ( 96%) committed,  10 nodes.
      Class space:        1.00 GB reserved,      12.19 MB (  1%) committed,  1 nodes.
             Both:        1.08 GB reserved,      88.69 MB (  8%) committed. 

Chunk freelists:
   Non-Class:  3.16 MB
       Class:  3.85 MB
        Both:  7.01 MB

MaxMetaspaceSize: unlimited
CompressedClassSpaceSize: 1.00 GB
Initial GC threshold: 21.00 MB
Current GC threshold: 141.81 MB
CDS: off
MetaspaceReclaimPolicy: balanced
 - commit_granule_bytes: 65536.
 - commit_granule_words: 8192.
 - virtual_space_node_default_size: 1048576.
 - enlarge_chunks_in_place: 1.
 - new_chunks_are_fully_committed: 0.
 - uncommit_free_chunks: 1.
 - use_allocation_guard: 0.
 - handle_deallocations: 1.


Internal statistics:

num_allocs_failed_limit: 17.
num_arena_births: 802.
num_arena_deaths: 14.
num_vsnodes_births: 11.
num_vsnodes_deaths: 0.
num_space_committed: 1419.
num_space_uncommitted: 0.
num_chunks_returned_to_freelist: 35.
num_chunks_taken_from_freelist: 4101.
num_chunk_merges: 10.
num_chunk_splits: 2672.
num_chunks_enlarged: 1759.
num_purges: 2.
num_inconsistent_stats: 0.

CodeHeap 'non-profiled nmethods': size=120000Kb used=4017Kb max_used=4017Kb free=115982Kb
 bounds [0x0000023e27450000, 0x0000023e27840000, 0x0000023e2e980000]
CodeHeap 'profiled nmethods': size=120000Kb used=17418Kb max_used=17418Kb free=102581Kb
 bounds [0x0000023e1f980000, 0x0000023e20a90000, 0x0000023e26eb0000]
CodeHeap 'non-nmethods': size=5760Kb used=2390Kb max_used=2438Kb free=3369Kb
 bounds [0x0000023e26eb0000, 0x0000023e27120000, 0x0000023e27450000]
 total_blobs=10507 nmethods=9588 adapters=831
 compilation: enabled
              stopped_count=0, restarted_count=0
 full_count=0

Compilation events (20 events):
Event: 10.590 Thread 0x0000023e36c365a0 10465  s    2       java.io.ByteArrayOutputStream::toByteArray (12 bytes)
Event: 10.590 Thread 0x0000023e36c365a0 nmethod 10465 0x0000023e20a67790 code [0x0000023e20a67940, 0x0000023e20a67b08]
Event: 10.590 Thread 0x0000023e36c365a0 10466       2       com.android.tools.r8.internal.RI0::f (8 bytes)
Event: 10.590 Thread 0x0000023e36c365a0 nmethod 10466 0x0000023e20a67c10 code [0x0000023e20a67da0, 0x0000023e20a67ec8]
Event: 10.590 Thread 0x0000023e36c365a0 10468       2       com.android.tools.r8.dex.f::b (9 bytes)
Event: 10.590 Thread 0x0000023e36c365a0 nmethod 10468 0x0000023e20a67f90 code [0x0000023e20a68120, 0x0000023e20a68248]
Event: 10.590 Thread 0x0000023e36c365a0 10469       2       com.android.tools.r8.internal.RI0::c (10 bytes)
Event: 10.590 Thread 0x0000023e36c365a0 nmethod 10469 0x0000023e20a68310 code [0x0000023e20a684a0, 0x0000023e20a685c8]
Event: 10.590 Thread 0x0000023e36c365a0 10470       2       com.android.tools.r8.graph.p0::a (20 bytes)
Event: 10.591 Thread 0x0000023e36c365a0 nmethod 10470 0x0000023e20a68690 code [0x0000023e20a68840, 0x0000023e20a68a68]
Event: 10.591 Thread 0x0000023e36c365a0 10471       2       com.android.tools.r8.dex.f::a (8 bytes)
Event: 10.591 Thread 0x0000023e36c365a0 nmethod 10471 0x0000023e20a68b90 code [0x0000023e20a68d20, 0x0000023e20a68e68]
Event: 10.591 Thread 0x0000023e36c365a0 10472       2       com.android.tools.r8.internal.q41::b (75 bytes)
Event: 10.591 Thread 0x0000023e36c365a0 nmethod 10472 0x0000023e20a68f90 code [0x0000023e20a69140, 0x0000023e20a69328]
Event: 10.591 Thread 0x0000023e36c365a0 10473       2       com.android.tools.r8.internal.nd1::a (34 bytes)
Event: 10.591 Thread 0x0000023e36c365a0 nmethod 10473 0x0000023e20a69490 code [0x0000023e20a69620, 0x0000023e20a697f8]
Event: 10.598 Thread 0x0000023e36c365a0 10479 %     3       com.android.tools.r8.dex.r::m @ 64 (2110 bytes)
Event: 10.605 Thread 0x0000023e36c365a0 nmethod 10479% 0x0000023e20a69910 code [0x0000023e20a6a4e0, 0x0000023e20a728e8]
Event: 10.605 Thread 0x0000023e36c365a0 10480       3       com.android.tools.r8.dex.r::m (2110 bytes)
Event: 10.612 Thread 0x0000023e36c365a0 nmethod 10480 0x0000023e20a76310 code [0x0000023e20a76ec0, 0x0000023e20a7f048]

GC Heap History (20 events):
Event: 8.490 GC heap before
{Heap before GC invocations=25 (full 0):
 garbage-first heap   total 104448K, used 85207K [0x0000000080000000, 0x0000000100000000)
  region size 1024K, 29 young (29696K), 3 survivors (3072K)
 Metaspace       used 73982K, committed 74432K, reserved 1114112K
  class space    used 9919K, committed 10112K, reserved 1048576K
}
Event: 8.493 GC heap after
{Heap after GC invocations=26 (full 0):
 garbage-first heap   total 125952K, used 60629K [0x0000000080000000, 0x0000000100000000)
  region size 1024K, 3 young (3072K), 3 survivors (3072K)
 Metaspace       used 73982K, committed 74432K, reserved 1114112K
  class space    used 9919K, committed 10112K, reserved 1048576K
}
Event: 8.880 GC heap before
{Heap before GC invocations=27 (full 0):
 garbage-first heap   total 125952K, used 100565K [0x0000000080000000, 0x0000000100000000)
  region size 1024K, 42 young (43008K), 3 survivors (3072K)
 Metaspace       used 78810K, committed 79360K, reserved 1122304K
  class space    used 10601K, committed 10880K, reserved 1048576K
}
Event: 8.883 GC heap after
{Heap after GC invocations=28 (full 0):
 garbage-first heap   total 125952K, used 63887K [0x0000000080000000, 0x0000000100000000)
  region size 1024K, 6 young (6144K), 6 survivors (6144K)
 Metaspace       used 78810K, committed 79360K, reserved 1122304K
  class space    used 10601K, committed 10880K, reserved 1048576K
}
Event: 9.056 GC heap before
{Heap before GC invocations=28 (full 0):
 garbage-first heap   total 125952K, used 101775K [0x0000000080000000, 0x0000000100000000)
  region size 1024K, 43 young (44032K), 6 survivors (6144K)
 Metaspace       used 79416K, committed 80000K, reserved 1122304K
  class space    used 10722K, committed 11008K, reserved 1048576K
}
Event: 9.063 GC heap after
{Heap after GC invocations=29 (full 0):
 garbage-first heap   total 125952K, used 69815K [0x0000000080000000, 0x0000000100000000)
  region size 1024K, 6 young (6144K), 6 survivors (6144K)
 Metaspace       used 79416K, committed 80000K, reserved 1122304K
  class space    used 10722K, committed 11008K, reserved 1048576K
}
Event: 9.352 GC heap before
{Heap before GC invocations=30 (full 0):
 garbage-first heap   total 126976K, used 100535K [0x0000000080000000, 0x0000000100000000)
  region size 1024K, 37 young (37888K), 6 survivors (6144K)
 Metaspace       used 81241K, committed 81792K, reserved 1122304K
  class space    used 11085K, committed 11328K, reserved 1048576K
}
Event: 9.358 GC heap after
{Heap after GC invocations=31 (full 0):
 garbage-first heap   total 126976K, used 73511K [0x0000000080000000, 0x0000000100000000)
  region size 1024K, 4 young (4096K), 4 survivors (4096K)
 Metaspace       used 81241K, committed 81792K, reserved 1122304K
  class space    used 11085K, committed 11328K, reserved 1048576K
}
Event: 9.487 GC heap before
{Heap before GC invocations=31 (full 0):
 garbage-first heap   total 126976K, used 102183K [0x0000000080000000, 0x0000000100000000)
  region size 1024K, 33 young (33792K), 4 survivors (4096K)
 Metaspace       used 81420K, committed 81984K, reserved 1122304K
  class space    used 11089K, committed 11328K, reserved 1048576K
}
Event: 9.491 GC heap after
{Heap after GC invocations=32 (full 0):
 garbage-first heap   total 126976K, used 75563K [0x0000000080000000, 0x0000000100000000)
  region size 1024K, 3 young (3072K), 3 survivors (3072K)
 Metaspace       used 81420K, committed 81984K, reserved 1122304K
  class space    used 11089K, committed 11328K, reserved 1048576K
}
Event: 9.757 GC heap before
{Heap before GC invocations=33 (full 0):
 garbage-first heap   total 147456K, used 103211K [0x0000000080000000, 0x0000000100000000)
  region size 1024K, 31 young (31744K), 3 survivors (3072K)
 Metaspace       used 81901K, committed 82496K, reserved 1122304K
  class space    used 11136K, committed 11392K, reserved 1048576K
}
Event: 9.762 GC heap after
{Heap after GC invocations=34 (full 0):
 garbage-first heap   total 147456K, used 77824K [0x0000000080000000, 0x0000000100000000)
  region size 1024K, 4 young (4096K), 4 survivors (4096K)
 Metaspace       used 81901K, committed 82496K, reserved 1122304K
  class space    used 11136K, committed 11392K, reserved 1048576K
}
Event: 10.014 GC heap before
{Heap before GC invocations=34 (full 0):
 garbage-first heap   total 147456K, used 119808K [0x0000000080000000, 0x0000000100000000)
  region size 1024K, 46 young (47104K), 4 survivors (4096K)
 Metaspace       used 83803K, committed 84352K, reserved 1122304K
  class space    used 11326K, committed 11584K, reserved 1048576K
}
Event: 10.021 GC heap after
{Heap after GC invocations=35 (full 0):
 garbage-first heap   total 147456K, used 80700K [0x0000000080000000, 0x0000000100000000)
  region size 1024K, 6 young (6144K), 6 survivors (6144K)
 Metaspace       used 83803K, committed 84352K, reserved 1122304K
  class space    used 11326K, committed 11584K, reserved 1048576K
}
Event: 10.224 GC heap before
{Heap before GC invocations=36 (full 0):
 garbage-first heap   total 160768K, used 119612K [0x0000000080000000, 0x0000000100000000)
  region size 1024K, 45 young (46080K), 6 survivors (6144K)
 Metaspace       used 85247K, committed 85760K, reserved 1130496K
  class space    used 11521K, committed 11776K, reserved 1048576K
}
Event: 10.230 GC heap after
{Heap after GC invocations=37 (full 0):
 garbage-first heap   total 160768K, used 82890K [0x0000000080000000, 0x0000000100000000)
  region size 1024K, 5 young (5120K), 5 survivors (5120K)
 Metaspace       used 85247K, committed 85760K, reserved 1130496K
  class space    used 11521K, committed 11776K, reserved 1048576K
}
Event: 10.288 GC heap before
{Heap before GC invocations=37 (full 0):
 garbage-first heap   total 160768K, used 94154K [0x0000000080000000, 0x0000000100000000)
  region size 1024K, 18 young (18432K), 5 survivors (5120K)
 Metaspace       used 85740K, committed 86336K, reserved 1130496K
  class space    used 11578K, committed 11840K, reserved 1048576K
}
Event: 10.293 GC heap after
{Heap after GC invocations=38 (full 0):
 garbage-first heap   total 160768K, used 83214K [0x0000000080000000, 0x0000000100000000)
  region size 1024K, 3 young (3072K), 3 survivors (3072K)
 Metaspace       used 85740K, committed 86336K, reserved 1130496K
  class space    used 11578K, committed 11840K, reserved 1048576K
}
Event: 10.537 GC heap before
{Heap before GC invocations=39 (full 0):
 garbage-first heap   total 178176K, used 123150K [0x0000000080000000, 0x0000000100000000)
  region size 1024K, 32 young (32768K), 3 survivors (3072K)
 Metaspace       used 89828K, committed 90368K, reserved 1130496K
  class space    used 12154K, committed 12416K, reserved 1048576K
}
Event: 10.543 GC heap after
{Heap after GC invocations=40 (full 0):
 garbage-first heap   total 178176K, used 101800K [0x0000000080000000, 0x0000000100000000)
  region size 1024K, 7 young (7168K), 7 survivors (7168K)
 Metaspace       used 89828K, committed 90368K, reserved 1130496K
  class space    used 12154K, committed 12416K, reserved 1048576K
}

Dll operation events (2 events):
Event: 0.039 Loaded shared library C:\Program Files\Android\Android Studio1\jbr\bin\java.dll
Event: 0.420 Loaded shared library C:\Program Files\Android\Android Studio1\jbr\bin\verify.dll

Deoptimization events (20 events):
Event: 10.528 Thread 0x0000023e3ad46490 Uncommon trap: trap_request=0xffffff45 fr.pc=0x0000023e277fad9c relative=0x000000000000043c
Event: 10.528 Thread 0x0000023e3ad46490 Uncommon trap: reason=unstable_if action=reinterpret pc=0x0000023e277fad9c method=com.google.common.collect.MapMakerInternalMap$Segment.getEntry(Ljava/lang/Object;I)Lcom/google/common/collect/MapMakerInternalMap$InternalEntry; @ 63 c2
Event: 10.528 Thread 0x0000023e3ad46490 DEOPT PACKING pc=0x0000023e277fad9c sp=0x00000049a4cfc290
Event: 10.528 Thread 0x0000023e3ad46490 DEOPT UNPACKING pc=0x0000023e26f069a3 sp=0x00000049a4cfc248 mode 2
Event: 10.528 Thread 0x0000023e3ad46490 Uncommon trap: trap_request=0xffffff45 fr.pc=0x0000023e27814740 relative=0x00000000000016a0
Event: 10.528 Thread 0x0000023e3ad46490 Uncommon trap: reason=unstable_if action=reinterpret pc=0x0000023e27814740 method=java.util.concurrent.ConcurrentHashMap.putVal(Ljava/lang/Object;Ljava/lang/Object;Z)Ljava/lang/Object; @ 162 c2
Event: 10.528 Thread 0x0000023e3ad46490 DEOPT PACKING pc=0x0000023e27814740 sp=0x00000049a4cfc100
Event: 10.528 Thread 0x0000023e3ad46490 DEOPT UNPACKING pc=0x0000023e26f069a3 sp=0x00000049a4cfc098 mode 2
Event: 10.528 Thread 0x0000023e3ad46490 Uncommon trap: trap_request=0xffffff45 fr.pc=0x0000023e278291c0 relative=0x0000000000001cc0
Event: 10.528 Thread 0x0000023e3ad46490 Uncommon trap: reason=unstable_if action=reinterpret pc=0x0000023e278291c0 method=com.google.common.collect.MapMakerInternalMap$Segment.put(Ljava/lang/Object;ILjava/lang/Object;Z)Ljava/lang/Object; @ 92 c2
Event: 10.528 Thread 0x0000023e3ad46490 DEOPT PACKING pc=0x0000023e278291c0 sp=0x00000049a4cfc2e0
Event: 10.528 Thread 0x0000023e3ad46490 DEOPT UNPACKING pc=0x0000023e26f069a3 sp=0x00000049a4cfc288 mode 2
Event: 10.572 Thread 0x0000023e3ad46490 Uncommon trap: trap_request=0xffffff45 fr.pc=0x0000023e274dc4e8 relative=0x00000000000000e8
Event: 10.572 Thread 0x0000023e3ad46490 Uncommon trap: reason=unstable_if action=reinterpret pc=0x0000023e274dc4e8 method=jdk.internal.misc.Unsafe.convEndian(ZS)S @ 4 c2
Event: 10.572 Thread 0x0000023e3ad46490 DEOPT PACKING pc=0x0000023e274dc4e8 sp=0x00000049a4cfd550
Event: 10.572 Thread 0x0000023e3ad46490 DEOPT UNPACKING pc=0x0000023e26f069a3 sp=0x00000049a4cfd2e8 mode 2
Event: 10.572 Thread 0x0000023e3ad46490 Uncommon trap: trap_request=0xffffff45 fr.pc=0x0000023e27553178 relative=0x0000000000000078
Event: 10.572 Thread 0x0000023e3ad46490 Uncommon trap: reason=unstable_if action=reinterpret pc=0x0000023e27553178 method=jdk.internal.misc.Unsafe.convEndian(ZS)S @ 4 c2
Event: 10.572 Thread 0x0000023e3ad46490 DEOPT PACKING pc=0x0000023e27553178 sp=0x00000049a4cfd3c0
Event: 10.572 Thread 0x0000023e3ad46490 DEOPT UNPACKING pc=0x0000023e26f069a3 sp=0x00000049a4cfd2f0 mode 2

Classes unloaded (7 events):
Event: 10.099 Thread 0x0000023e3632ad50 Unloading class 0x0000000100b01c00 'java/lang/invoke/LambdaForm$DMH+0x0000000100b01c00'
Event: 10.099 Thread 0x0000023e3632ad50 Unloading class 0x0000000100b01800 'java/lang/invoke/LambdaForm$DMH+0x0000000100b01800'
Event: 10.099 Thread 0x0000023e3632ad50 Unloading class 0x0000000100b01000 'java/lang/invoke/LambdaForm$DMH+0x0000000100b01000'
Event: 10.099 Thread 0x0000023e3632ad50 Unloading class 0x0000000100b00c00 'java/lang/invoke/LambdaForm$DMH+0x0000000100b00c00'
Event: 10.099 Thread 0x0000023e3632ad50 Unloading class 0x0000000100b00000 'java/lang/invoke/LambdaForm$DMH+0x0000000100b00000'
Event: 10.099 Thread 0x0000023e3632ad50 Unloading class 0x0000000100b00800 'java/lang/invoke/LambdaForm$DMH+0x0000000100b00800'
Event: 10.099 Thread 0x0000023e3632ad50 Unloading class 0x0000000100b01400 'java/lang/invoke/LambdaForm$DMH+0x0000000100b01400'

Classes redefined (0 events):
No events

Internal exceptions (20 events):
Event: 9.718 Thread 0x0000023e3ad43940 Exception <a 'java/lang/NoSuchMethodError'{0x000000008840bc60}: static Lcom/android/build/api/artifact/ArtifactKind;.<clinit>()V> (0x000000008840bc60) 
thrown [s\src\hotspot\share\prims\jni.cpp, line 1108]
Event: 9.718 Thread 0x0000023e3ad43940 Exception <a 'java/lang/NoSuchMethodError'{0x000000008840d0c8}: static Lcom/android/build/api/artifact/ArtifactKind;.<clinit>()V> (0x000000008840d0c8) 
thrown [s\src\hotspot\share\prims\jni.cpp, line 1108]
Event: 9.885 Thread 0x0000023e3ad43940 Exception <a 'java/lang/NoSuchMethodError'{0x0000000087619340}: 'void java.lang.invoke.DirectMethodHandle$Holder.invokeVirtual(java.lang.Object, java.lang.Object)'> (0x0000000087619340) 
thrown [s\src\hotspot\share\interpreter\linkResolver.cpp, line 771]
Event: 9.909 Thread 0x0000023e3ad43940 Exception <a 'sun/nio/fs/WindowsException'{0x0000000087469348}> (0x0000000087469348) 
thrown [s\src\hotspot\share\prims\jni.cpp, line 517]
Event: 9.909 Thread 0x0000023e3ad43940 Exception <a 'sun/nio/fs/WindowsException'{0x000000008746a1d8}> (0x000000008746a1d8) 
thrown [s\src\hotspot\share\prims\jni.cpp, line 517]
Event: 9.911 Thread 0x0000023e3ad43940 Exception <a 'sun/nio/fs/WindowsException'{0x000000008746af50}> (0x000000008746af50) 
thrown [s\src\hotspot\share\prims\jni.cpp, line 517]
Event: 9.911 Thread 0x0000023e3ad43940 Exception <a 'sun/nio/fs/WindowsException'{0x00000000874818c0}> (0x00000000874818c0) 
thrown [s\src\hotspot\share\prims\jni.cpp, line 517]
Event: 9.920 Thread 0x0000023e3ad43940 Exception <a 'java/lang/NoSuchMethodError'{0x00000000873ee0f8}: static Lcom/android/builder/internal/aapt/AaptOptions;.<clinit>()V> (0x00000000873ee0f8) 
thrown [s\src\hotspot\share\prims\jni.cpp, line 1108]
Event: 9.921 Thread 0x0000023e3ad43940 Exception <a 'java/lang/NoSuchMethodError'{0x0000000087225610}: static [Ljava/lang/Object;.<clinit>()V> (0x0000000087225610) 
thrown [s\src\hotspot\share\prims\jni.cpp, line 1108]
Event: 9.922 Thread 0x0000023e3ad43940 Exception <a 'java/lang/NoSuchMethodError'{0x0000000087237920}: static Ljava/lang/Object;.<clinit>()V> (0x0000000087237920) 
thrown [s\src\hotspot\share\prims\jni.cpp, line 1108]
Event: 9.923 Thread 0x0000023e3ad43940 Exception <a 'java/lang/NoSuchMethodError'{0x0000000087258930}: static Lcom/android/build/api/variant/impl/VariantOutputImpl$SerializedForm;.<clinit>()V> (0x0000000087258930) 
thrown [s\src\hotspot\share\prims\jni.cpp, line 1108]
Event: 9.923 Thread 0x0000023e3ad43940 Exception <a 'java/lang/NoSuchMethodError'{0x000000008726c810}: static Lcom/android/build/api/variant/impl/VariantOutputConfigurationImpl;.<clinit>()V> (0x000000008726c810) 
thrown [s\src\hotspot\share\prims\jni.cpp, line 1108]
Event: 10.408 Thread 0x0000023e3ad46490 Exception <a 'sun/nio/fs/WindowsException'{0x000000008aa2c4c0}> (0x000000008aa2c4c0) 
thrown [s\src\hotspot\share\prims\jni.cpp, line 517]
Event: 10.545 Thread 0x0000023e3ad45fc0 Exception <a 'java/lang/NoSuchMethodError'{0x000000008ad541a0}: 'void java.lang.invoke.DirectMethodHandle$Holder.invokeStatic(java.lang.Object, long)'> (0x000000008ad541a0) 
thrown [s\src\hotspot\share\interpreter\linkResolver.cpp, line 771]
Event: 10.548 Thread 0x0000023e3ad45fc0 Exception <a 'java/lang/NoSuchMethodError'{0x000000008ad597f8}: 'java.lang.Object java.lang.invoke.DirectMethodHandle$Holder.newInvokeSpecial(java.lang.Object, long)'> (0x000000008ad597f8) 
thrown [s\src\hotspot\share\interpreter\linkResolver.cpp, line 771]
Event: 10.551 Thread 0x0000023e3ad45fc0 Exception <a 'java/lang/NoSuchMethodError'{0x000000008ad60660}: 'java.lang.Object java.lang.invoke.DirectMethodHandle$Holder.invokeStatic(java.lang.Object, java.lang.Object, long, java.lang.Object)'> (0x000000008ad60660) 
thrown [s\src\hotspot\share\interpreter\linkResolver.cpp, line 771]
Event: 10.552 Thread 0x0000023e3ad45fc0 Exception <a 'java/lang/NoSuchMethodError'{0x000000008ad643a0}: 'java.lang.Object java.lang.invoke.DirectMethodHandle$Holder.invokeStaticInit(java.lang.Object, java.lang.Object, long, java.lang.Object)'> (0x000000008ad643a0) 
thrown [s\src\hotspot\share\interpreter\linkResolver.cpp, line 771]
Event: 10.552 Thread 0x0000023e3ad45fc0 Exception <a 'java/lang/NoSuchMethodError'{0x000000008ad6ac60}: 'java.lang.Object java.lang.invoke.DirectMethodHandle$Holder.newInvokeSpecial(java.lang.Object, java.lang.Object, long)'> (0x000000008ad6ac60) 
thrown [s\src\hotspot\share\interpreter\linkResolver.cpp, line 771]
Event: 10.552 Thread 0x0000023e3ad45fc0 Exception <a 'java/lang/NoSuchMethodError'{0x000000008ad6ea78}: 'java.lang.Object java.lang.invoke.Invokers$Holder.linkToTargetMethod(java.lang.Object, long, java.lang.Object)'> (0x000000008ad6ea78) 
thrown [s\src\hotspot\share\interpreter\linkResolver.cpp, line 771]
Event: 10.566 Thread 0x0000023e3ad46490 Exception <a 'java/lang/NoSuchMethodError'{0x000000008ac2c788}: 'java.lang.Object java.lang.invoke.DirectMethodHandle$Holder.invokeStaticInit(java.lang.Object, java.lang.Object, java.lang.Object, java.lang.Object, java.lang.Object, java.lang.Object, java.lang.Object, java.lang.Object, java.lang.Object, java.lang.Object, java.lang.Object, java.lang.Object, java.lang.Object, java.lang.Object, java.lang.Object, java.lang.Object, java.lang.Object, java.lang.Object, int, java.lang.Object, java.lang.Object)'> (0

VM Operations (20 events):
Event: 10.199 Executing VM operation: HandshakeAllThreads done
Event: 10.224 Executing VM operation: G1CollectForAllocation
Event: 10.231 Executing VM operation: G1CollectForAllocation done
Event: 10.288 Executing VM operation: G1TryInitiateConcMark
Event: 10.293 Executing VM operation: G1TryInitiateConcMark done
Event: 10.372 Executing VM operation: G1Concurrent
Event: 10.375 Executing VM operation: G1Concurrent done
Event: 10.402 Executing VM operation: G1Concurrent
Event: 10.402 Executing VM operation: G1Concurrent done
Event: 10.416 Executing VM operation: HandshakeAllThreads
Event: 10.416 Executing VM operation: HandshakeAllThreads done
Event: 10.416 Executing VM operation: HandshakeAllThreads
Event: 10.416 Executing VM operation: HandshakeAllThreads done
Event: 10.448 Executing VM operation: HandshakeAllThreads
Event: 10.448 Executing VM operation: HandshakeAllThreads done
Event: 10.537 Executing VM operation: G1TryInitiateConcMark
Event: 10.544 Executing VM operation: G1TryInitiateConcMark done
Event: 10.554 Executing VM operation: HandshakeAllThreads
Event: 10.554 Executing VM operation: HandshakeAllThreads done
Event: 10.629 Executing VM operation: G1Concurrent

Events (20 events):
Event: 10.523 loading class java/util/concurrent/Executors$DelegatedExecutorService
Event: 10.523 loading class java/util/concurrent/Executors$DelegatedExecutorService done
Event: 10.523 loading class java/util/concurrent/Executors$DelegatedScheduledExecutorService done
Event: 10.524 Thread 0x0000023e37f3aeb0 Thread added: 0x0000023e37f3aeb0
Event: 10.525 loading class java/lang/ProcessBuilder
Event: 10.526 loading class java/lang/ProcessBuilder done
Event: 10.526 loading class java/lang/ProcessImpl
Event: 10.527 loading class java/lang/ProcessImpl done
Event: 10.536 loading class java/nio/BufferUnderflowException
Event: 10.536 loading class java/nio/BufferUnderflowException done
Event: 10.548 loading class java/lang/ProcessHandleImpl
Event: 10.549 loading class java/lang/ProcessHandleImpl done
Event: 10.553 loading class java/lang/ProcessImpl$2
Event: 10.553 loading class java/lang/ProcessImpl$2 done
Event: 10.553 loading class java/lang/Process$PipeInputStream
Event: 10.553 loading class java/lang/Process$PipeInputStream done
Event: 10.555 loading class jdk/internal/event/ProcessStartEvent
Event: 10.555 loading class jdk/internal/event/ProcessStartEvent done
Event: 10.557 Thread 0x0000023e37f3d060 Thread added: 0x0000023e37f3d060
Event: 10.557 Thread 0x0000023e3ca3bc00 Thread added: 0x0000023e3ca3bc00


Dynamic libraries:
0x00007ff7454b0000 - 0x00007ff7454ba000 	C:\Program Files\Android\Android Studio1\jbr\bin\java.exe
0x00007ffcffe10000 - 0x00007ffd00024000 	C:\WINDOWS\SYSTEM32\ntdll.dll
0x00007ffcfe240000 - 0x00007ffcfe304000 	C:\WINDOWS\System32\KERNEL32.DLL
0x00007ffcfd780000 - 0x00007ffcfdb24000 	C:\WINDOWS\System32\KERNELBASE.dll
0x00007ffcfd450000 - 0x00007ffcfd561000 	C:\WINDOWS\System32\ucrtbase.dll
0x00007ffcf7740000 - 0x00007ffcf7757000 	C:\Program Files\Android\Android Studio1\jbr\bin\jli.dll
0x00007ffce4e20000 - 0x00007ffce4e3b000 	C:\Program Files\Android\Android Studio1\jbr\bin\VCRUNTIME140.dll
0x00007ffcfdf90000 - 0x00007ffcfe13a000 	C:\WINDOWS\System32\USER32.dll
0x00007ffcfd6e0000 - 0x00007ffcfd706000 	C:\WINDOWS\System32\win32u.dll
0x00007ffcffb30000 - 0x00007ffcffb59000 	C:\WINDOWS\System32\GDI32.dll
0x00007ffce64a0000 - 0x00007ffce672f000 	C:\WINDOWS\WinSxS\amd64_microsoft.windows.common-controls_6595b64144ccf1df_6.0.22621.2070_none_2713e6537381f706\COMCTL32.dll
0x00007ffcfd270000 - 0x00007ffcfd389000 	C:\WINDOWS\System32\gdi32full.dll
0x00007ffcfdb30000 - 0x00007ffcfdbca000 	C:\WINDOWS\System32\msvcp_win.dll
0x00007ffcffb60000 - 0x00007ffcffc07000 	C:\WINDOWS\System32\msvcrt.dll
0x00007ffcfde50000 - 0x00007ffcfde81000 	C:\WINDOWS\System32\IMM32.DLL
0x00007ffceb670000 - 0x00007ffceb67c000 	C:\Program Files\Android\Android Studio1\jbr\bin\vcruntime140_1.dll
0x00007ffcc37e0000 - 0x00007ffcc386d000 	C:\Program Files\Android\Android Studio1\jbr\bin\msvcp140.dll
0x00007ffcad290000 - 0x00007ffcadefe000 	C:\Program Files\Android\Android Studio1\jbr\bin\server\jvm.dll
0x00007ffcfedd0000 - 0x00007ffcfee80000 	C:\WINDOWS\System32\ADVAPI32.dll
0x00007ffcffa80000 - 0x00007ffcffb26000 	C:\WINDOWS\System32\sechost.dll
0x00007ffcfdc60000 - 0x00007ffcfdd77000 	C:\WINDOWS\System32\RPCRT4.dll
0x00007ffcf87d0000 - 0x00007ffcf87d9000 	C:\WINDOWS\SYSTEM32\WSOCK32.dll
0x00007ffcfe310000 - 0x00007ffcfe381000 	C:\WINDOWS\System32\WS2_32.dll
0x00007ffcf54d0000 - 0x00007ffcf5504000 	C:\WINDOWS\SYSTEM32\WINMM.dll
0x00007ffceee50000 - 0x00007ffceee5a000 	C:\WINDOWS\SYSTEM32\VERSION.dll
0x00007ffcfc320000 - 0x00007ffcfc338000 	C:\WINDOWS\SYSTEM32\kernel.appcore.dll
0x00007ffcf87c0000 - 0x00007ffcf87ca000 	C:\Program Files\Android\Android Studio1\jbr\bin\jimage.dll
0x00007ffcfa6a0000 - 0x00007ffcfa8ce000 	C:\WINDOWS\SYSTEM32\DBGHELP.DLL
0x00007ffcfe390000 - 0x00007ffcfe71a000 	C:\WINDOWS\System32\combase.dll
0x00007ffcfe7b0000 - 0x00007ffcfe887000 	C:\WINDOWS\System32\OLEAUT32.dll
0x00007ffceedd0000 - 0x00007ffceee02000 	C:\WINDOWS\SYSTEM32\dbgcore.DLL
0x00007ffcfd1f0000 - 0x00007ffcfd26a000 	C:\WINDOWS\System32\bcryptPrimitives.dll
0x00007ffcf8790000 - 0x00007ffcf87b5000 	C:\Program Files\Android\Android Studio1\jbr\bin\java.dll
0x00007ffcf8770000 - 0x00007ffcf8788000 	C:\Program Files\Android\Android Studio1\jbr\bin\zip.dll
0x00007ffcfef00000 - 0x00007ffcff716000 	C:\WINDOWS\System32\SHELL32.dll
0x00007ffcfb1d0000 - 0x00007ffcfbaba000 	C:\WINDOWS\SYSTEM32\windows.storage.dll
0x00007ffcfb090000 - 0x00007ffcfb1ce000 	C:\WINDOWS\SYSTEM32\wintypes.dll
0x00007ffcfde90000 - 0x00007ffcfdf83000 	C:\WINDOWS\System32\SHCORE.dll
0x00007ffcff720000 - 0x00007ffcff77e000 	C:\WINDOWS\System32\shlwapi.dll
0x00007ffcfd120000 - 0x00007ffcfd146000 	C:\WINDOWS\SYSTEM32\profapi.dll
0x00007ffcf8750000 - 0x00007ffcf8769000 	C:\Program Files\Android\Android Studio1\jbr\bin\net.dll
0x00007ffcf5e30000 - 0x00007ffcf5f67000 	C:\WINDOWS\SYSTEM32\WINHTTP.dll
0x00007ffcfc7a0000 - 0x00007ffcfc809000 	C:\WINDOWS\system32\mswsock.dll
0x00007ffcf8730000 - 0x00007ffcf8746000 	C:\Program Files\Android\Android Studio1\jbr\bin\nio.dll
0x00007ffcf7a70000 - 0x00007ffcf7a80000 	C:\Program Files\Android\Android Studio1\jbr\bin\verify.dll
0x00007ffce3180000 - 0x00007ffce31a7000 	F:\AndroidStudio\ToDoListAndroidMVP-master\ToDoListAndroidMVP-master\app\native\e1d6ef7f7dcc3fd88c89a11ec53ec762bb8ba0a96d01ffa2cd45eb1d1d8dd5c5\windows-amd64\native-platform.dll
0x00007ffcb1e40000 - 0x00007ffcb1f84000 	F:\AndroidStudio\ToDoListAndroidMVP-master\ToDoListAndroidMVP-master\app\native\5664cfc778a61ccfe75a443a1ab52a65af34e5dc3c78e0209fed803814484fcb\windows-amd64\native-platform-file-events.dll
0x00007ffcf7a60000 - 0x00007ffcf7a69000 	C:\Program Files\Android\Android Studio1\jbr\bin\management.dll
0x00007ffcf7a50000 - 0x00007ffcf7a5b000 	C:\Program Files\Android\Android Studio1\jbr\bin\management_ext.dll
0x00007ffcfdd80000 - 0x00007ffcfdd88000 	C:\WINDOWS\System32\PSAPI.DLL
0x00007ffcfc9f0000 - 0x00007ffcfca0b000 	C:\WINDOWS\SYSTEM32\CRYPTSP.dll
0x00007ffcfc290000 - 0x00007ffcfc2c5000 	C:\WINDOWS\system32\rsaenh.dll
0x00007ffcfc890000 - 0x00007ffcfc8bc000 	C:\WINDOWS\SYSTEM32\USERENV.dll
0x00007ffcfcb90000 - 0x00007ffcfcbb8000 	C:\WINDOWS\SYSTEM32\bcrypt.dll
0x00007ffcfca10000 - 0x00007ffcfca1c000 	C:\WINDOWS\SYSTEM32\CRYPTBASE.dll
0x00007ffcfbd90000 - 0x00007ffcfbdbd000 	C:\WINDOWS\SYSTEM32\IPHLPAPI.DLL
0x00007ffcffa50000 - 0x00007ffcffa59000 	C:\WINDOWS\System32\NSI.dll
0x00007ffcf6210000 - 0x00007ffcf6229000 	C:\WINDOWS\SYSTEM32\dhcpcsvc6.DLL
0x00007ffcf5a30000 - 0x00007ffcf5a4f000 	C:\WINDOWS\SYSTEM32\dhcpcsvc.DLL
0x00007ffcfbe00000 - 0x00007ffcfbef3000 	C:\WINDOWS\SYSTEM32\DNSAPI.dll
0x00007ffcf79d0000 - 0x00007ffcf79d8000 	C:\WINDOWS\system32\wshunix.dll

dbghelp: loaded successfully - version: 4.0.5 - missing functions: none
symbol engine: initialized successfully - sym options: 0x614 - pdb path: .;C:\Program Files\Android\Android Studio1\jbr\bin;C:\WINDOWS\SYSTEM32;C:\WINDOWS\WinSxS\amd64_microsoft.windows.common-controls_6595b64144ccf1df_6.0.22621.2070_none_2713e6537381f706;C:\Program Files\Android\Android Studio1\jbr\bin\server;F:\AndroidStudio\ToDoListAndroidMVP-master\ToDoListAndroidMVP-master\app\native\e1d6ef7f7dcc3fd88c89a11ec53ec762bb8ba0a96d01ffa2cd45eb1d1d8dd5c5\windows-amd64;F:\AndroidStudio\ToDoListAndroidMVP-master\ToDoListAndroidMVP-master\app\native\5664cfc778a61ccfe75a443a1ab52a65af34e5dc3c78e0209fed803814484fcb\windows-amd64

VM Arguments:
jvm_args: --add-opens=java.base/java.util=ALL-UNNAMED --add-opens=java.base/java.lang=ALL-UNNAMED --add-opens=java.base/java.lang.invoke=ALL-UNNAMED --add-opens=java.base/java.util=ALL-UNNAMED --add-opens=java.prefs/java.util.prefs=ALL-UNNAMED --add-opens=java.prefs/java.util.prefs=ALL-UNNAMED --add-opens=java.base/java.nio.charset=ALL-UNNAMED --add-opens=java.base/java.net=ALL-UNNAMED --add-opens=java.base/java.util.concurrent.atomic=ALL-UNNAMED -Xmx2048m -Dfile.encoding=UTF-8 -Duser.country=ID -Duser.language=en -Duser.variant 
java_command: org.gradle.launcher.daemon.bootstrap.GradleDaemon 7.2
java_class_path (initial): F:\AndroidStudio\ToDoListAndroidMVP-master\ToDoListAndroidMVP-master\app\wrapper\dists\gradle-7.2-bin\2dnblmf4td7x66yl1d74lt32g\gradle-7.2\lib\gradle-launcher-7.2.jar
Launcher Type: SUN_STANDARD

[Global flags]
     intx CICompilerCount                          = 4                                         {product} {ergonomic}
     uint ConcGCThreads                            = 2                                         {product} {ergonomic}
     uint G1ConcRefinementThreads                  = 8                                         {product} {ergonomic}
   size_t G1HeapRegionSize                         = 1048576                                   {product} {ergonomic}
    uintx GCDrainStackTargetSize                   = 64                                        {product} {ergonomic}
   size_t InitialHeapSize                          = 132120576                                 {product} {ergonomic}
   size_t MarkStackSize                            = 4194304                                   {product} {ergonomic}
   size_t MaxHeapSize                              = 2147483648                                {product} {command line}
   size_t MaxNewSize                               = 1287651328                                {product} {ergonomic}
   size_t MinHeapDeltaBytes                        = 1048576                                   {product} {ergonomic}
   size_t MinHeapSize                              = 8388608                                   {product} {ergonomic}
    uintx NonNMethodCodeHeapSize                   = 5839372                                {pd product} {ergonomic}
    uintx NonProfiledCodeHeapSize                  = 122909434                              {pd product} {ergonomic}
    uintx ProfiledCodeHeapSize                     = 122909434                              {pd product} {ergonomic}
    uintx ReservedCodeCacheSize                    = 251658240                              {pd product} {ergonomic}
     bool SegmentedCodeCache                       = true                                      {product} {ergonomic}
   size_t SoftMaxHeapSize                          = 2147483648                             {manageable} {ergonomic}
     bool UseCompressedClassPointers               = true                           {product lp64_product} {ergonomic}
     bool UseCompressedOops                        = true                           {product lp64_product} {ergonomic}
     bool UseG1GC                                  = true                                      {product} {ergonomic}
     bool UseLargePagesIndividualAllocation        = false                                  {pd product} {ergonomic}

Logging:
Log output configuration:
 #0: stdout all=warning uptime,level,tags
 #1: stderr all=off uptime,level,tags

Environment Variables:
JAVA_HOME=C:\Program Files (x86)\Java\jdk1.8.0_31\bin
PATH=C:\Program Files (x86)\VMware\VMware Player\bin\;C:\Program Files (x86)\Common Files\Intel\Shared Libraries\redist\intel64\compiler;C:\Program Files (x86)\Common Files\Oracle\Java\javapath;C:\ProgramData\Oracle\Java\javapath;C:\Windows\system32;C:\Windows;C:\Windows\System32\Wbem;C:\Windows\System32\WindowsPowerShell\v1.0\;C:\Windows\System32\OpenSSH\;C:\Program Files (x86)\NVIDIA Corporation\PhysX\Common;C:\Program Files\NVIDIA Corporation\NVIDIA NvDLISR;C:\Program Files\Microsoft\Web Platform Installer\;C:\Program Files (x86)\Microsoft ASP.NET\ASP.NET Web Pages\v1.0\;C:\Program Files (x86)\Windows Kits\8.0\Windows Performance Toolkit\;C:\Program Files\Microsoft SQL Server\110\Tools\Binn\;C:\Users\Tomo\AppData\Local\Programs\Python\Python39\Scripts;C:\WINDOWS\system32;C:\WINDOWS;C:\WINDOWS\System32\Wbem;C:\WINDOWS\System32\WindowsPowerShell\v1.0\;C:\WINDOWS\System32\OpenSSH\;C:\Program Files (x86)\Java\jdk1.8.0_31\bin;C:\Program Files\MySQL\MySQL Server 8.0\bin;C:\Program Files\MySQL\MySQL Shell 8.0\bin\;C:\Users\Tomo\AppData\Local\Microsoft\WindowsApps;C:\Users\Tomo\AppData\Local\Programs\Microsoft VS Code\bin;F:\php-8.1.11-Win32-vs16-x64;C:\Users\Tomo\AppData\Local\GitHubDesktop\bin
USERNAME=Tomo
OS=Windows_NT
PROCESSOR_IDENTIFIER=Intel64 Family 6 Model 165 Stepping 2, GenuineIntel
TMP=C:\Users\Tomo\AppData\Local\Temp
TEMP=C:\Users\Tomo\AppData\Local\Temp


JNI global refs:
JNI global refs: 25, weak refs: 8

JNI global refs memory usage: 843, weak refs: 841


---------------  S Y S T E M  ---------------

OS:
 Windows 11 , 64 bit Build 22621 (10.0.22621.2070)
OS uptime: 0 days 3:32 hours

CPU: total 8 (initial active 8) (4 cores per cpu, 2 threads per core) family 6 model 165 stepping 2 microcode 0xe2, cx8, cmov, fxsr, ht, mmx, 3dnowpref, sse, sse2, sse3, ssse3, sse4.1, sse4.2, popcnt, lzcnt, tsc, tscinvbit, avx, avx2, aes, erms, clmul, bmi1, bmi2, adx, fma, vzeroupper, clflush, clflushopt

Memory: 4k page, system-wide physical 8060M (265M free)
TotalPageFile size 20560M (AvailPageFile size 61M)
current process WorkingSet (physical memory assigned to process): 393M, peak: 393M
current process commit charge ("private bytes"): 441M, peak: 491M

vm_info: OpenJDK 64-Bit Server VM (17.0.6+0-b2043.56-10027231) for windows-amd64 JRE (17.0.6+0-b2043.56-10027231), built on Apr 28 2023 00:43:19 by "androidbuild" with MS VC++ 16.10 / 16.11 (VS2019)

END.
